{"C:\\scratchpad\\purple-glow-social-2.0\\drizzle\\db.ts": {"path":"C:\\scratchpad\\purple-glow-social-2.0\\drizzle\\db.ts","statementMap":{"0":{"start":{"line":7,"column":0},"end":{"line":7,"column":null}},"1":{"start":{"line":10,"column":20},"end":{"line":10,"column":null}},"2":{"start":{"line":13,"column":6},"end":{"line":13,"column":null}},"3":{"start":{"line":14,"column":13},"end":{"line":14,"column":null}},"4":{"start":{"line":17,"column":13},"end":{"line":23,"column":null}},"5":{"start":{"line":24,"column":13},"end":{"line":24,"column":null}},"6":{"start":{"line":31,"column":2},"end":{"line":41,"column":null}},"7":{"start":{"line":33,"column":23},"end":{"line":33,"column":null}},"8":{"start":{"line":34,"column":20},"end":{"line":34,"column":null}},"9":{"start":{"line":34,"column":37},"end":{"line":34,"column":57}},"10":{"start":{"line":35,"column":4},"end":{"line":35,"column":null}},"11":{"start":{"line":36,"column":4},"end":{"line":36,"column":null}},"12":{"start":{"line":37,"column":4},"end":{"line":37,"column":null}},"13":{"start":{"line":39,"column":20},"end":{"line":39,"column":null}},"14":{"start":{"line":40,"column":4},"end":{"line":40,"column":null}},"15":{"start":{"line":48,"column":2},"end":{"line":48,"column":null}},"16":{"start":{"line":48,"column":43},"end":{"line":48,"column":null}},"17":{"start":{"line":49,"column":14},"end":{"line":49,"column":null}},"18":{"start":{"line":50,"column":16},"end":{"line":50,"column":null}},"19":{"start":{"line":52,"column":2},"end":{"line":59,"column":null}},"20":{"start":{"line":70,"column":19},"end":{"line":70,"column":null}},"21":{"start":{"line":71,"column":20},"end":{"line":71,"column":null}},"22":{"start":{"line":74,"column":2},"end":{"line":93,"column":null}},"23":{"start":{"line":74,"column":15},"end":{"line":74,"column":18}},"24":{"start":{"line":75,"column":23},"end":{"line":75,"column":null}},"25":{"start":{"line":76,"column":18},"end":{"line":76,"column":null}},"26":{"start":{"line":76,"column":35},"end":{"line":76,"column":55}},"27":{"start":{"line":77,"column":4},"end":{"line":92,"column":null}},"28":{"start":{"line":79,"column":21},"end":{"line":79,"column":null}},"29":{"start":{"line":80,"column":6},"end":{"line":80,"column":null}},"30":{"start":{"line":81,"column":6},"end":{"line":81,"column":null}},"31":{"start":{"line":83,"column":6},"end":{"line":83,"column":null}},"32":{"start":{"line":84,"column":6},"end":{"line":84,"column":null}},"33":{"start":{"line":85,"column":6},"end":{"line":90,"column":null}},"34":{"start":{"line":87,"column":22},"end":{"line":87,"column":null}},"35":{"start":{"line":88,"column":8},"end":{"line":88,"column":null}},"36":{"start":{"line":88,"column":33},"end":{"line":88,"column":53}},"37":{"start":{"line":89,"column":8},"end":{"line":89,"column":null}},"38":{"start":{"line":91,"column":6},"end":{"line":91,"column":null}},"39":{"start":{"line":95,"column":2},"end":{"line":95,"column":null}}},"fnMap":{"0":{"name":"healthCheck","decl":{"start":{"line":30,"column":22},"end":{"line":30,"column":80}},"loc":{"start":{"line":30,"column":80},"end":{"line":42,"column":null}},"line":30},"1":{"name":"(anonymous_1)","decl":{"start":{"line":34,"column":31},"end":{"line":34,"column":37}},"loc":{"start":{"line":34,"column":37},"end":{"line":34,"column":57}},"line":34},"2":{"name":"isTransientNeonError","decl":{"start":{"line":47,"column":16},"end":{"line":47,"column":37}},"loc":{"start":{"line":47,"column":62},"end":{"line":61,"column":null}},"line":47},"3":{"name":"withDbTimeoutRetry","decl":{"start":{"line":66,"column":22},"end":{"line":66,"column":null}},"loc":{"start":{"line":69,"column":14},"end":{"line":96,"column":null}},"line":69},"4":{"name":"(anonymous_4)","decl":{"start":{"line":76,"column":29},"end":{"line":76,"column":35}},"loc":{"start":{"line":76,"column":35},"end":{"line":76,"column":55}},"line":76},"5":{"name":"(anonymous_5)","decl":{"start":{"line":88,"column":26},"end":{"line":88,"column":27}},"loc":{"start":{"line":88,"column":33},"end":{"line":88,"column":53}},"line":88}},"branchMap":{"0":{"loc":{"start":{"line":10,"column":20},"end":{"line":10,"column":null}},"type":"binary-expr","locations":[{"start":{"line":10,"column":20},"end":{"line":10,"column":48}},{"start":{"line":10,"column":48},"end":{"line":10,"column":null}}],"line":10},"1":{"loc":{"start":{"line":39,"column":20},"end":{"line":39,"column":null}},"type":"cond-expr","locations":[{"start":{"line":39,"column":43},"end":{"line":39,"column":57}},{"start":{"line":39,"column":57},"end":{"line":39,"column":null}}],"line":39},"2":{"loc":{"start":{"line":48,"column":2},"end":{"line":48,"column":null}},"type":"if","locations":[{"start":{"line":48,"column":2},"end":{"line":48,"column":null}},{"start":{},"end":{}}],"line":48},"3":{"loc":{"start":{"line":48,"column":6},"end":{"line":48,"column":43}},"type":"binary-expr","locations":[{"start":{"line":48,"column":6},"end":{"line":48,"column":16}},{"start":{"line":48,"column":16},"end":{"line":48,"column":43}}],"line":48},"4":{"loc":{"start":{"line":49,"column":22},"end":{"line":49,"column":49}},"type":"binary-expr","locations":[{"start":{"line":49,"column":22},"end":{"line":49,"column":47}},{"start":{"line":49,"column":47},"end":{"line":49,"column":49}}],"line":49},"5":{"loc":{"start":{"line":53,"column":4},"end":{"line":59,"column":null}},"type":"binary-expr","locations":[{"start":{"line":53,"column":4},"end":{"line":53,"column":null}},{"start":{"line":54,"column":4},"end":{"line":54,"column":null}},{"start":{"line":55,"column":4},"end":{"line":55,"column":null}},{"start":{"line":56,"column":4},"end":{"line":56,"column":null}},{"start":{"line":57,"column":4},"end":{"line":57,"column":null}},{"start":{"line":58,"column":4},"end":{"line":58,"column":null}},{"start":{"line":59,"column":4},"end":{"line":59,"column":null}}],"line":53},"6":{"loc":{"start":{"line":68,"column":2},"end":{"line":68,"column":null}},"type":"default-arg","locations":[{"start":{"line":68,"column":52},"end":{"line":68,"column":null}}],"line":68},"7":{"loc":{"start":{"line":70,"column":31},"end":{"line":70,"column":49}},"type":"binary-expr","locations":[{"start":{"line":70,"column":31},"end":{"line":70,"column":48}},{"start":{"line":70,"column":48},"end":{"line":70,"column":49}}],"line":70},"8":{"loc":{"start":{"line":71,"column":36},"end":{"line":71,"column":60}},"type":"binary-expr","locations":[{"start":{"line":71,"column":36},"end":{"line":71,"column":54}},{"start":{"line":71,"column":54},"end":{"line":71,"column":60}}],"line":71},"9":{"loc":{"start":{"line":85,"column":6},"end":{"line":90,"column":null}},"type":"if","locations":[{"start":{"line":85,"column":6},"end":{"line":90,"column":null}},{"start":{},"end":{}}],"line":85},"10":{"loc":{"start":{"line":85,"column":10},"end":{"line":85,"column":57}},"type":"binary-expr","locations":[{"start":{"line":85,"column":10},"end":{"line":85,"column":30}},{"start":{"line":85,"column":30},"end":{"line":85,"column":57}}],"line":85}},"s":{"0":1,"1":1,"2":1,"3":1,"4":1,"5":1,"6":0,"7":0,"8":0,"9":0,"10":0,"11":0,"12":0,"13":0,"14":0,"15":0,"16":0,"17":0,"18":0,"19":0,"20":0,"21":0,"22":0,"23":0,"24":0,"25":0,"26":0,"27":0,"28":0,"29":0,"30":0,"31":0,"32":0,"33":0,"34":0,"35":0,"36":0,"37":0,"38":0,"39":0},"f":{"0":0,"1":0,"2":0,"3":0,"4":0,"5":0},"b":{"0":[1,0],"1":[0,0],"2":[0,0],"3":[0,0],"4":[0,0],"5":[0,0,0,0,0,0,0],"6":[0],"7":[0,0],"8":[0,0],"9":[0,0],"10":[0,0]},"meta":{"lastBranch":11,"lastFunction":6,"lastStatement":40,"seen":{"s:7:0:7:Infinity":0,"s:10:20:10:Infinity":1,"b:10:20:10:48:10:48:10:Infinity":0,"s:13:6:13:Infinity":2,"s:14:13:14:Infinity":3,"s:17:13:23:Infinity":4,"s:24:13:24:Infinity":5,"f:30:22:30:80":0,"s:31:2:41:Infinity":6,"s:33:23:33:Infinity":7,"s:34:20:34:Infinity":8,"f:34:31:34:37":1,"s:34:37:34:57":9,"s:35:4:35:Infinity":10,"s:36:4:36:Infinity":11,"s:37:4:37:Infinity":12,"s:39:20:39:Infinity":13,"b:39:43:39:57:39:57:39:Infinity":1,"s:40:4:40:Infinity":14,"f:47:16:47:37":2,"b:48:2:48:Infinity:undefined:undefined:undefined:undefined":2,"s:48:2:48:Infinity":15,"b:48:6:48:16:48:16:48:43":3,"s:48:43:48:Infinity":16,"s:49:14:49:Infinity":17,"b:49:22:49:47:49:47:49:49":4,"s:50:16:50:Infinity":18,"s:52:2:59:Infinity":19,"b:53:4:53:Infinity:54:4:54:Infinity:55:4:55:Infinity:56:4:56:Infinity:57:4:57:Infinity:58:4:58:Infinity:59:4:59:Infinity":5,"f:66:22:66:Infinity":3,"b:68:52:68:Infinity":6,"s:70:19:70:Infinity":20,"b:70:31:70:48:70:48:70:49":7,"s:71:20:71:Infinity":21,"b:71:36:71:54:71:54:71:60":8,"s:74:2:93:Infinity":22,"s:74:15:74:18":23,"s:75:23:75:Infinity":24,"s:76:18:76:Infinity":25,"f:76:29:76:35":4,"s:76:35:76:55":26,"s:77:4:92:Infinity":27,"s:79:21:79:Infinity":28,"s:80:6:80:Infinity":29,"s:81:6:81:Infinity":30,"s:83:6:83:Infinity":31,"s:84:6:84:Infinity":32,"b:85:6:90:Infinity:undefined:undefined:undefined:undefined":9,"s:85:6:90:Infinity":33,"b:85:10:85:30:85:30:85:57":10,"s:87:22:87:Infinity":34,"s:88:8:88:Infinity":35,"f:88:26:88:27":5,"s:88:33:88:53":36,"s:89:8:89:Infinity":37,"s:91:6:91:Infinity":38,"s:95:2:95:Infinity":39}}}
,"C:\\scratchpad\\purple-glow-social-2.0\\drizzle\\schema.ts": {"path":"C:\\scratchpad\\purple-glow-social-2.0\\drizzle\\schema.ts","statementMap":{"0":{"start":{"line":3,"column":13},"end":{"line":3,"column":null}},"1":{"start":{"line":4,"column":13},"end":{"line":4,"column":null}},"2":{"start":{"line":5,"column":13},"end":{"line":5,"column":null}},"3":{"start":{"line":6,"column":13},"end":{"line":6,"column":null}},"4":{"start":{"line":7,"column":13},"end":{"line":7,"column":null}},"5":{"start":{"line":8,"column":13},"end":{"line":8,"column":null}},"6":{"start":{"line":9,"column":13},"end":{"line":9,"column":null}},"7":{"start":{"line":10,"column":13},"end":{"line":10,"column":null}},"8":{"start":{"line":11,"column":13},"end":{"line":11,"column":null}},"9":{"start":{"line":12,"column":13},"end":{"line":12,"column":null}},"10":{"start":{"line":13,"column":13},"end":{"line":13,"column":null}},"11":{"start":{"line":14,"column":13},"end":{"line":14,"column":null}},"12":{"start":{"line":15,"column":13},"end":{"line":15,"column":null}},"13":{"start":{"line":18,"column":13},"end":{"line":32,"column":null}},"14":{"start":{"line":34,"column":13},"end":{"line":43,"column":null}},"15":{"start":{"line":42,"column":53},"end":{"line":42,"column":60}},"16":{"start":{"line":45,"column":13},"end":{"line":59,"column":null}},"17":{"start":{"line":49,"column":53},"end":{"line":49,"column":60}},"18":{"start":{"line":61,"column":13},"end":{"line":68,"column":null}},"19":{"start":{"line":70,"column":13},"end":{"line":86,"column":null}},"20":{"start":{"line":72,"column":53},"end":{"line":72,"column":60}},"21":{"start":{"line":88,"column":13},"end":{"line":95,"column":null}},"22":{"start":{"line":90,"column":53},"end":{"line":90,"column":60}},"23":{"start":{"line":98,"column":13},"end":{"line":114,"column":null}},"24":{"start":{"line":100,"column":53},"end":{"line":100,"column":62}},"25":{"start":{"line":117,"column":13},"end":{"line":130,"column":null}},"26":{"start":{"line":119,"column":53},"end":{"line":119,"column":62}},"27":{"start":{"line":133,"column":13},"end":{"line":147,"column":null}},"28":{"start":{"line":135,"column":53},"end":{"line":135,"column":62}},"29":{"start":{"line":150,"column":13},"end":{"line":160,"column":null}},"30":{"start":{"line":165,"column":13},"end":{"line":173,"column":null}},"31":{"start":{"line":167,"column":53},"end":{"line":167,"column":62}},"32":{"start":{"line":168,"column":43},"end":{"line":168,"column":53}},"33":{"start":{"line":176,"column":13},"end":{"line":186,"column":null}},"34":{"start":{"line":178,"column":53},"end":{"line":178,"column":62}},"35":{"start":{"line":189,"column":13},"end":{"line":198,"column":null}},"36":{"start":{"line":191,"column":53},"end":{"line":191,"column":62}},"37":{"start":{"line":201,"column":13},"end":{"line":210,"column":null}},"38":{"start":{"line":203,"column":53},"end":{"line":203,"column":62}},"39":{"start":{"line":213,"column":13},"end":{"line":224,"column":null}},"40":{"start":{"line":256,"column":13},"end":{"line":284,"column":null}},"41":{"start":{"line":258,"column":53},"end":{"line":258,"column":63}},"42":{"start":{"line":259,"column":53},"end":{"line":259,"column":62}},"43":{"start":{"line":287,"column":13},"end":{"line":321,"column":null}},"44":{"start":{"line":289,"column":53},"end":{"line":289,"column":62}},"45":{"start":{"line":324,"column":13},"end":{"line":348,"column":null}},"46":{"start":{"line":326,"column":53},"end":{"line":326,"column":62}},"47":{"start":{"line":327,"column":43},"end":{"line":327,"column":53}},"48":{"start":{"line":351,"column":13},"end":{"line":382,"column":null}},"49":{"start":{"line":385,"column":13},"end":{"line":415,"column":null}},"50":{"start":{"line":387,"column":43},"end":{"line":387,"column":52}},"51":{"start":{"line":388,"column":43},"end":{"line":388,"column":53}}},"fnMap":{"0":{"name":"(anonymous_0)","decl":{"start":{"line":42,"column":47},"end":{"line":42,"column":53}},"loc":{"start":{"line":42,"column":53},"end":{"line":42,"column":60}},"line":42},"1":{"name":"(anonymous_1)","decl":{"start":{"line":49,"column":47},"end":{"line":49,"column":53}},"loc":{"start":{"line":49,"column":53},"end":{"line":49,"column":60}},"line":49},"2":{"name":"(anonymous_2)","decl":{"start":{"line":72,"column":47},"end":{"line":72,"column":53}},"loc":{"start":{"line":72,"column":53},"end":{"line":72,"column":60}},"line":72},"3":{"name":"(anonymous_3)","decl":{"start":{"line":90,"column":47},"end":{"line":90,"column":53}},"loc":{"start":{"line":90,"column":53},"end":{"line":90,"column":60}},"line":90},"4":{"name":"(anonymous_4)","decl":{"start":{"line":100,"column":47},"end":{"line":100,"column":53}},"loc":{"start":{"line":100,"column":53},"end":{"line":100,"column":62}},"line":100},"5":{"name":"(anonymous_5)","decl":{"start":{"line":119,"column":47},"end":{"line":119,"column":53}},"loc":{"start":{"line":119,"column":53},"end":{"line":119,"column":62}},"line":119},"6":{"name":"(anonymous_6)","decl":{"start":{"line":135,"column":47},"end":{"line":135,"column":53}},"loc":{"start":{"line":135,"column":53},"end":{"line":135,"column":62}},"line":135},"7":{"name":"(anonymous_7)","decl":{"start":{"line":167,"column":47},"end":{"line":167,"column":53}},"loc":{"start":{"line":167,"column":53},"end":{"line":167,"column":62}},"line":167},"8":{"name":"(anonymous_8)","decl":{"start":{"line":168,"column":37},"end":{"line":168,"column":43}},"loc":{"start":{"line":168,"column":43},"end":{"line":168,"column":53}},"line":168},"9":{"name":"(anonymous_9)","decl":{"start":{"line":178,"column":47},"end":{"line":178,"column":53}},"loc":{"start":{"line":178,"column":53},"end":{"line":178,"column":62}},"line":178},"10":{"name":"(anonymous_10)","decl":{"start":{"line":191,"column":47},"end":{"line":191,"column":53}},"loc":{"start":{"line":191,"column":53},"end":{"line":191,"column":62}},"line":191},"11":{"name":"(anonymous_11)","decl":{"start":{"line":203,"column":47},"end":{"line":203,"column":53}},"loc":{"start":{"line":203,"column":53},"end":{"line":203,"column":62}},"line":203},"12":{"name":"(anonymous_12)","decl":{"start":{"line":258,"column":47},"end":{"line":258,"column":53}},"loc":{"start":{"line":258,"column":53},"end":{"line":258,"column":63}},"line":258},"13":{"name":"(anonymous_13)","decl":{"start":{"line":259,"column":47},"end":{"line":259,"column":53}},"loc":{"start":{"line":259,"column":53},"end":{"line":259,"column":62}},"line":259},"14":{"name":"(anonymous_14)","decl":{"start":{"line":289,"column":47},"end":{"line":289,"column":53}},"loc":{"start":{"line":289,"column":53},"end":{"line":289,"column":62}},"line":289},"15":{"name":"(anonymous_15)","decl":{"start":{"line":326,"column":47},"end":{"line":326,"column":53}},"loc":{"start":{"line":326,"column":53},"end":{"line":326,"column":62}},"line":326},"16":{"name":"(anonymous_16)","decl":{"start":{"line":327,"column":37},"end":{"line":327,"column":43}},"loc":{"start":{"line":327,"column":43},"end":{"line":327,"column":53}},"line":327},"17":{"name":"(anonymous_17)","decl":{"start":{"line":387,"column":37},"end":{"line":387,"column":43}},"loc":{"start":{"line":387,"column":43},"end":{"line":387,"column":52}},"line":387},"18":{"name":"(anonymous_18)","decl":{"start":{"line":388,"column":37},"end":{"line":388,"column":43}},"loc":{"start":{"line":388,"column":43},"end":{"line":388,"column":53}},"line":388}},"branchMap":{},"s":{"0":2,"1":2,"2":2,"3":2,"4":2,"5":2,"6":2,"7":2,"8":2,"9":2,"10":2,"11":2,"12":2,"13":2,"14":2,"15":0,"16":2,"17":0,"18":2,"19":2,"20":0,"21":2,"22":0,"23":2,"24":0,"25":2,"26":0,"27":2,"28":0,"29":2,"30":2,"31":0,"32":0,"33":2,"34":0,"35":2,"36":0,"37":2,"38":0,"39":2,"40":2,"41":0,"42":0,"43":2,"44":0,"45":2,"46":0,"47":0,"48":2,"49":2,"50":0,"51":0},"f":{"0":0,"1":0,"2":0,"3":0,"4":0,"5":0,"6":0,"7":0,"8":0,"9":0,"10":0,"11":0,"12":0,"13":0,"14":0,"15":0,"16":0,"17":0,"18":0},"b":{},"meta":{"lastBranch":0,"lastFunction":19,"lastStatement":52,"seen":{"s:3:13:3:Infinity":0,"s:4:13:4:Infinity":1,"s:5:13:5:Infinity":2,"s:6:13:6:Infinity":3,"s:7:13:7:Infinity":4,"s:8:13:8:Infinity":5,"s:9:13:9:Infinity":6,"s:10:13:10:Infinity":7,"s:11:13:11:Infinity":8,"s:12:13:12:Infinity":9,"s:13:13:13:Infinity":10,"s:14:13:14:Infinity":11,"s:15:13:15:Infinity":12,"s:18:13:32:Infinity":13,"s:34:13:43:Infinity":14,"f:42:47:42:53":0,"s:42:53:42:60":15,"s:45:13:59:Infinity":16,"f:49:47:49:53":1,"s:49:53:49:60":17,"s:61:13:68:Infinity":18,"s:70:13:86:Infinity":19,"f:72:47:72:53":2,"s:72:53:72:60":20,"s:88:13:95:Infinity":21,"f:90:47:90:53":3,"s:90:53:90:60":22,"s:98:13:114:Infinity":23,"f:100:47:100:53":4,"s:100:53:100:62":24,"s:117:13:130:Infinity":25,"f:119:47:119:53":5,"s:119:53:119:62":26,"s:133:13:147:Infinity":27,"f:135:47:135:53":6,"s:135:53:135:62":28,"s:150:13:160:Infinity":29,"s:165:13:173:Infinity":30,"f:167:47:167:53":7,"s:167:53:167:62":31,"f:168:37:168:43":8,"s:168:43:168:53":32,"s:176:13:186:Infinity":33,"f:178:47:178:53":9,"s:178:53:178:62":34,"s:189:13:198:Infinity":35,"f:191:47:191:53":10,"s:191:53:191:62":36,"s:201:13:210:Infinity":37,"f:203:47:203:53":11,"s:203:53:203:62":38,"s:213:13:224:Infinity":39,"s:256:13:284:Infinity":40,"f:258:47:258:53":12,"s:258:53:258:63":41,"f:259:47:259:53":13,"s:259:53:259:62":42,"s:287:13:321:Infinity":43,"f:289:47:289:53":14,"s:289:53:289:62":44,"s:324:13:348:Infinity":45,"f:326:47:326:53":15,"s:326:53:326:62":46,"f:327:37:327:43":16,"s:327:43:327:53":47,"s:351:13:382:Infinity":48,"s:385:13:415:Infinity":49,"f:387:37:387:43":17,"s:387:43:387:52":50,"f:388:37:388:43":18,"s:388:43:388:53":51}}}
,"C:\\scratchpad\\purple-glow-social-2.0\\lib\\auth.ts": {"path":"C:\\scratchpad\\purple-glow-social-2.0\\lib\\auth.ts","statementMap":{"0":{"start":{"line":16,"column":0},"end":{"line":16,"column":null}},"1":{"start":{"line":19,"column":0},"end":{"line":19,"column":null}},"2":{"start":{"line":22,"column":29},"end":{"line":25,"column":null}},"3":{"start":{"line":28,"column":0},"end":{"line":36,"column":null}},"4":{"start":{"line":29,"column":2},"end":{"line":35,"column":null}},"5":{"start":{"line":30,"column":10},"end":{"line":30,"column":null}},"6":{"start":{"line":31,"column":4},"end":{"line":31,"column":null}},"7":{"start":{"line":32,"column":4},"end":{"line":32,"column":null}},"8":{"start":{"line":34,"column":4},"end":{"line":34,"column":null}},"9":{"start":{"line":39,"column":6},"end":{"line":39,"column":null}},"10":{"start":{"line":40,"column":6},"end":{"line":40,"column":null}},"11":{"start":{"line":43,"column":49},"end":{"line":43,"column":null}},"12":{"start":{"line":44,"column":0},"end":{"line":46,"column":null}},"13":{"start":{"line":45,"column":2},"end":{"line":45,"column":null}},"14":{"start":{"line":47,"column":0},"end":{"line":49,"column":null}},"15":{"start":{"line":48,"column":2},"end":{"line":48,"column":null}},"16":{"start":{"line":52,"column":6},"end":{"line":52,"column":null}},"17":{"start":{"line":55,"column":23},"end":{"line":67,"column":null}},"18":{"start":{"line":56,"column":2},"end":{"line":58,"column":null}},"19":{"start":{"line":57,"column":4},"end":{"line":57,"column":null}},"20":{"start":{"line":59,"column":2},"end":{"line":61,"column":null}},"21":{"start":{"line":60,"column":4},"end":{"line":60,"column":null}},"22":{"start":{"line":63,"column":2},"end":{"line":65,"column":null}},"23":{"start":{"line":64,"column":4},"end":{"line":64,"column":null}},"24":{"start":{"line":66,"column":2},"end":{"line":66,"column":null}},"25":{"start":{"line":74,"column":29},"end":{"line":75,"column":null}},"26":{"start":{"line":77,"column":32},"end":{"line":77,"column":null}},"27":{"start":{"line":79,"column":13},"end":{"line":122,"column":null}},"28":{"start":{"line":125,"column":30},"end":{"line":128,"column":null}}},"fnMap":{"0":{"name":"(anonymous_0)","decl":{"start":{"line":55,"column":23},"end":{"line":55,"column":29}},"loc":{"start":{"line":55,"column":29},"end":{"line":67,"column":null}},"line":55}},"branchMap":{"0":{"loc":{"start":{"line":22,"column":29},"end":{"line":25,"column":null}},"type":"binary-expr","locations":[{"start":{"line":22,"column":29},"end":{"line":22,"column":null}},{"start":{"line":23,"column":2},"end":{"line":23,"column":null}},{"start":{"line":24,"column":3},"end":{"line":24,"column":null}},{"start":{"line":25,"column":4},"end":{"line":25,"column":null}}],"line":22},"1":{"loc":{"start":{"line":28,"column":0},"end":{"line":36,"column":null}},"type":"if","locations":[{"start":{"line":28,"column":0},"end":{"line":36,"column":null}},{"start":{},"end":{}}],"line":28},"2":{"loc":{"start":{"line":44,"column":0},"end":{"line":46,"column":null}},"type":"if","locations":[{"start":{"line":44,"column":0},"end":{"line":46,"column":null}},{"start":{},"end":{}}],"line":44},"3":{"loc":{"start":{"line":47,"column":0},"end":{"line":49,"column":null}},"type":"if","locations":[{"start":{"line":47,"column":0},"end":{"line":49,"column":null}},{"start":{},"end":{}}],"line":47},"4":{"loc":{"start":{"line":56,"column":2},"end":{"line":58,"column":null}},"type":"if","locations":[{"start":{"line":56,"column":2},"end":{"line":58,"column":null}},{"start":{},"end":{}}],"line":56},"5":{"loc":{"start":{"line":59,"column":2},"end":{"line":61,"column":null}},"type":"if","locations":[{"start":{"line":59,"column":2},"end":{"line":61,"column":null}},{"start":{},"end":{}}],"line":59},"6":{"loc":{"start":{"line":63,"column":2},"end":{"line":65,"column":null}},"type":"if","locations":[{"start":{"line":63,"column":2},"end":{"line":65,"column":null}},{"start":{},"end":{}}],"line":63},"7":{"loc":{"start":{"line":74,"column":29},"end":{"line":75,"column":null}},"type":"binary-expr","locations":[{"start":{"line":74,"column":29},"end":{"line":74,"column":null}},{"start":{"line":75,"column":30},"end":{"line":75,"column":null}}],"line":74},"8":{"loc":{"start":{"line":77,"column":32},"end":{"line":77,"column":null}},"type":"binary-expr","locations":[{"start":{"line":77,"column":32},"end":{"line":77,"column":57}},{"start":{"line":77,"column":57},"end":{"line":77,"column":null}}],"line":77},"9":{"loc":{"start":{"line":80,"column":10},"end":{"line":80,"column":null}},"type":"binary-expr","locations":[{"start":{"line":80,"column":10},"end":{"line":80,"column":44}},{"start":{"line":80,"column":44},"end":{"line":80,"column":null}}],"line":80},"10":{"loc":{"start":{"line":92,"column":12},"end":{"line":100,"column":null}},"type":"cond-expr","locations":[{"start":{"line":92,"column":36},"end":{"line":100,"column":7}},{"start":{"line":100,"column":7},"end":{"line":100,"column":null}}],"line":92},"11":{"loc":{"start":{"line":92,"column":12},"end":{"line":92,"column":41}},"type":"binary-expr","locations":[{"start":{"line":92,"column":12},"end":{"line":92,"column":36}},{"start":{"line":92,"column":36},"end":{"line":92,"column":41}}],"line":92},"12":{"loc":{"start":{"line":105,"column":19},"end":{"line":105,"column":null}},"type":"cond-expr","locations":[{"start":{"line":105,"column":61},"end":{"line":105,"column":79}},{"start":{"line":105,"column":79},"end":{"line":105,"column":null}}],"line":105}},"s":{"0":1,"1":1,"2":1,"3":1,"4":1,"5":1,"6":1,"7":1,"8":0,"9":1,"10":1,"11":1,"12":1,"13":1,"14":1,"15":1,"16":1,"17":1,"18":1,"19":1,"20":0,"21":0,"22":0,"23":0,"24":0,"25":1,"26":1,"27":1,"28":1},"f":{"0":1},"b":{"0":[1,1,1,0],"1":[1,0],"2":[1,0],"3":[1,0],"4":[1,0],"5":[0,0],"6":[0,0],"7":[1,1],"8":[1,1],"9":[1,0],"10":[1,0],"11":[1,1],"12":[1,0]},"meta":{"lastBranch":13,"lastFunction":1,"lastStatement":29,"seen":{"s:16:0:16:Infinity":0,"s:19:0:19:Infinity":1,"s:22:29:25:Infinity":2,"b:22:29:22:Infinity:23:2:23:Infinity:24:3:24:Infinity:25:4:25:Infinity":0,"b:28:0:36:Infinity:undefined:undefined:undefined:undefined":1,"s:28:0:36:Infinity":3,"s:29:2:35:Infinity":4,"s:30:10:30:Infinity":5,"s:31:4:31:Infinity":6,"s:32:4:32:Infinity":7,"s:34:4:34:Infinity":8,"s:39:6:39:Infinity":9,"s:40:6:40:Infinity":10,"s:43:49:43:Infinity":11,"b:44:0:46:Infinity:undefined:undefined:undefined:undefined":2,"s:44:0:46:Infinity":12,"s:45:2:45:Infinity":13,"b:47:0:49:Infinity:undefined:undefined:undefined:undefined":3,"s:47:0:49:Infinity":14,"s:48:2:48:Infinity":15,"s:52:6:52:Infinity":16,"s:55:23:67:Infinity":17,"f:55:23:55:29":0,"b:56:2:58:Infinity:undefined:undefined:undefined:undefined":4,"s:56:2:58:Infinity":18,"s:57:4:57:Infinity":19,"b:59:2:61:Infinity:undefined:undefined:undefined:undefined":5,"s:59:2:61:Infinity":20,"s:60:4:60:Infinity":21,"b:63:2:65:Infinity:undefined:undefined:undefined:undefined":6,"s:63:2:65:Infinity":22,"s:64:4:64:Infinity":23,"s:66:2:66:Infinity":24,"s:74:29:75:Infinity":25,"b:74:29:74:Infinity:75:30:75:Infinity":7,"s:77:32:77:Infinity":26,"b:77:32:77:57:77:57:77:Infinity":8,"s:79:13:122:Infinity":27,"b:80:10:80:44:80:44:80:Infinity":9,"b:92:36:100:7:100:7:100:Infinity":10,"b:92:12:92:36:92:36:92:41":11,"b:105:61:105:79:105:79:105:Infinity":12,"s:125:30:128:Infinity":28}}}
,"C:\\scratchpad\\purple-glow-social-2.0\\lib\\logger.ts": {"path":"C:\\scratchpad\\purple-glow-social-2.0\\lib\\logger.ts","statementMap":{"0":{"start":{"line":14,"column":19},"end":{"line":19,"column":null}},"1":{"start":{"line":24,"column":27},"end":{"line":33,"column":null}},"2":{"start":{"line":36,"column":21},"end":{"line":37,"column":null}},"3":{"start":{"line":39,"column":22},"end":{"line":39,"column":null}},"4":{"start":{"line":43,"column":2},"end":{"line":48,"column":null}},"5":{"start":{"line":44,"column":18},"end":{"line":44,"column":null}},"6":{"start":{"line":45,"column":4},"end":{"line":47,"column":null}},"7":{"start":{"line":46,"column":6},"end":{"line":46,"column":null}},"8":{"start":{"line":49,"column":2},"end":{"line":49,"column":null}},"9":{"start":{"line":52,"column":20},"end":{"line":52,"column":null}},"10":{"start":{"line":58,"column":2},"end":{"line":64,"column":null}},"11":{"start":{"line":59,"column":20},"end":{"line":59,"column":null}},"12":{"start":{"line":60,"column":4},"end":{"line":62,"column":null}},"13":{"start":{"line":61,"column":6},"end":{"line":61,"column":null}},"14":{"start":{"line":63,"column":4},"end":{"line":63,"column":null}},"15":{"start":{"line":66,"column":2},"end":{"line":68,"column":null}},"16":{"start":{"line":67,"column":4},"end":{"line":67,"column":null}},"17":{"start":{"line":70,"column":2},"end":{"line":87,"column":null}},"18":{"start":{"line":71,"column":47},"end":{"line":71,"column":null}},"19":{"start":{"line":72,"column":4},"end":{"line":85,"column":null}},"20":{"start":{"line":73,"column":23},"end":{"line":73,"column":null}},"21":{"start":{"line":74,"column":6},"end":{"line":84,"column":null}},"22":{"start":{"line":81,"column":8},"end":{"line":81,"column":null}},"23":{"start":{"line":83,"column":8},"end":{"line":83,"column":null}},"24":{"start":{"line":86,"column":4},"end":{"line":86,"column":null}},"25":{"start":{"line":89,"column":2},"end":{"line":89,"column":null}},"26":{"start":{"line":96,"column":2},"end":{"line":96,"column":null}},"27":{"start":{"line":103,"column":8},"end":{"line":103,"column":null}},"28":{"start":{"line":104,"column":2},"end":{"line":104,"column":null}},"29":{"start":{"line":116,"column":2},"end":{"line":118,"column":null}},"30":{"start":{"line":117,"column":4},"end":{"line":117,"column":null}},"31":{"start":{"line":120,"column":27},"end":{"line":120,"column":null}},"32":{"start":{"line":121,"column":24},"end":{"line":121,"column":null}},"33":{"start":{"line":123,"column":2},"end":{"line":160,"column":null}},"34":{"start":{"line":125,"column":6},"end":{"line":129,"column":null}},"35":{"start":{"line":126,"column":8},"end":{"line":126,"column":null}},"36":{"start":{"line":128,"column":8},"end":{"line":128,"column":null}},"37":{"start":{"line":130,"column":6},"end":{"line":130,"column":null}},"38":{"start":{"line":132,"column":6},"end":{"line":136,"column":null}},"39":{"start":{"line":133,"column":8},"end":{"line":133,"column":null}},"40":{"start":{"line":135,"column":8},"end":{"line":135,"column":null}},"41":{"start":{"line":137,"column":6},"end":{"line":137,"column":null}},"42":{"start":{"line":139,"column":6},"end":{"line":143,"column":null}},"43":{"start":{"line":140,"column":8},"end":{"line":140,"column":null}},"44":{"start":{"line":142,"column":8},"end":{"line":142,"column":null}},"45":{"start":{"line":144,"column":6},"end":{"line":144,"column":null}},"46":{"start":{"line":146,"column":6},"end":{"line":150,"column":null}},"47":{"start":{"line":147,"column":8},"end":{"line":147,"column":null}},"48":{"start":{"line":149,"column":8},"end":{"line":149,"column":null}},"49":{"start":{"line":152,"column":6},"end":{"line":158,"column":null}},"50":{"start":{"line":153,"column":8},"end":{"line":157,"column":null}},"51":{"start":{"line":159,"column":6},"end":{"line":159,"column":null}},"52":{"start":{"line":167,"column":2},"end":{"line":209,"column":null}},"53":{"start":{"line":169,"column":6},"end":{"line":169,"column":null}},"54":{"start":{"line":172,"column":6},"end":{"line":172,"column":null}},"55":{"start":{"line":175,"column":6},"end":{"line":175,"column":null}},"56":{"start":{"line":178,"column":6},"end":{"line":178,"column":null}},"57":{"start":{"line":185,"column":27},"end":{"line":185,"column":null}},"58":{"start":{"line":186,"column":20},"end":{"line":186,"column":null}},"59":{"start":{"line":188,"column":6},"end":{"line":191,"column":null}},"60":{"start":{"line":194,"column":6},"end":{"line":207,"column":null}},"61":{"start":{"line":195,"column":8},"end":{"line":206,"column":null}},"62":{"start":{"line":196,"column":10},"end":{"line":199,"column":null}},"63":{"start":{"line":201,"column":10},"end":{"line":205,"column":null}},"64":{"start":{"line":213,"column":22},"end":{"line":224,"column":null}}},"fnMap":{"0":{"name":"getMinLogLevel","decl":{"start":{"line":42,"column":9},"end":{"line":42,"column":36}},"loc":{"start":{"line":42,"column":36},"end":{"line":50,"column":null}},"line":42},"1":{"name":"sanitize","decl":{"start":{"line":57,"column":9},"end":{"line":57,"column":18}},"loc":{"start":{"line":57,"column":43},"end":{"line":90,"column":null}},"line":57},"2":{"name":"shouldLog","decl":{"start":{"line":95,"column":9},"end":{"line":95,"column":19}},"loc":{"start":{"line":95,"column":45},"end":{"line":97,"column":null}},"line":95},"3":{"name":"formatLogEntry","decl":{"start":{"line":102,"column":9},"end":{"line":102,"column":24}},"loc":{"start":{"line":102,"column":83},"end":{"line":105,"column":null}},"line":102},"4":{"name":"logMessage","decl":{"start":{"line":110,"column":9},"end":{"line":110,"column":null}},"loc":{"start":{"line":115,"column":8},"end":{"line":161,"column":null}},"line":115},"5":{"name":"createLogger","decl":{"start":{"line":166,"column":16},"end":{"line":166,"column":29}},"loc":{"start":{"line":166,"column":46},"end":{"line":210,"column":null}},"line":166},"6":{"name":"(anonymous_6)","decl":{"start":{"line":168,"column":11},"end":{"line":168,"column":12}},"loc":{"start":{"line":169,"column":6},"end":{"line":169,"column":null}},"line":169},"7":{"name":"(anonymous_7)","decl":{"start":{"line":171,"column":10},"end":{"line":171,"column":11}},"loc":{"start":{"line":172,"column":6},"end":{"line":172,"column":null}},"line":172},"8":{"name":"(anonymous_8)","decl":{"start":{"line":174,"column":10},"end":{"line":174,"column":11}},"loc":{"start":{"line":175,"column":6},"end":{"line":175,"column":null}},"line":175},"9":{"name":"(anonymous_9)","decl":{"start":{"line":177,"column":11},"end":{"line":177,"column":12}},"loc":{"start":{"line":178,"column":6},"end":{"line":178,"column":null}},"line":178},"10":{"name":"(anonymous_10)","decl":{"start":{"line":184,"column":15},"end":{"line":184,"column":16}},"loc":{"start":{"line":184,"column":77},"end":{"line":208,"column":null}},"line":184}},"branchMap":{"0":{"loc":{"start":{"line":36,"column":21},"end":{"line":37,"column":null}},"type":"binary-expr","locations":[{"start":{"line":36,"column":21},"end":{"line":36,"column":null}},{"start":{"line":37,"column":21},"end":{"line":37,"column":null}}],"line":36},"1":{"loc":{"start":{"line":43,"column":2},"end":{"line":48,"column":null}},"type":"if","locations":[{"start":{"line":43,"column":2},"end":{"line":48,"column":null}},{"start":{},"end":{}}],"line":43},"2":{"loc":{"start":{"line":45,"column":4},"end":{"line":47,"column":null}},"type":"if","locations":[{"start":{"line":45,"column":4},"end":{"line":47,"column":null}},{"start":{},"end":{}}],"line":45},"3":{"loc":{"start":{"line":49,"column":9},"end":{"line":49,"column":null}},"type":"cond-expr","locations":[{"start":{"line":49,"column":24},"end":{"line":49,"column":33}},{"start":{"line":49,"column":33},"end":{"line":49,"column":null}}],"line":49},"4":{"loc":{"start":{"line":58,"column":2},"end":{"line":64,"column":null}},"type":"if","locations":[{"start":{"line":58,"column":2},"end":{"line":64,"column":null}},{"start":{},"end":{}}],"line":58},"5":{"loc":{"start":{"line":66,"column":2},"end":{"line":68,"column":null}},"type":"if","locations":[{"start":{"line":66,"column":2},"end":{"line":68,"column":null}},{"start":{},"end":{}}],"line":66},"6":{"loc":{"start":{"line":70,"column":2},"end":{"line":87,"column":null}},"type":"if","locations":[{"start":{"line":70,"column":2},"end":{"line":87,"column":null}},{"start":{},"end":{}}],"line":70},"7":{"loc":{"start":{"line":70,"column":6},"end":{"line":70,"column":42}},"type":"binary-expr","locations":[{"start":{"line":70,"column":6},"end":{"line":70,"column":15}},{"start":{"line":70,"column":15},"end":{"line":70,"column":42}}],"line":70},"8":{"loc":{"start":{"line":74,"column":6},"end":{"line":84,"column":null}},"type":"if","locations":[{"start":{"line":74,"column":6},"end":{"line":84,"column":null}},{"start":{"line":82,"column":13},"end":{"line":84,"column":null}}],"line":74},"9":{"loc":{"start":{"line":75,"column":8},"end":{"line":79,"column":null}},"type":"binary-expr","locations":[{"start":{"line":75,"column":8},"end":{"line":75,"column":null}},{"start":{"line":76,"column":8},"end":{"line":76,"column":null}},{"start":{"line":77,"column":8},"end":{"line":77,"column":null}},{"start":{"line":78,"column":8},"end":{"line":78,"column":null}},{"start":{"line":79,"column":8},"end":{"line":79,"column":null}}],"line":75},"10":{"loc":{"start":{"line":116,"column":2},"end":{"line":118,"column":null}},"type":"if","locations":[{"start":{"line":116,"column":2},"end":{"line":118,"column":null}},{"start":{},"end":{}}],"line":116},"11":{"loc":{"start":{"line":121,"column":24},"end":{"line":121,"column":null}},"type":"cond-expr","locations":[{"start":{"line":121,"column":31},"end":{"line":121,"column":48}},{"start":{"line":121,"column":48},"end":{"line":121,"column":null}}],"line":121},"12":{"loc":{"start":{"line":123,"column":2},"end":{"line":160,"column":null}},"type":"switch","locations":[{"start":{"line":124,"column":4},"end":{"line":130,"column":null}},{"start":{"line":131,"column":4},"end":{"line":137,"column":null}},{"start":{"line":138,"column":4},"end":{"line":144,"column":null}},{"start":{"line":145,"column":4},"end":{"line":159,"column":null}}],"line":123},"13":{"loc":{"start":{"line":125,"column":6},"end":{"line":129,"column":null}},"type":"if","locations":[{"start":{"line":125,"column":6},"end":{"line":129,"column":null}},{"start":{"line":127,"column":13},"end":{"line":129,"column":null}}],"line":125},"14":{"loc":{"start":{"line":132,"column":6},"end":{"line":136,"column":null}},"type":"if","locations":[{"start":{"line":132,"column":6},"end":{"line":136,"column":null}},{"start":{"line":134,"column":13},"end":{"line":136,"column":null}}],"line":132},"15":{"loc":{"start":{"line":139,"column":6},"end":{"line":143,"column":null}},"type":"if","locations":[{"start":{"line":139,"column":6},"end":{"line":143,"column":null}},{"start":{"line":141,"column":13},"end":{"line":143,"column":null}}],"line":139},"16":{"loc":{"start":{"line":146,"column":6},"end":{"line":150,"column":null}},"type":"if","locations":[{"start":{"line":146,"column":6},"end":{"line":150,"column":null}},{"start":{"line":148,"column":13},"end":{"line":150,"column":null}}],"line":146},"17":{"loc":{"start":{"line":152,"column":6},"end":{"line":158,"column":null}},"type":"if","locations":[{"start":{"line":152,"column":6},"end":{"line":158,"column":null}},{"start":{},"end":{}}],"line":152},"18":{"loc":{"start":{"line":152,"column":10},"end":{"line":152,"column":50}},"type":"binary-expr","locations":[{"start":{"line":152,"column":10},"end":{"line":152,"column":26}},{"start":{"line":152,"column":26},"end":{"line":152,"column":50}}],"line":152},"19":{"loc":{"start":{"line":185,"column":27},"end":{"line":185,"column":null}},"type":"cond-expr","locations":[{"start":{"line":185,"column":52},"end":{"line":185,"column":68}},{"start":{"line":185,"column":68},"end":{"line":185,"column":null}}],"line":185},"20":{"loc":{"start":{"line":186,"column":20},"end":{"line":186,"column":null}},"type":"cond-expr","locations":[{"start":{"line":186,"column":45},"end":{"line":186,"column":59}},{"start":{"line":186,"column":59},"end":{"line":186,"column":null}}],"line":186},"21":{"loc":{"start":{"line":190,"column":15},"end":{"line":190,"column":null}},"type":"cond-expr","locations":[{"start":{"line":190,"column":23},"end":{"line":190,"column":51}},{"start":{"line":190,"column":51},"end":{"line":190,"column":null}}],"line":190},"22":{"loc":{"start":{"line":194,"column":6},"end":{"line":207,"column":null}},"type":"if","locations":[{"start":{"line":194,"column":6},"end":{"line":207,"column":null}},{"start":{},"end":{}}],"line":194},"23":{"loc":{"start":{"line":194,"column":10},"end":{"line":194,"column":50}},"type":"binary-expr","locations":[{"start":{"line":194,"column":10},"end":{"line":194,"column":26}},{"start":{"line":194,"column":26},"end":{"line":194,"column":50}}],"line":194},"24":{"loc":{"start":{"line":195,"column":8},"end":{"line":206,"column":null}},"type":"if","locations":[{"start":{"line":195,"column":8},"end":{"line":206,"column":null}},{"start":{"line":200,"column":15},"end":{"line":206,"column":null}}],"line":195}},"s":{"0":3,"1":3,"2":3,"3":3,"4":3,"5":0,"6":0,"7":0,"8":3,"9":3,"10":59,"11":33,"12":33,"13":264,"14":33,"15":26,"16":0,"17":26,"18":15,"19":15,"20":44,"21":44,"22":0,"23":44,"24":15,"25":11,"26":18,"27":18,"28":18,"29":18,"30":0,"31":18,"32":18,"33":18,"34":15,"35":14,"36":1,"37":15,"38":2,"39":0,"40":2,"41":2,"42":1,"43":1,"44":0,"45":1,"46":0,"47":0,"48":0,"49":0,"50":0,"51":0,"52":30,"53":15,"54":2,"55":1,"56":0,"57":0,"58":0,"59":0,"60":0,"61":0,"62":0,"63":0,"64":3},"f":{"0":3,"1":59,"2":18,"3":18,"4":18,"5":30,"6":15,"7":2,"8":1,"9":0,"10":0},"b":{"0":[3,3],"1":[0,3],"2":[0,0],"3":[0,3],"4":[33,26],"5":[0,26],"6":[15,11],"7":[26,23],"8":[0,44],"9":[44,44,44,44,44],"10":[0,18],"11":[15,3],"12":[15,2,1,0],"13":[14,1],"14":[0,2],"15":[1,0],"16":[0,0],"17":[0,0],"18":[0,0],"19":[0,0],"20":[0,0],"21":[0,0],"22":[0,0],"23":[0,0],"24":[0,0]},"meta":{"lastBranch":25,"lastFunction":11,"lastStatement":65,"seen":{"s:14:19:19:Infinity":0,"s:24:27:33:Infinity":1,"s:36:21:37:Infinity":2,"b:36:21:36:Infinity:37:21:37:Infinity":0,"s:39:22:39:Infinity":3,"f:42:9:42:36":0,"b:43:2:48:Infinity:undefined:undefined:undefined:undefined":1,"s:43:2:48:Infinity":4,"s:44:18:44:Infinity":5,"b:45:4:47:Infinity:undefined:undefined:undefined:undefined":2,"s:45:4:47:Infinity":6,"s:46:6:46:Infinity":7,"s:49:2:49:Infinity":8,"b:49:24:49:33:49:33:49:Infinity":3,"s:52:20:52:Infinity":9,"f:57:9:57:18":1,"b:58:2:64:Infinity:undefined:undefined:undefined:undefined":4,"s:58:2:64:Infinity":10,"s:59:20:59:Infinity":11,"s:60:4:62:Infinity":12,"s:61:6:61:Infinity":13,"s:63:4:63:Infinity":14,"b:66:2:68:Infinity:undefined:undefined:undefined:undefined":5,"s:66:2:68:Infinity":15,"s:67:4:67:Infinity":16,"b:70:2:87:Infinity:undefined:undefined:undefined:undefined":6,"s:70:2:87:Infinity":17,"b:70:6:70:15:70:15:70:42":7,"s:71:47:71:Infinity":18,"s:72:4:85:Infinity":19,"s:73:23:73:Infinity":20,"b:74:6:84:Infinity:82:13:84:Infinity":8,"s:74:6:84:Infinity":21,"b:75:8:75:Infinity:76:8:76:Infinity:77:8:77:Infinity:78:8:78:Infinity:79:8:79:Infinity":9,"s:81:8:81:Infinity":22,"s:83:8:83:Infinity":23,"s:86:4:86:Infinity":24,"s:89:2:89:Infinity":25,"f:95:9:95:19":2,"s:96:2:96:Infinity":26,"f:102:9:102:24":3,"s:103:8:103:Infinity":27,"s:104:2:104:Infinity":28,"f:110:9:110:Infinity":4,"b:116:2:118:Infinity:undefined:undefined:undefined:undefined":10,"s:116:2:118:Infinity":29,"s:117:4:117:Infinity":30,"s:120:27:120:Infinity":31,"s:121:24:121:Infinity":32,"b:121:31:121:48:121:48:121:Infinity":11,"b:124:4:130:Infinity:131:4:137:Infinity:138:4:144:Infinity:145:4:159:Infinity":12,"s:123:2:160:Infinity":33,"b:125:6:129:Infinity:127:13:129:Infinity":13,"s:125:6:129:Infinity":34,"s:126:8:126:Infinity":35,"s:128:8:128:Infinity":36,"s:130:6:130:Infinity":37,"b:132:6:136:Infinity:134:13:136:Infinity":14,"s:132:6:136:Infinity":38,"s:133:8:133:Infinity":39,"s:135:8:135:Infinity":40,"s:137:6:137:Infinity":41,"b:139:6:143:Infinity:141:13:143:Infinity":15,"s:139:6:143:Infinity":42,"s:140:8:140:Infinity":43,"s:142:8:142:Infinity":44,"s:144:6:144:Infinity":45,"b:146:6:150:Infinity:148:13:150:Infinity":16,"s:146:6:150:Infinity":46,"s:147:8:147:Infinity":47,"s:149:8:149:Infinity":48,"b:152:6:158:Infinity:undefined:undefined:undefined:undefined":17,"s:152:6:158:Infinity":49,"b:152:10:152:26:152:26:152:50":18,"s:153:8:157:Infinity":50,"s:159:6:159:Infinity":51,"f:166:16:166:29":5,"s:167:2:209:Infinity":52,"f:168:11:168:12":6,"s:169:6:169:Infinity":53,"f:171:10:171:11":7,"s:172:6:172:Infinity":54,"f:174:10:174:11":8,"s:175:6:175:Infinity":55,"f:177:11:177:12":9,"s:178:6:178:Infinity":56,"f:184:15:184:16":10,"s:185:27:185:Infinity":57,"b:185:52:185:68:185:68:185:Infinity":19,"s:186:20:186:Infinity":58,"b:186:45:186:59:186:59:186:Infinity":20,"s:188:6:191:Infinity":59,"b:190:23:190:51:190:51:190:Infinity":21,"b:194:6:207:Infinity:undefined:undefined:undefined:undefined":22,"s:194:6:207:Infinity":60,"b:194:10:194:26:194:26:194:50":23,"b:195:8:206:Infinity:200:15:206:Infinity":24,"s:195:8:206:Infinity":61,"s:196:10:199:Infinity":62,"s:201:10:205:Infinity":63,"s:213:22:224:Infinity":64}}}
,"C:\\scratchpad\\purple-glow-social-2.0\\lib\\config\\env-validation.ts": {"path":"C:\\scratchpad\\purple-glow-social-2.0\\lib\\config\\env-validation.ts","statementMap":{"0":{"start":{"line":11,"column":21},"end":{"line":12,"column":null}},"1":{"start":{"line":25,"column":27},"end":{"line":25,"column":null}},"2":{"start":{"line":26,"column":29},"end":{"line":26,"column":null}},"3":{"start":{"line":29,"column":2},"end":{"line":41,"column":null}},"4":{"start":{"line":30,"column":4},"end":{"line":34,"column":null}},"5":{"start":{"line":31,"column":6},"end":{"line":31,"column":null}},"6":{"start":{"line":33,"column":6},"end":{"line":33,"column":null}},"7":{"start":{"line":35,"column":2},"end":{"line":41,"column":null}},"8":{"start":{"line":36,"column":4},"end":{"line":40,"column":null}},"9":{"start":{"line":37,"column":6},"end":{"line":37,"column":null}},"10":{"start":{"line":39,"column":6},"end":{"line":39,"column":null}},"11":{"start":{"line":44,"column":2},"end":{"line":50,"column":null}},"12":{"start":{"line":45,"column":4},"end":{"line":49,"column":null}},"13":{"start":{"line":46,"column":6},"end":{"line":46,"column":null}},"14":{"start":{"line":48,"column":6},"end":{"line":48,"column":null}},"15":{"start":{"line":53,"column":2},"end":{"line":62,"column":null}},"16":{"start":{"line":54,"column":4},"end":{"line":54,"column":null}},"17":{"start":{"line":55,"column":2},"end":{"line":62,"column":null}},"18":{"start":{"line":57,"column":4},"end":{"line":61,"column":null}},"19":{"start":{"line":58,"column":6},"end":{"line":58,"column":null}},"20":{"start":{"line":60,"column":6},"end":{"line":60,"column":null}},"21":{"start":{"line":65,"column":2},"end":{"line":67,"column":null}},"22":{"start":{"line":66,"column":4},"end":{"line":66,"column":null}},"23":{"start":{"line":70,"column":2},"end":{"line":78,"column":null}},"24":{"start":{"line":71,"column":4},"end":{"line":71,"column":null}},"25":{"start":{"line":73,"column":4},"end":{"line":77,"column":null}},"26":{"start":{"line":74,"column":6},"end":{"line":76,"column":null}},"27":{"start":{"line":80,"column":2},"end":{"line":84,"column":null}},"28":{"start":{"line":94,"column":2},"end":{"line":97,"column":null}},"29":{"start":{"line":104,"column":19},"end":{"line":104,"column":null}},"30":{"start":{"line":105,"column":23},"end":{"line":105,"column":null}},"31":{"start":{"line":107,"column":2},"end":{"line":109,"column":null}},"32":{"start":{"line":108,"column":4},"end":{"line":108,"column":null}},"33":{"start":{"line":111,"column":18},"end":{"line":111,"column":null}},"34":{"start":{"line":113,"column":2},"end":{"line":117,"column":null}},"35":{"start":{"line":124,"column":19},"end":{"line":124,"column":null}},"36":{"start":{"line":125,"column":23},"end":{"line":125,"column":null}},"37":{"start":{"line":127,"column":2},"end":{"line":129,"column":null}},"38":{"start":{"line":128,"column":4},"end":{"line":128,"column":null}},"39":{"start":{"line":131,"column":2},"end":{"line":134,"column":null}},"40":{"start":{"line":141,"column":20},"end":{"line":141,"column":null}},"41":{"start":{"line":142,"column":18},"end":{"line":144,"column":null}},"42":{"start":{"line":143,"column":31},"end":{"line":143,"column":40}},"43":{"start":{"line":144,"column":21},"end":{"line":144,"column":25}},"44":{"start":{"line":146,"column":2},"end":{"line":150,"column":null}},"45":{"start":{"line":147,"column":4},"end":{"line":147,"column":null}},"46":{"start":{"line":149,"column":4},"end":{"line":149,"column":null}}},"fnMap":{"0":{"name":"validateAuthEnvVars","decl":{"start":{"line":24,"column":16},"end":{"line":24,"column":56}},"loc":{"start":{"line":24,"column":56},"end":{"line":85,"column":null}},"line":24},"1":{"name":"getAvailableOAuthProviders","decl":{"start":{"line":90,"column":16},"end":{"line":90,"column":null}},"loc":{"start":{"line":93,"column":2},"end":{"line":98,"column":null}},"line":93},"2":{"name":"getGoogleOAuthConfig","decl":{"start":{"line":103,"column":16},"end":{"line":103,"column":39}},"loc":{"start":{"line":103,"column":39},"end":{"line":118,"column":null}},"line":103},"3":{"name":"getTwitterOAuthConfig","decl":{"start":{"line":123,"column":16},"end":{"line":123,"column":40}},"loc":{"start":{"line":123,"column":40},"end":{"line":135,"column":null}},"line":123},"4":{"name":"logOAuthStatus","decl":{"start":{"line":140,"column":16},"end":{"line":140,"column":39}},"loc":{"start":{"line":140,"column":39},"end":{"line":151,"column":null}},"line":140},"5":{"name":"(anonymous_5)","decl":{"start":{"line":143,"column":12},"end":{"line":143,"column":13}},"loc":{"start":{"line":143,"column":31},"end":{"line":143,"column":40}},"line":143},"6":{"name":"(anonymous_6)","decl":{"start":{"line":144,"column":9},"end":{"line":144,"column":10}},"loc":{"start":{"line":144,"column":21},"end":{"line":144,"column":25}},"line":144}},"branchMap":{"0":{"loc":{"start":{"line":11,"column":21},"end":{"line":12,"column":null}},"type":"binary-expr","locations":[{"start":{"line":11,"column":21},"end":{"line":11,"column":null}},{"start":{"line":12,"column":21},"end":{"line":12,"column":null}}],"line":11},"1":{"loc":{"start":{"line":29,"column":2},"end":{"line":41,"column":null}},"type":"if","locations":[{"start":{"line":29,"column":2},"end":{"line":41,"column":null}},{"start":{"line":35,"column":2},"end":{"line":41,"column":null}}],"line":29},"2":{"loc":{"start":{"line":30,"column":4},"end":{"line":34,"column":null}},"type":"if","locations":[{"start":{"line":30,"column":4},"end":{"line":34,"column":null}},{"start":{"line":32,"column":11},"end":{"line":34,"column":null}}],"line":30},"3":{"loc":{"start":{"line":35,"column":2},"end":{"line":41,"column":null}},"type":"if","locations":[{"start":{"line":35,"column":2},"end":{"line":41,"column":null}},{"start":{},"end":{}}],"line":35},"4":{"loc":{"start":{"line":36,"column":4},"end":{"line":40,"column":null}},"type":"if","locations":[{"start":{"line":36,"column":4},"end":{"line":40,"column":null}},{"start":{"line":38,"column":11},"end":{"line":40,"column":null}}],"line":36},"5":{"loc":{"start":{"line":44,"column":2},"end":{"line":50,"column":null}},"type":"if","locations":[{"start":{"line":44,"column":2},"end":{"line":50,"column":null}},{"start":{},"end":{}}],"line":44},"6":{"loc":{"start":{"line":45,"column":4},"end":{"line":49,"column":null}},"type":"if","locations":[{"start":{"line":45,"column":4},"end":{"line":49,"column":null}},{"start":{"line":47,"column":11},"end":{"line":49,"column":null}}],"line":45},"7":{"loc":{"start":{"line":53,"column":2},"end":{"line":62,"column":null}},"type":"if","locations":[{"start":{"line":53,"column":2},"end":{"line":62,"column":null}},{"start":{"line":55,"column":2},"end":{"line":62,"column":null}}],"line":53},"8":{"loc":{"start":{"line":55,"column":2},"end":{"line":62,"column":null}},"type":"if","locations":[{"start":{"line":55,"column":2},"end":{"line":62,"column":null}},{"start":{},"end":{}}],"line":55},"9":{"loc":{"start":{"line":55,"column":13},"end":{"line":56,"column":66}},"type":"binary-expr","locations":[{"start":{"line":55,"column":13},"end":{"line":55,"column":null}},{"start":{"line":56,"column":13},"end":{"line":56,"column":66}}],"line":55},"10":{"loc":{"start":{"line":57,"column":4},"end":{"line":61,"column":null}},"type":"if","locations":[{"start":{"line":57,"column":4},"end":{"line":61,"column":null}},{"start":{"line":59,"column":11},"end":{"line":61,"column":null}}],"line":57},"11":{"loc":{"start":{"line":65,"column":2},"end":{"line":67,"column":null}},"type":"if","locations":[{"start":{"line":65,"column":2},"end":{"line":67,"column":null}},{"start":{},"end":{}}],"line":65},"12":{"loc":{"start":{"line":70,"column":2},"end":{"line":78,"column":null}},"type":"if","locations":[{"start":{"line":70,"column":2},"end":{"line":78,"column":null}},{"start":{},"end":{}}],"line":70},"13":{"loc":{"start":{"line":73,"column":4},"end":{"line":77,"column":null}},"type":"if","locations":[{"start":{"line":73,"column":4},"end":{"line":77,"column":null}},{"start":{},"end":{}}],"line":73},"14":{"loc":{"start":{"line":95,"column":15},"end":{"line":95,"column":null}},"type":"binary-expr","locations":[{"start":{"line":95,"column":15},"end":{"line":95,"column":47}},{"start":{"line":95,"column":47},"end":{"line":95,"column":null}}],"line":95},"15":{"loc":{"start":{"line":96,"column":16},"end":{"line":96,"column":null}},"type":"binary-expr","locations":[{"start":{"line":96,"column":16},"end":{"line":96,"column":49}},{"start":{"line":96,"column":49},"end":{"line":96,"column":null}}],"line":96},"16":{"loc":{"start":{"line":107,"column":2},"end":{"line":109,"column":null}},"type":"if","locations":[{"start":{"line":107,"column":2},"end":{"line":109,"column":null}},{"start":{},"end":{}}],"line":107},"17":{"loc":{"start":{"line":107,"column":6},"end":{"line":107,"column":34}},"type":"binary-expr","locations":[{"start":{"line":107,"column":6},"end":{"line":107,"column":19}},{"start":{"line":107,"column":19},"end":{"line":107,"column":34}}],"line":107},"18":{"loc":{"start":{"line":111,"column":18},"end":{"line":111,"column":null}},"type":"binary-expr","locations":[{"start":{"line":111,"column":18},"end":{"line":111,"column":49}},{"start":{"line":111,"column":49},"end":{"line":111,"column":null}}],"line":111},"19":{"loc":{"start":{"line":127,"column":2},"end":{"line":129,"column":null}},"type":"if","locations":[{"start":{"line":127,"column":2},"end":{"line":129,"column":null}},{"start":{},"end":{}}],"line":127},"20":{"loc":{"start":{"line":127,"column":6},"end":{"line":127,"column":34}},"type":"binary-expr","locations":[{"start":{"line":127,"column":6},"end":{"line":127,"column":19}},{"start":{"line":127,"column":19},"end":{"line":127,"column":34}}],"line":127},"21":{"loc":{"start":{"line":146,"column":2},"end":{"line":150,"column":null}},"type":"if","locations":[{"start":{"line":146,"column":2},"end":{"line":150,"column":null}},{"start":{"line":148,"column":9},"end":{"line":150,"column":null}}],"line":146}},"s":{"0":1,"1":1,"2":1,"3":1,"4":0,"5":0,"6":0,"7":1,"8":0,"9":0,"10":0,"11":1,"12":0,"13":0,"14":0,"15":1,"16":0,"17":1,"18":0,"19":0,"20":0,"21":1,"22":0,"23":1,"24":0,"25":0,"26":0,"27":1,"28":1,"29":1,"30":1,"31":1,"32":0,"33":1,"34":1,"35":1,"36":1,"37":1,"38":0,"39":1,"40":1,"41":1,"42":2,"43":2,"44":1,"45":1,"46":0},"f":{"0":1,"1":1,"2":1,"3":1,"4":1,"5":2,"6":2},"b":{"0":[1,1],"1":[0,1],"2":[0,0],"3":[0,1],"4":[0,0],"5":[0,1],"6":[0,0],"7":[0,1],"8":[0,1],"9":[1,0],"10":[0,0],"11":[0,1],"12":[0,1],"13":[0,0],"14":[1,1],"15":[1,1],"16":[0,1],"17":[1,1],"18":[1,0],"19":[0,1],"20":[1,1],"21":[1,0]},"meta":{"lastBranch":22,"lastFunction":7,"lastStatement":47,"seen":{"s:11:21:12:Infinity":0,"b:11:21:11:Infinity:12:21:12:Infinity":0,"f:24:16:24:56":0,"s:25:27:25:Infinity":1,"s:26:29:26:Infinity":2,"b:29:2:41:Infinity:35:2:41:Infinity":1,"s:29:2:41:Infinity":3,"b:30:4:34:Infinity:32:11:34:Infinity":2,"s:30:4:34:Infinity":4,"s:31:6:31:Infinity":5,"s:33:6:33:Infinity":6,"b:35:2:41:Infinity:undefined:undefined:undefined:undefined":3,"s:35:2:41:Infinity":7,"b:36:4:40:Infinity:38:11:40:Infinity":4,"s:36:4:40:Infinity":8,"s:37:6:37:Infinity":9,"s:39:6:39:Infinity":10,"b:44:2:50:Infinity:undefined:undefined:undefined:undefined":5,"s:44:2:50:Infinity":11,"b:45:4:49:Infinity:47:11:49:Infinity":6,"s:45:4:49:Infinity":12,"s:46:6:46:Infinity":13,"s:48:6:48:Infinity":14,"b:53:2:62:Infinity:55:2:62:Infinity":7,"s:53:2:62:Infinity":15,"s:54:4:54:Infinity":16,"b:55:2:62:Infinity:undefined:undefined:undefined:undefined":8,"s:55:2:62:Infinity":17,"b:55:13:55:Infinity:56:13:56:66":9,"b:57:4:61:Infinity:59:11:61:Infinity":10,"s:57:4:61:Infinity":18,"s:58:6:58:Infinity":19,"s:60:6:60:Infinity":20,"b:65:2:67:Infinity:undefined:undefined:undefined:undefined":11,"s:65:2:67:Infinity":21,"s:66:4:66:Infinity":22,"b:70:2:78:Infinity:undefined:undefined:undefined:undefined":12,"s:70:2:78:Infinity":23,"s:71:4:71:Infinity":24,"b:73:4:77:Infinity:undefined:undefined:undefined:undefined":13,"s:73:4:77:Infinity":25,"s:74:6:76:Infinity":26,"s:80:2:84:Infinity":27,"f:90:16:90:Infinity":1,"s:94:2:97:Infinity":28,"b:95:15:95:47:95:47:95:Infinity":14,"b:96:16:96:49:96:49:96:Infinity":15,"f:103:16:103:39":2,"s:104:19:104:Infinity":29,"s:105:23:105:Infinity":30,"b:107:2:109:Infinity:undefined:undefined:undefined:undefined":16,"s:107:2:109:Infinity":31,"b:107:6:107:19:107:19:107:34":17,"s:108:4:108:Infinity":32,"s:111:18:111:Infinity":33,"b:111:18:111:49:111:49:111:Infinity":18,"s:113:2:117:Infinity":34,"f:123:16:123:40":3,"s:124:19:124:Infinity":35,"s:125:23:125:Infinity":36,"b:127:2:129:Infinity:undefined:undefined:undefined:undefined":19,"s:127:2:129:Infinity":37,"b:127:6:127:19:127:19:127:34":20,"s:128:4:128:Infinity":38,"s:131:2:134:Infinity":39,"f:140:16:140:39":4,"s:141:20:141:Infinity":40,"s:142:18:144:Infinity":41,"f:143:12:143:13":5,"s:143:31:143:40":42,"f:144:9:144:10":6,"s:144:21:144:25":43,"b:146:2:150:Infinity:148:9:150:Infinity":21,"s:146:2:150:Infinity":44,"s:147:4:147:Infinity":45,"s:149:4:149:Infinity":46}}}
,"C:\\scratchpad\\purple-glow-social-2.0\\lib\\config\\urls.ts": {"path":"C:\\scratchpad\\purple-glow-social-2.0\\lib\\config\\urls.ts","statementMap":{"0":{"start":{"line":20,"column":2},"end":{"line":22,"column":null}},"1":{"start":{"line":21,"column":4},"end":{"line":21,"column":null}},"2":{"start":{"line":25,"column":2},"end":{"line":27,"column":null}},"3":{"start":{"line":26,"column":4},"end":{"line":26,"column":null}},"4":{"start":{"line":30,"column":2},"end":{"line":30,"column":null}},"5":{"start":{"line":37,"column":2},"end":{"line":37,"column":null}},"6":{"start":{"line":47,"column":15},"end":{"line":47,"column":null}},"7":{"start":{"line":48,"column":25},"end":{"line":48,"column":null}},"8":{"start":{"line":49,"column":2},"end":{"line":49,"column":null}},"9":{"start":{"line":59,"column":49},"end":{"line":67,"column":null}},"10":{"start":{"line":70,"column":2},"end":{"line":76,"column":null}},"11":{"start":{"line":71,"column":30},"end":{"line":74,"column":null}},"12":{"start":{"line":73,"column":21},"end":{"line":73,"column":34}},"13":{"start":{"line":75,"column":4},"end":{"line":75,"column":null}},"14":{"start":{"line":79,"column":24},"end":{"line":81,"column":null}},"15":{"start":{"line":80,"column":49},"end":{"line":80,"column":64}},"16":{"start":{"line":83,"column":2},"end":{"line":83,"column":null}}},"fnMap":{"0":{"name":"getBaseUrl","decl":{"start":{"line":18,"column":16},"end":{"line":18,"column":37}},"loc":{"start":{"line":18,"column":37},"end":{"line":31,"column":null}},"line":18},"1":{"name":"getApiBaseUrl","decl":{"start":{"line":36,"column":16},"end":{"line":36,"column":40}},"loc":{"start":{"line":36,"column":40},"end":{"line":38,"column":null}},"line":36},"2":{"name":"buildUrl","decl":{"start":{"line":46,"column":16},"end":{"line":46,"column":25}},"loc":{"start":{"line":46,"column":47},"end":{"line":50,"column":null}},"line":46},"3":{"name":"getTrustedOrigins","decl":{"start":{"line":58,"column":16},"end":{"line":58,"column":46}},"loc":{"start":{"line":58,"column":46},"end":{"line":84,"column":null}},"line":58},"4":{"name":"(anonymous_4)","decl":{"start":{"line":73,"column":11},"end":{"line":73,"column":21}},"loc":{"start":{"line":73,"column":21},"end":{"line":73,"column":34}},"line":73},"5":{"name":"(anonymous_5)","decl":{"start":{"line":80,"column":19},"end":{"line":80,"column":20}},"loc":{"start":{"line":80,"column":49},"end":{"line":80,"column":64}},"line":80}},"branchMap":{"0":{"loc":{"start":{"line":20,"column":2},"end":{"line":22,"column":null}},"type":"if","locations":[{"start":{"line":20,"column":2},"end":{"line":22,"column":null}},{"start":{},"end":{}}],"line":20},"1":{"loc":{"start":{"line":25,"column":2},"end":{"line":27,"column":null}},"type":"if","locations":[{"start":{"line":25,"column":2},"end":{"line":27,"column":null}},{"start":{},"end":{}}],"line":25},"2":{"loc":{"start":{"line":48,"column":25},"end":{"line":48,"column":null}},"type":"cond-expr","locations":[{"start":{"line":48,"column":48},"end":{"line":48,"column":55}},{"start":{"line":48,"column":55},"end":{"line":48,"column":null}}],"line":48},"3":{"loc":{"start":{"line":65,"column":4},"end":{"line":65,"column":null}},"type":"cond-expr","locations":[{"start":{"line":65,"column":29},"end":{"line":65,"column":67}},{"start":{"line":65,"column":67},"end":{"line":65,"column":null}}],"line":65},"4":{"loc":{"start":{"line":70,"column":2},"end":{"line":76,"column":null}},"type":"if","locations":[{"start":{"line":70,"column":2},"end":{"line":76,"column":null}},{"start":{},"end":{}}],"line":70}},"s":{"0":0,"1":0,"2":0,"3":0,"4":0,"5":0,"6":0,"7":0,"8":0,"9":1,"10":1,"11":0,"12":0,"13":0,"14":1,"15":6,"16":1},"f":{"0":0,"1":0,"2":0,"3":1,"4":0,"5":6},"b":{"0":[0,0],"1":[0,0],"2":[0,0],"3":[0,1],"4":[0,1]},"meta":{"lastBranch":5,"lastFunction":6,"lastStatement":17,"seen":{"f:18:16:18:37":0,"b:20:2:22:Infinity:undefined:undefined:undefined:undefined":0,"s:20:2:22:Infinity":0,"s:21:4:21:Infinity":1,"b:25:2:27:Infinity:undefined:undefined:undefined:undefined":1,"s:25:2:27:Infinity":2,"s:26:4:26:Infinity":3,"s:30:2:30:Infinity":4,"f:36:16:36:40":1,"s:37:2:37:Infinity":5,"f:46:16:46:25":2,"s:47:15:47:Infinity":6,"s:48:25:48:Infinity":7,"b:48:48:48:55:48:55:48:Infinity":2,"s:49:2:49:Infinity":8,"f:58:16:58:46":3,"s:59:49:67:Infinity":9,"b:65:29:65:67:65:67:65:Infinity":3,"b:70:2:76:Infinity:undefined:undefined:undefined:undefined":4,"s:70:2:76:Infinity":10,"s:71:30:74:Infinity":11,"f:73:11:73:21":4,"s:73:21:73:34":12,"s:75:4:75:Infinity":13,"s:79:24:81:Infinity":14,"f:80:19:80:20":5,"s:80:49:80:64":15,"s:83:2:83:Infinity":16}}}
,"C:\\scratchpad\\purple-glow-social-2.0\\lib\\db\\users.ts": {"path":"C:\\scratchpad\\purple-glow-social-2.0\\lib\\db\\users.ts","statementMap":{"0":{"start":{"line":17,"column":19},"end":{"line":21,"column":null}},"1":{"start":{"line":23,"column":2},"end":{"line":23,"column":null}},"2":{"start":{"line":30,"column":19},"end":{"line":34,"column":null}},"3":{"start":{"line":36,"column":2},"end":{"line":36,"column":null}},"4":{"start":{"line":49,"column":43},"end":{"line":49,"column":null}},"5":{"start":{"line":51,"column":21},"end":{"line":51,"column":null}},"6":{"start":{"line":52,"column":2},"end":{"line":54,"column":null}},"7":{"start":{"line":53,"column":4},"end":{"line":53,"column":null}},"8":{"start":{"line":56,"column":16},"end":{"line":56,"column":null}},"9":{"start":{"line":58,"column":2},"end":{"line":64,"column":null}},"10":{"start":{"line":59,"column":4},"end":{"line":63,"column":null}},"11":{"start":{"line":66,"column":2},"end":{"line":69,"column":null}},"12":{"start":{"line":86,"column":20},"end":{"line":93,"column":null}},"13":{"start":{"line":95,"column":2},"end":{"line":95,"column":null}},"14":{"start":{"line":102,"column":20},"end":{"line":109,"column":null}},"15":{"start":{"line":111,"column":2},"end":{"line":111,"column":null}},"16":{"start":{"line":127,"column":2},"end":{"line":166,"column":null}},"17":{"start":{"line":130,"column":21},"end":{"line":142,"column":null}},"18":{"start":{"line":144,"column":4},"end":{"line":158,"column":null}},"19":{"start":{"line":147,"column":28},"end":{"line":151,"column":null}},"20":{"start":{"line":153,"column":6},"end":{"line":157,"column":null}},"21":{"start":{"line":160,"column":4},"end":{"line":163,"column":null}},"22":{"start":{"line":165,"column":4},"end":{"line":165,"column":null}},"23":{"start":{"line":174,"column":20},"end":{"line":181,"column":null}},"24":{"start":{"line":183,"column":2},"end":{"line":183,"column":null}},"25":{"start":{"line":190,"column":19},"end":{"line":190,"column":null}},"26":{"start":{"line":191,"column":2},"end":{"line":191,"column":null}},"27":{"start":{"line":202,"column":18},"end":{"line":208,"column":null}},"28":{"start":{"line":210,"column":23},"end":{"line":214,"column":null}},"29":{"start":{"line":216,"column":2},"end":{"line":220,"column":null}},"30":{"start":{"line":217,"column":4},"end":{"line":219,"column":null}},"31":{"start":{"line":218,"column":6},"end":{"line":218,"column":null}},"32":{"start":{"line":222,"column":2},"end":{"line":222,"column":null}},"33":{"start":{"line":234,"column":21},"end":{"line":234,"column":null}},"34":{"start":{"line":235,"column":2},"end":{"line":235,"column":null}},"35":{"start":{"line":235,"column":19},"end":{"line":235,"column":null}},"36":{"start":{"line":237,"column":20},"end":{"line":244,"column":null}},"37":{"start":{"line":246,"column":19},"end":{"line":246,"column":null}},"38":{"start":{"line":247,"column":23},"end":{"line":247,"column":null}},"39":{"start":{"line":248,"column":20},"end":{"line":248,"column":null}},"40":{"start":{"line":250,"column":2},"end":{"line":255,"column":null}},"41":{"start":{"line":251,"column":21},"end":{"line":251,"column":null}},"42":{"start":{"line":252,"column":4},"end":{"line":252,"column":null}},"43":{"start":{"line":253,"column":4},"end":{"line":253,"column":null}},"44":{"start":{"line":253,"column":36},"end":{"line":253,"column":null}},"45":{"start":{"line":254,"column":4},"end":{"line":254,"column":null}},"46":{"start":{"line":254,"column":33},"end":{"line":254,"column":null}},"47":{"start":{"line":257,"column":2},"end":{"line":262,"column":null}},"48":{"start":{"line":274,"column":37},"end":{"line":274,"column":null}},"49":{"start":{"line":277,"column":16},"end":{"line":277,"column":null}},"50":{"start":{"line":280,"column":21},"end":{"line":286,"column":null}},"51":{"start":{"line":289,"column":19},"end":{"line":289,"column":null}},"52":{"start":{"line":290,"column":2},"end":{"line":292,"column":null}},"53":{"start":{"line":291,"column":4},"end":{"line":291,"column":null}},"54":{"start":{"line":295,"column":2},"end":{"line":298,"column":null}},"55":{"start":{"line":295,"column":25},"end":{"line":298,"column":4}}},"fnMap":{"0":{"name":"getUserById","decl":{"start":{"line":16,"column":22},"end":{"line":16,"column":34}},"loc":{"start":{"line":16,"column":72},"end":{"line":24,"column":null}},"line":16},"1":{"name":"getUserByEmail","decl":{"start":{"line":29,"column":22},"end":{"line":29,"column":37}},"loc":{"start":{"line":29,"column":74},"end":{"line":37,"column":null}},"line":29},"2":{"name":"getAllUsers","decl":{"start":{"line":42,"column":22},"end":{"line":42,"column":null}},"loc":{"start":{"line":48,"column":19},"end":{"line":70,"column":null}},"line":48},"3":{"name":"updateUser","decl":{"start":{"line":75,"column":22},"end":{"line":75,"column":null}},"loc":{"start":{"line":85,"column":17},"end":{"line":96,"column":null}},"line":85},"4":{"name":"addCredits","decl":{"start":{"line":101,"column":22},"end":{"line":101,"column":33}},"loc":{"start":{"line":101,"column":80},"end":{"line":112,"column":null}},"line":101},"5":{"name":"deductCreditsAtomic","decl":{"start":{"line":122,"column":22},"end":{"line":122,"column":42}},"loc":{"start":{"line":126,"column":3},"end":{"line":167,"column":null}},"line":126},"6":{"name":"deductCredits","decl":{"start":{"line":173,"column":22},"end":{"line":173,"column":36}},"loc":{"start":{"line":173,"column":83},"end":{"line":184,"column":null}},"line":173},"7":{"name":"countUsers","decl":{"start":{"line":189,"column":22},"end":{"line":189,"column":52}},"loc":{"start":{"line":189,"column":52},"end":{"line":192,"column":null}},"line":189},"8":{"name":"getTierDistribution","decl":{"start":{"line":197,"column":22},"end":{"line":197,"column":null}},"loc":{"start":{"line":201,"column":3},"end":{"line":223,"column":null}},"line":201},"9":{"name":"getUserWithStats","decl":{"start":{"line":228,"column":22},"end":{"line":228,"column":39}},"loc":{"start":{"line":233,"column":10},"end":{"line":263,"column":null}},"line":233},"10":{"name":"getAllUsersWithStats","decl":{"start":{"line":268,"column":22},"end":{"line":268,"column":null}},"loc":{"start":{"line":273,"column":51},"end":{"line":299,"column":null}},"line":273},"11":{"name":"(anonymous_11)","decl":{"start":{"line":295,"column":19},"end":{"line":295,"column":25}},"loc":{"start":{"line":295,"column":25},"end":{"line":298,"column":4}},"line":295}},"branchMap":{"0":{"loc":{"start":{"line":23,"column":9},"end":{"line":23,"column":null}},"type":"binary-expr","locations":[{"start":{"line":23,"column":9},"end":{"line":23,"column":19}},{"start":{"line":23,"column":19},"end":{"line":23,"column":null}}],"line":23},"1":{"loc":{"start":{"line":36,"column":9},"end":{"line":36,"column":null}},"type":"binary-expr","locations":[{"start":{"line":36,"column":9},"end":{"line":36,"column":19}},{"start":{"line":36,"column":19},"end":{"line":36,"column":null}}],"line":36},"2":{"loc":{"start":{"line":43,"column":2},"end":{"line":47,"column":null}},"type":"default-arg","locations":[{"start":{"line":47,"column":6},"end":{"line":47,"column":null}}],"line":43},"3":{"loc":{"start":{"line":49,"column":10},"end":{"line":49,"column":22}},"type":"default-arg","locations":[{"start":{"line":49,"column":18},"end":{"line":49,"column":22}}],"line":49},"4":{"loc":{"start":{"line":49,"column":22},"end":{"line":49,"column":34}},"type":"default-arg","locations":[{"start":{"line":49,"column":31},"end":{"line":49,"column":34}}],"line":49},"5":{"loc":{"start":{"line":52,"column":2},"end":{"line":54,"column":null}},"type":"if","locations":[{"start":{"line":52,"column":2},"end":{"line":54,"column":null}},{"start":{},"end":{}}],"line":52},"6":{"loc":{"start":{"line":58,"column":2},"end":{"line":64,"column":null}},"type":"if","locations":[{"start":{"line":58,"column":2},"end":{"line":64,"column":null}},{"start":{},"end":{}}],"line":58},"7":{"loc":{"start":{"line":144,"column":4},"end":{"line":158,"column":null}},"type":"if","locations":[{"start":{"line":144,"column":4},"end":{"line":158,"column":null}},{"start":{},"end":{}}],"line":144},"8":{"loc":{"start":{"line":155,"column":20},"end":{"line":155,"column":null}},"type":"binary-expr","locations":[{"start":{"line":155,"column":20},"end":{"line":155,"column":44}},{"start":{"line":155,"column":44},"end":{"line":155,"column":null}}],"line":155},"9":{"loc":{"start":{"line":191,"column":9},"end":{"line":191,"column":null}},"type":"binary-expr","locations":[{"start":{"line":191,"column":9},"end":{"line":191,"column":26}},{"start":{"line":191,"column":26},"end":{"line":191,"column":null}}],"line":191},"10":{"loc":{"start":{"line":217,"column":4},"end":{"line":219,"column":null}},"type":"if","locations":[{"start":{"line":217,"column":4},"end":{"line":219,"column":null}},{"start":{},"end":{}}],"line":217},"11":{"loc":{"start":{"line":217,"column":8},"end":{"line":217,"column":46}},"type":"binary-expr","locations":[{"start":{"line":217,"column":8},"end":{"line":217,"column":20}},{"start":{"line":217,"column":20},"end":{"line":217,"column":46}}],"line":217},"12":{"loc":{"start":{"line":235,"column":2},"end":{"line":235,"column":null}},"type":"if","locations":[{"start":{"line":235,"column":2},"end":{"line":235,"column":null}},{"start":{},"end":{}}],"line":235},"13":{"loc":{"start":{"line":253,"column":4},"end":{"line":253,"column":null}},"type":"if","locations":[{"start":{"line":253,"column":4},"end":{"line":253,"column":null}},{"start":{},"end":{}}],"line":253},"14":{"loc":{"start":{"line":254,"column":4},"end":{"line":254,"column":null}},"type":"if","locations":[{"start":{"line":254,"column":4},"end":{"line":254,"column":null}},{"start":{},"end":{}}],"line":254},"15":{"loc":{"start":{"line":269,"column":2},"end":{"line":272,"column":null}},"type":"default-arg","locations":[{"start":{"line":272,"column":6},"end":{"line":272,"column":null}}],"line":269},"16":{"loc":{"start":{"line":274,"column":10},"end":{"line":274,"column":22}},"type":"default-arg","locations":[{"start":{"line":274,"column":18},"end":{"line":274,"column":22}}],"line":274},"17":{"loc":{"start":{"line":274,"column":22},"end":{"line":274,"column":33}},"type":"default-arg","locations":[{"start":{"line":274,"column":31},"end":{"line":274,"column":33}}],"line":274},"18":{"loc":{"start":{"line":297,"column":18},"end":{"line":297,"column":null}},"type":"binary-expr","locations":[{"start":{"line":297,"column":18},"end":{"line":297,"column":40}},{"start":{"line":297,"column":40},"end":{"line":297,"column":null}}],"line":297}},"s":{"0":0,"1":0,"2":0,"3":0,"4":0,"5":0,"6":0,"7":0,"8":0,"9":0,"10":0,"11":0,"12":0,"13":0,"14":0,"15":0,"16":25,"17":25,"18":25,"19":15,"20":15,"21":10,"22":0,"23":0,"24":0,"25":0,"26":0,"27":0,"28":0,"29":0,"30":0,"31":0,"32":0,"33":0,"34":0,"35":0,"36":0,"37":0,"38":0,"39":0,"40":0,"41":0,"42":0,"43":0,"44":0,"45":0,"46":0,"47":0,"48":0,"49":0,"50":0,"51":0,"52":0,"53":0,"54":0,"55":0},"f":{"0":0,"1":0,"2":0,"3":0,"4":0,"5":25,"6":0,"7":0,"8":0,"9":0,"10":0,"11":0},"b":{"0":[0,0],"1":[0,0],"2":[0],"3":[0],"4":[0],"5":[0,0],"6":[0,0],"7":[15,10],"8":[15,0],"9":[0,0],"10":[0,0],"11":[0,0],"12":[0,0],"13":[0,0],"14":[0,0],"15":[0],"16":[0],"17":[0],"18":[0,0]},"meta":{"lastBranch":19,"lastFunction":12,"lastStatement":56,"seen":{"f:16:22:16:34":0,"s:17:19:21:Infinity":0,"s:23:2:23:Infinity":1,"b:23:9:23:19:23:19:23:Infinity":0,"f:29:22:29:37":1,"s:30:19:34:Infinity":2,"s:36:2:36:Infinity":3,"b:36:9:36:19:36:19:36:Infinity":1,"f:42:22:42:Infinity":2,"b:47:6:47:Infinity":2,"s:49:43:49:Infinity":4,"b:49:18:49:22":3,"b:49:31:49:34":4,"s:51:21:51:Infinity":5,"b:52:2:54:Infinity:undefined:undefined:undefined:undefined":5,"s:52:2:54:Infinity":6,"s:53:4:53:Infinity":7,"s:56:16:56:Infinity":8,"b:58:2:64:Infinity:undefined:undefined:undefined:undefined":6,"s:58:2:64:Infinity":9,"s:59:4:63:Infinity":10,"s:66:2:69:Infinity":11,"f:75:22:75:Infinity":3,"s:86:20:93:Infinity":12,"s:95:2:95:Infinity":13,"f:101:22:101:33":4,"s:102:20:109:Infinity":14,"s:111:2:111:Infinity":15,"f:122:22:122:42":5,"s:127:2:166:Infinity":16,"s:130:21:142:Infinity":17,"b:144:4:158:Infinity:undefined:undefined:undefined:undefined":7,"s:144:4:158:Infinity":18,"s:147:28:151:Infinity":19,"s:153:6:157:Infinity":20,"b:155:20:155:44:155:44:155:Infinity":8,"s:160:4:163:Infinity":21,"s:165:4:165:Infinity":22,"f:173:22:173:36":6,"s:174:20:181:Infinity":23,"s:183:2:183:Infinity":24,"f:189:22:189:52":7,"s:190:19:190:Infinity":25,"s:191:2:191:Infinity":26,"b:191:9:191:26:191:26:191:Infinity":9,"f:197:22:197:Infinity":8,"s:202:18:208:Infinity":27,"s:210:23:214:Infinity":28,"s:216:2:220:Infinity":29,"b:217:4:219:Infinity:undefined:undefined:undefined:undefined":10,"s:217:4:219:Infinity":30,"b:217:8:217:20:217:20:217:46":11,"s:218:6:218:Infinity":31,"s:222:2:222:Infinity":32,"f:228:22:228:39":9,"s:234:21:234:Infinity":33,"b:235:2:235:Infinity:undefined:undefined:undefined:undefined":12,"s:235:2:235:Infinity":34,"s:235:19:235:Infinity":35,"s:237:20:244:Infinity":36,"s:246:19:246:Infinity":37,"s:247:23:247:Infinity":38,"s:248:20:248:Infinity":39,"s:250:2:255:Infinity":40,"s:251:21:251:Infinity":41,"s:252:4:252:Infinity":42,"b:253:4:253:Infinity:undefined:undefined:undefined:undefined":13,"s:253:4:253:Infinity":43,"s:253:36:253:Infinity":44,"b:254:4:254:Infinity:undefined:undefined:undefined:undefined":14,"s:254:4:254:Infinity":45,"s:254:33:254:Infinity":46,"s:257:2:262:Infinity":47,"f:268:22:268:Infinity":10,"b:272:6:272:Infinity":15,"s:274:37:274:Infinity":48,"b:274:18:274:22":16,"b:274:31:274:33":17,"s:277:16:277:Infinity":49,"s:280:21:286:Infinity":50,"s:289:19:289:Infinity":51,"s:290:2:292:Infinity":52,"s:291:4:291:Infinity":53,"s:295:2:298:Infinity":54,"f:295:19:295:25":11,"s:295:25:298:4":55,"b:297:18:297:40:297:40:297:Infinity":18}}}
,"C:\\scratchpad\\purple-glow-social-2.0\\lib\\monitoring\\performance.ts": {"path":"C:\\scratchpad\\purple-glow-social-2.0\\lib\\monitoring\\performance.ts","statementMap":{"0":{"start":{"line":19,"column":43},"end":{"line":19,"column":null}},"1":{"start":{"line":20,"column":24},"end":{"line":20,"column":null}},"2":{"start":{"line":27,"column":2},"end":{"line":27,"column":null}},"3":{"start":{"line":30,"column":2},"end":{"line":32,"column":null}},"4":{"start":{"line":31,"column":4},"end":{"line":31,"column":null}},"5":{"start":{"line":35,"column":2},"end":{"line":50,"column":null}},"6":{"start":{"line":36,"column":4},"end":{"line":36,"column":null}},"7":{"start":{"line":39,"column":4},"end":{"line":49,"column":null}},"8":{"start":{"line":57,"column":20},"end":{"line":57,"column":null}},"9":{"start":{"line":59,"column":2},"end":{"line":73,"column":null}},"10":{"start":{"line":61,"column":23},"end":{"line":61,"column":null}},"11":{"start":{"line":63,"column":6},"end":{"line":69,"column":null}},"12":{"start":{"line":71,"column":6},"end":{"line":71,"column":null}},"13":{"start":{"line":84,"column":2},"end":{"line":94,"column":null}},"14":{"start":{"line":85,"column":18},"end":{"line":85,"column":null}},"15":{"start":{"line":86,"column":4},"end":{"line":93,"column":null}},"16":{"start":{"line":87,"column":21},"end":{"line":87,"column":null}},"17":{"start":{"line":88,"column":6},"end":{"line":88,"column":null}},"18":{"start":{"line":89,"column":6},"end":{"line":89,"column":null}},"19":{"start":{"line":91,"column":6},"end":{"line":91,"column":null}},"20":{"start":{"line":92,"column":6},"end":{"line":92,"column":null}},"21":{"start":{"line":101,"column":2},"end":{"line":110,"column":null}},"22":{"start":{"line":117,"column":2},"end":{"line":125,"column":null}},"23":{"start":{"line":132,"column":2},"end":{"line":144,"column":null}},"24":{"start":{"line":151,"column":2},"end":{"line":153,"column":null}},"25":{"start":{"line":152,"column":17},"end":{"line":152,"column":59}},"26":{"start":{"line":160,"column":18},"end":{"line":160,"column":null}},"27":{"start":{"line":161,"column":2},"end":{"line":161,"column":null}},"28":{"start":{"line":161,"column":28},"end":{"line":161,"column":null}},"29":{"start":{"line":163,"column":16},"end":{"line":163,"column":null}},"30":{"start":{"line":163,"column":43},"end":{"line":163,"column":61}},"31":{"start":{"line":164,"column":2},"end":{"line":164,"column":null}},"32":{"start":{"line":171,"column":81},"end":{"line":171,"column":null}},"33":{"start":{"line":173,"column":2},"end":{"line":180,"column":null}},"34":{"start":{"line":174,"column":4},"end":{"line":176,"column":null}},"35":{"start":{"line":175,"column":6},"end":{"line":175,"column":null}},"36":{"start":{"line":177,"column":4},"end":{"line":177,"column":null}},"37":{"start":{"line":178,"column":4},"end":{"line":178,"column":null}},"38":{"start":{"line":179,"column":4},"end":{"line":179,"column":null}},"39":{"start":{"line":182,"column":78},"end":{"line":182,"column":null}},"40":{"start":{"line":183,"column":2},"end":{"line":189,"column":null}},"41":{"start":{"line":184,"column":4},"end":{"line":188,"column":null}},"42":{"start":{"line":191,"column":2},"end":{"line":191,"column":null}}},"fnMap":{"0":{"name":"trackMetric","decl":{"start":{"line":25,"column":16},"end":{"line":25,"column":28}},"loc":{"start":{"line":25,"column":55},"end":{"line":51,"column":null}},"line":25},"1":{"name":"createTimer","decl":{"start":{"line":56,"column":16},"end":{"line":56,"column":28}},"loc":{"start":{"line":56,"column":73},"end":{"line":74,"column":null}},"line":56},"2":{"name":"(anonymous_2)","decl":{"start":{"line":60,"column":10},"end":{"line":60,"column":11}},"loc":{"start":{"line":60,"column":46},"end":{"line":72,"column":null}},"line":60},"3":{"name":"withPerformanceTracking","decl":{"start":{"line":79,"column":16},"end":{"line":79,"column":null}},"loc":{"start":{"line":83,"column":5},"end":{"line":95,"column":null}},"line":83},"4":{"name":"(anonymous_4)","decl":{"start":{"line":84,"column":10},"end":{"line":84,"column":20}},"loc":{"start":{"line":84,"column":44},"end":{"line":94,"column":null}},"line":84},"5":{"name":"trackApiEndpoint","decl":{"start":{"line":100,"column":16},"end":{"line":100,"column":33}},"loc":{"start":{"line":100,"column":105},"end":{"line":111,"column":null}},"line":100},"6":{"name":"trackDatabaseQuery","decl":{"start":{"line":116,"column":16},"end":{"line":116,"column":35}},"loc":{"start":{"line":116,"column":83},"end":{"line":126,"column":null}},"line":116},"7":{"name":"trackAIGeneration","decl":{"start":{"line":131,"column":16},"end":{"line":131,"column":34}},"loc":{"start":{"line":131,"column":115},"end":{"line":145,"column":null}},"line":131},"8":{"name":"getRecentMetrics","decl":{"start":{"line":150,"column":16},"end":{"line":150,"column":33}},"loc":{"start":{"line":150,"column":89},"end":{"line":154,"column":null}},"line":150},"9":{"name":"(anonymous_9)","decl":{"start":{"line":152,"column":12},"end":{"line":152,"column":17}},"loc":{"start":{"line":152,"column":17},"end":{"line":152,"column":59}},"line":152},"10":{"name":"getAverageDuration","decl":{"start":{"line":159,"column":16},"end":{"line":159,"column":35}},"loc":{"start":{"line":159,"column":57},"end":{"line":165,"column":null}},"line":159},"11":{"name":"(anonymous_11)","decl":{"start":{"line":163,"column":31},"end":{"line":163,"column":32}},"loc":{"start":{"line":163,"column":43},"end":{"line":163,"column":61}},"line":163},"12":{"name":"getPerformanceSummary","decl":{"start":{"line":170,"column":16},"end":{"line":170,"c
[...]
27,"column":24},"end":{"line":27,"column":52}}],"line":27},"3":{"loc":{"start":{"line":43,"column":2},"end":{"line":45,"column":null}},"type":"if","locations":[{"start":{"line":43,"column":2},"end":{"line":45,"column":null}},{"start":{},"end":{}}],"line":43},"4":{"loc":{"start":{"line":48,"column":2},"end":{"line":50,"column":null}},"type":"if","locations":[{"start":{"line":48,"column":2},"end":{"line":50,"column":null}},{"start":{},"end":{}}],"line":48},"5":{"loc":{"start":{"line":67,"column":2},"end":{"line":69,"column":null}},"type":"if","locations":[{"start":{"line":67,"column":2},"end":{"line":69,"column":null}},{"start":{},"end":{}}],"line":67},"6":{"loc":{"start":{"line":89,"column":2},"end":{"line":100,"column":null}},"type":"if","locations":[{"start":{"line":89,"column":2},"end":{"line":100,"column":null}},{"start":{},"end":{}}],"line":89},"7":{"loc":{"start":{"line":123,"column":2},"end":{"line":128,"column":null}},"type":"if","locations":[{"start":{"line":123,"column":2},"end":{"line":128,"column":null}},{"start":{},"end":{}}],"line":123},"8":{"loc":{"start":{"line":130,"column":2},"end":{"line":135,"column":null}},"type":"if","locations":[{"start":{"line":130,"column":2},"end":{"line":135,"column":null}},{"start":{},"end":{}}],"line":130},"9":{"loc":{"start":{"line":156,"column":47},"end":{"line":156,"column":85}},"type":"default-arg","locations":[{"start":{"line":156,"column":72},"end":{"line":156,"column":85}}],"line":156},"10":{"loc":{"start":{"line":161,"column":4},"end":{"line":163,"column":null}},"type":"if","locations":[{"start":{"line":161,"column":4},"end":{"line":163,"column":null}},{"start":{},"end":{}}],"line":161},"11":{"loc":{"start":{"line":166,"column":20},"end":{"line":168,"column":null}},"type":"cond-expr","locations":[{"start":{"line":167,"column":8},"end":{"line":167,"column":null}},{"start":{"line":168,"column":8},"end":{"line":168,"column":null}}],"line":166},"12":{"loc":{"start":{"line":175,"column":11},"end":{"line":175,"column":null}},"type":"binary-expr","locations":[{"start":{"line":175,"column":11},"end":{"line":175,"column":34}},{"start":{"line":175,"column":34},"end":{"line":175,"column":null}}],"line":175},"13":{"loc":{"start":{"line":182,"column":36},"end":{"line":182,"column":65}},"type":"default-arg","locations":[{"start":{"line":182,"column":53},"end":{"line":182,"column":65}}],"line":182},"14":{"loc":{"start":{"line":193,"column":48},"end":{"line":193,"column":82}},"type":"default-arg","locations":[{"start":{"line":193,"column":71},"end":{"line":193,"column":82}}],"line":193},"15":{"loc":{"start":{"line":194,"column":2},"end":{"line":196,"column":null}},"type":"if","locations":[{"start":{"line":194,"column":2},"end":{"line":196,"column":null}},{"start":{},"end":{}}],"line":194}},"s":{"0":1,"1":0,"2":0,"3":0,"4":0,"5":4,"6":4,"7":8,"8":4,"9":0,"10":4,"11":2,"12":2,"13":0,"14":0,"15":0,"16":0,"17":0,"18":0,"19":0,"20":0,"21":0,"22":0,"23":0,"24":0,"25":0,"26":0,"27":0,"28":5,"29":4,"30":4,"31":4,"32":0,"33":1,"34":4,"35":4,"36":3,"37":105,"38":105,"39":105,"40":105,"41":3444,"42":5,"43":3,"44":2,"45":2,"46":2,"47":2},"f":{"0":0,"1":0,"2":4,"3":8,"4":0,"5":0,"6":0,"7":5,"8":4,"9":105,"10":3444,"11":5},"b":{"0":[1,0],"1":[0],"2":[0],"3":[0,4],"4":[2,2],"5":[0,0],"6":[0,0],"7":[0,0],"8":[0,0],"9":[4],"10":[0,4],"11":[1,0],"12":[3,3],"13":[105],"14":[5],"15":[3,2]},"meta":{"lastBranch":16,"lastFunction":12,"lastStatement":48,"seen":{"s:14:6:14:Infinity":0,"b:14:22:14:50:14:50:14:54":0,"f:20:2:20:14":0,"b:20:24:20:51":1,"s:21:4:21:Infinity":1,"s:22:4:22:Infinity":2,"f:27:2:27:14":1,"b:27:24:27:52":2,"s:28:4:28:Infinity":3,"s:29:4:29:Infinity":4,"f:37:16:37:24":2,"s:39:26:39:Infinity":5,"s:42:22:42:Infinity":6,"f:42:39:42:44":3,"s:42:44:42:66":7,"b:43:2:45:Infinity:undefined:undefined:undefined:undefined":3,"s:43:2:45:Infinity":8,"s:44:4:44:Infinity":9,"b:48:2:50:Infinity:undefined:undefined:undefined:undefined":4,"s:48:2:50:Infinity":10,"s:49:4:49:Infinity":11,"s:52:2:52:Infinity":12,"f:62:22:62:34":4,"s:63:18:65:Infinity":13,"b:67:2:69:Infinity:undefined:undefined:undefined:undefined":5,"s:67:2:69:Infinity":14,"s:68:4:68:Infinity":15,"s:71:2:71:Infinity":16,"f:84:22:84:35":5,"s:86:15:86:Infinity":17,"b:89:2:100:Infinity:undefined:undefined:undefined:undefined":6,"s:89:2:100:Infinity":18,"s:91:4:97:Infinity":19,"s:99:4:99:Infinity":20,"s:103:2:109:Infinity":21,"s:111:2:111:Infinity":22,"f:122:16:122:32":6,"b:123:2:128:Infinity:undefined:undefined:undefined:undefined":7,"s:123:2:128:Infinity":23,"s:124:4:127:Infinity":24,"b:130:2:135:Infinity:undefined:undefined:undefined:undefined":8,"s:130:2:135:Infinity":25,"s:131:4:134:Infinity":26,"s:138:2:138:Infinity":27,"f:144:16:144:30":7,"s:145:2:150:Infinity":28,"f:156:16:156:34":8,"b:156:72:156:85":9,"s:157:2:176:Infinity":29,"s:158:19:158:Infinity":30,"b:161:4:163:Infinity:undefined:undefined:undefined:undefined":10,"s:161:4:163:Infinity":31,"s:162:6:162:Infinity":32,"s:166:20:168:Infinity":33,"b:167:8:167:Infinity:168:8:168:Infinity":11,"s:170:20:170:Infinity":34,"s:172:4:172:Infinity":35,"s:175:4:175:Infinity":36,"b:175:11:175:34:175:34:175:Infinity":12,"f:182:16:182:36":9,"b:182:53:182:65":13,"s:183:16:183:Infinity":37,"s:184:16:184:Infinity":38,"s:185:2:185:Infinity":39,"s:187:2:187:Infinity":40,"f:187:27:187:35":10,"s:187:35:187:61":41,"f:193:16:193:34":11,"b:193:71:193:82":14,"b:194:2:196:Infinity:undefined:undefined:undefined:undefined":15,"s:194:2:196:Infinity":42,"s:195:4:195:Infinity":43,"s:198:16:198:Infinity":44,"s:199:14:199:Infinity":45,"s:200:17:200:Infinity":46,"s:202:2:202:Infinity":47}}}
,"C:\\scratchpad\\purple-glow-social-2.0\\lib\\security\\validation.ts": {"path":"C:\\scratchpad\\purple-glow-social-2.0\\lib\\security\\validation.ts","statementMap":{"0":{"start":{"line":10,"column":23},"end":{"line":10,"column":null}},"1":{"start":{"line":11,"column":19},"end":{"line":11,"column":null}},"2":{"start":{"line":12,"column":19},"end":{"line":12,"column":null}},"3":{"start":{"line":15,"column":23},"end":{"line":17,"column":null}},"4":{"start":{"line":22,"column":39},"end":{"line":30,"column":null}},"5":{"start":{"line":37,"column":26},"end":{"line":46,"column":null}},"6":{"start":{"line":53,"column":36},"end":{"line":60,"column":null}},"7":{"start":{"line":67,"column":33},"end":{"line":72,"column":null}},"8":{"start":{"line":79,"column":37},"end":{"line":84,"column":null}},"9":{"start":{"line":91,"column":30},"end":{"line":95,"column":null}},"10":{"start":{"line":102,"column":32},"end":{"line":106,"column":null}},"11":{"start":{"line":117,"column":17},"end":{"line":117,"column":null}},"12":{"start":{"line":119,"column":2},"end":{"line":121,"column":null}},"13":{"start":{"line":120,"column":4},"end":{"line":120,"column":null}},"14":{"start":{"line":123,"column":2},"end":{"line":123,"column":null}},"15":{"start":{"line":133,"column":2},"end":{"line":139,"column":null}},"16":{"start":{"line":135,"column":39},"end":{"line":138,"column":6}}},"fnMap":{"0":{"name":"validateRequest","decl":{"start":{"line":113,"column":16},"end":{"line":113,"column":null}},"loc":{"start":{"line":116,"column":71},"end":{"line":124,"column":null}},"line":116},"1":{"name":"formatValidationErrors","decl":{"start":{"line":129,"column":16},"end":{"line":129,"column":39}},"loc":{"start":{"line":132,"column":2},"end":{"line":140,"column":null}},"line":132},"2":{"name":"(anonymous_2)","decl":{"start":{"line":135,"column":31},"end":{"line":135,"column":39}},"loc":{"start":{"line":135,"column":39},"end":{"line":138,"column":6}},"line":135}},"branchMap":{"0":{"loc":{"start":{"line":119,"column":2},"end":{"line":121,"column":null}},"type":"if","locations":[{"start":{"line":119,"column":2},"end":{"line":121,"column":null}},{"start":{},"end":{}}],"line":119}},"s":{"0":1,"1":1,"2":1,"3":1,"4":1,"5":1,"6":1,"7":1,"8":1,"9":1,"10":1,"11":29,"12":29,"13":20,"14":9,"15":1,"16":3},"f":{"0":29,"1":1,"2":3},"b":{"0":[20,9]},"meta":{"lastBranch":1,"lastFunction":3,"lastStatement":17,"seen":{"s:10:23:10:Infinity":0,"s:11:19:11:Infinity":1,"s:12:19:12:Infinity":2,"s:15:23:17:Infinity":3,"s:22:39:30:Infinity":4,"s:37:26:46:Infinity":5,"s:53:36:60:Infinity":6,"s:67:33:72:Infinity":7,"s:79:37:84:Infinity":8,"s:91:30:95:Infinity":9,"s:102:32:106:Infinity":10,"f:113:16:113:Infinity":0,"s:117:17:117:Infinity":11,"b:119:2:121:Infinity:undefined:undefined:undefined:undefined":0,"s:119:2:121:Infinity":12,"s:120:4:120:Infinity":13,"s:123:2:123:Infinity":14,"f:129:16:129:39":1,"s:133:2:139:Infinity":15,"f:135:31:135:39":2,"s:135:39:138:6":16}}}
,"C:\\scratchpad\\purple-glow-social-2.0\\lib\\tiers\\config.ts": {"path":"C:\\scratchpad\\purple-glow-social-2.0\\lib\\tiers\\config.ts","statementMap":{"0":{"start":{"line":6,"column":57},"end":{"line":43,"column":null}},"1":{"start":{"line":46,"column":53},"end":{"line":77,"column":null}},"2":{"start":{"line":81,"column":2},"end":{"line":81,"column":null}},"3":{"start":{"line":86,"column":2},"end":{"line":86,"column":null}},"4":{"start":{"line":91,"column":2},"end":{"line":91,"column":null}},"5":{"start":{"line":91,"column":26},"end":{"line":91,"column":null}},"6":{"start":{"line":92,"column":22},"end":{"line":92,"column":null}},"7":{"start":{"line":93,"column":2},"end":{"line":93,"column":null}},"8":{"start":{"line":97,"column":38},"end":{"line":102,"column":null}},"9":{"start":{"line":105,"column":25},"end":{"line":105,"column":null}}},"fnMap":{"0":{"name":"getTierLimits","decl":{"start":{"line":80,"column":16},"end":{"line":80,"column":30}},"loc":{"start":{"line":80,"column":58},"end":{"line":82,"column":null}},"line":80},"1":{"name":"getTierInfo","decl":{"start":{"line":85,"column":16},"end":{"line":85,"column":28}},"loc":{"start":{"line":85,"column":54},"end":{"line":87,"column":null}},"line":85},"2":{"name":"formatPrice","decl":{"start":{"line":90,"column":16},"end":{"line":90,"column":28}},"loc":{"start":{"line":90,"column":58},"end":{"line":94,"column":null}},"line":90}},"branchMap":{"0":{"loc":{"start":{"line":91,"column":2},"end":{"line":91,"column":null}},"type":"if","locations":[{"start":{"line":91,"column":2},"end":{"line":91,"column":null}},{"start":{},"end":{}}],"line":91}},"s":{"0":1,"1":1,"2":40,"3":0,"4":5,"5":1,"6":4,"7":4,"8":1,"9":1},"f":{"0":40,"1":0,"2":5},"b":{"0":[1,4]},"meta":{"lastBranch":1,"lastFunction":3,"lastStatement":10,"seen":{"s:6:57:43:Infinity":0,"s:46:53:77:Infinity":1,"f:80:16:80:30":0,"s:81:2:81:Infinity":2,"f:85:16:85:28":1,"s:86:2:86:Infinity":3,"f:90:16:90:28":2,"b:91:2:91:Infinity:undefined:undefined:undefined:undefined":0,"s:91:2:91:Infinity":4,"s:91:26:91:Infinity":5,"s:92:22:92:Infinity":6,"s:93:2:93:Infinity":7,"s:97:38:102:Infinity":8,"s:105:25:105:Infinity":9}}}
,"C:\\scratchpad\\purple-glow-social-2.0\\lib\\tiers\\validation.ts": {"path":"C:\\scratchpad\\purple-glow-social-2.0\\lib\\tiers\\validation.ts","statementMap":{"0":{"start":{"line":12,"column":8},"end":{"line":12,"column":null}},"1":{"start":{"line":13,"column":29},"end":{"line":13,"column":null}},"2":{"start":{"line":14,"column":23},"end":{"line":14,"column":null}},"3":{"start":{"line":14,"column":88},"end":{"line":14,"column":101}},"4":{"start":{"line":17,"column":2},"end":{"line":24,"column":null}},"5":{"start":{"line":18,"column":4},"end":{"line":23,"column":null}},"6":{"start":{"line":27,"column":2},"end":{"line":34,"column":null}},"7":{"start":{"line":28,"column":4},"end":{"line":33,"column":null}},"8":{"start":{"line":36,"column":2},"end":{"line":40,"column":null}},"9":{"start":{"line":49,"column":8},"end":{"line":49,"column":null}},"10":{"start":{"line":52,"column":2},"end":{"line":59,"column":null}},"11":{"start":{"line":53,"column":4},"end":{"line":58,"column":null}},"12":{"start":{"line":62,"column":14},"end":{"line":62,"column":null}},"13":{"start":{"line":63,"column":24},"end":{"line":63,"column":null}},"14":{"start":{"line":65,"column":2},"end":{"line":72,"column":null}},"15":{"start":{"line":66,"column":4},"end":{"line":71,"column":null}},"16":{"start":{"line":74,"column":2},"end":{"line":78,"column":null}},"17":{"start":{"line":86,"column":8},"end":{"line":86,"column":null}},"18":{"start":{"line":88,"column":2},"end":{"line":95,"column":null}},"19":{"start":{"line":89,"column":4},"end":{"line":94,"column":null}},"20":{"start":{"line":97,"column":2},"end":{"line":101,"column":null}},"21":{"start":{"line":110,"column":8},"end":{"line":110,"column":null}},"22":{"start":{"line":111,"column":29},"end":{"line":111,"column":null}},"23":{"start":{"line":113,"column":2},"end":{"line":120,"column":null}},"24":{"start":{"line":114,"column":4},"end":{"line":119,"column":null}},"25":{"start":{"line":122,"column":2},"end":{"line":126,"column":null}},"26":{"start":{"line":134,"column":8},"end":{"line":134,"column":null}},"27":{"start":{"line":136,"column":2},"end":{"line":143,"column":null}},"28":{"start":{"line":137,"column":4},"end":{"line":142,"column":null}},"29":{"start":{"line":145,"column":2},"end":{"line":152,"column":null}},"30":{"start":{"line":146,"column":4},"end":{"line":151,"column":null}},"31":{"start":{"line":154,"column":2},"end":{"line":158,"column":null}},"32":{"start":{"line":163,"column":8},"end":{"line":163,"column":null}},"33":{"start":{"line":164,"column":2},"end":{"line":164,"column":null}},"34":{"start":{"line":173,"column":27},"end":{"line":173,"column":null}},"35":{"start":{"line":175,"column":2},"end":{"line":182,"column":null}},"36":{"start":{"line":176,"column":4},"end":{"line":181,"column":null}},"37":{"start":{"line":184,"column":2},"end":{"line":188,"column":null}},"38":{"start":{"line":194,"column":2},"end":{"line":194,"column":null}}},"fnMap":{"0":{"name":"canConnect","decl":{"start":{"line":7,"column":16},"end":{"line":7,"column":null}},"loc":{"start":{"line":11,"column":20},"end":{"line":41,"column":null}},"line":11},"1":{"name":"(anonymous_1)","decl":{"start":{"line":14,"column":72},"end":{"line":14,"column":73}},"loc":{"start":{"line":14,"column":88},"end":{"line":14,"column":101}},"line":14},"2":{"name":"canSchedule","decl":{"start":{"line":44,"column":16},"end":{"line":44,"column":null}},"loc":{"start":{"line":48,"column":20},"end":{"line":79,"column":null}},"line":48},"3":{"name":"canGenerate","decl":{"start":{"line":82,"column":16},"end":{"line":82,"column":null}},"loc":{"start":{"line":85,"column":20},"end":{"line":102,"column":null}},"line":85},"4":{"name":"canPost","decl":{"start":{"line":105,"column":16},"end":{"line":105,"column":null}},"loc":{"start":{"line":109,"column":20},"end":{"line":127,"column":null}},"line":109},"5":{"name":"canUseAutomation","decl":{"start":{"line":130,"column":16},"end":{"line":130,"column":null}},"loc":{"start":{"line":133,"column":20},"end":{"line":159,"column":null}},"line":133},"6":{"name":"getLimit","decl":{"start":{"line":162,"column":16},"end":{"line":162,"column":25}},"loc":{"start":{"line":162,"column":109},"end":{"line":165,"column":null}},"line":162},"7":{"name":"hasEnoughCredits","decl":{"start":{"line":168,"column":16},"end":{"line":168,"column":null}},"loc":{"start":{"line":172,"column":20},"end":{"line":189,"column":null}},"line":172},"8":{"name":"calculatePostCredits","decl":{"start":{"line":192,"column":16},"end":{"line":192,"column":37}},"loc":{"start":{"line":192,"column":66},"end":{"line":195,"column":null}},"line":192}},"branchMap":{"0":{"loc":{"start":{"line":13,"column":29},"end":{"line":13,"column":null}},"type":"binary-expr","locations":[{"start":{"line":13,"column":29},"end":{"line":13,"column":69}},{"start":{"line":13,"column":69},"end":{"line":13,"column":null}}],"line":13},"1":{"loc":{"start":{"line":17,"column":2},"end":{"line":24,"column":null}},"type":"if","locations":[{"start":{"line":17,"column":2},"end":{"line":24,"column":null}},{"start":{},"end":{}}],"line":17},"2":{"loc":{"start":{"line":27,"column":2},"end":{"line":34,"column":null}},"type":"if","locations":[{"start":{"line":27,"column":2},"end":{"line":34,"column":null}},{"start":{},"end":{}}],"line":27},"3":{"loc":{"start":{"line":52,"column":2},"end":{"line":59,"column":null}},"type":"if","locations":[{"start":{"line":52,"column":2},"end":{"line":59,"column":null}},{"start":{},"end":{}}],"line":52},"4":{"loc":{"start":{"line":65,"column":2},"end":{"line":72,"column":null}},"type":"if","locations":[{"start":{"line":65,"column":2},"end":{"line":72,"column":null}},{"start":{},"end":{}}],"line":65},"5":{"loc":{"start":{"line":88,"column":2},"end":{"line":95,"column":null}},"type":"if","locations":[{"start":{"line":88,"column":2},"end":{"line":95,"column":null}},{"start":{},"end":{}}],"line":88},"6":{"loc":{"start":{"line":111,"column":29},"end":{"line":111,"column":null}},"type":"binary-expr","locations":[{"start":{"line":111,"column":29},"end":{"line":111,"column":92}},{"start":{"line":111,"column":92},"end":{"line":111,"column":null}}],"line":111},"7":{"loc":{"start":{"line":113,"column":2},"end":{"line":120,"column":null}},"type":"if","locations":[{"start":{"line":113,"column":2},"end":{"line":120,"column":null}},{"start":{},"end":{}}],"line":113},"8":{"loc":{"start":{"line":136,"column":2},"end":{"line":143,"column":null}},"type":"if","locations":[{"start":{"line":136,"column":2},"end":{"line":143,"column":null}},{"start":{},"end":{}}],"line":136},"9":{"loc":{"start":{"line":145,"column":2},"end":{"line":152,"column":null}},"type":"if","locations":[{"start":{"line":145,"column":2},"end":{"line":152,"column":null}},{"start":{},"end":{}}],"line":145},"10":{"loc":{"start":{"line":175,"column":2},"end":{"line":182,"column":null}},"type":"if","locations":[{"start":{"line":175,"column":2},"end":{"line":182,"column":null}},{"start":{},"end":{}}],"line":175}},"s":{"0":6,"1":6,"2":6,"3":8,"4":6,"5":3,"6":3,"7":0,"8":3,"9":10,"10":10,"11":2,"12":8,"13":8,"14":8,"15":1,"16":7,"17":9,"18":9,"19":2,"20":7,"21":5,"22":5,"23":5,"24":2,"25":3,"26":7,"27":7,"28":2,"29":5,"30":1,"31":4,"32":0,"33":0,"34":10,"35":10,"36":5,"37":5,"38":5},"f":{"0":6,"1":8,"2":10,"3":9,"4":5,"5":7,"6":0,"7":10,"8":5},"b":{"0":[6,1],"1":[3,3],"2":[0,3],"3":[2,8],"4":[1,7],"5":[2,7],"6":[5,0],"7":[2,3],"8":[2,5],"9":[1,4],"10":[5,5]},"meta":{"lastBranch":11,"lastFunction":9,"lastStatement":39,"seen":{"f:7:16:7:Infinity":0,"s:12:8:12:Infinity":0,"s:13:29:13:Infinity":1,"b:13:29:13:69:13:69:13:Infinity":0,"s:14:23:14:Infinity":2,"f:14:72:14:73":1,"s:14:88:14:101":3,"b:17:2:24:Infinity:undefined:undefined:undefined:undefined":1,"s:17:2:24:Infinity":4,"s:18:4:23:Infinity":5,"b:27:2:34:Infinity:undefined:undefined:undefined:undefined":2,"s:27:2:34:Infinity":6,"s:28:4:33:Infinity":7,"s:36:2:40:Infinity":8,"f:44:16:44:Infinity":2,"s:49:8:49:Infinity":9,"b:52:2:59:Infinity:undefined:undefined:undefined:undefined":3,"s:52:2:59:Infinity":10,"s:53:4:58:Infinity":11,"s:62:14:62:Infinity":12,"s:63:24:63:Infinity":13,"b:65:2:72:Infinity:undefined:undefined:undefined:undefined":4,"s:65:2:72:Infinity":14,"s:66:4:71:Infinity":15,"s:74:2:78:Infinity":16,"f:82:16:82:Infinity":3,"s:86:8:86:Infinity":17,"b:88:2:95:Infinity:undefined:undefined:undefined:undefined":5,"s:88:2:95:Infinity":18,"s:89:4:94:Infinity":19,"s:97:2:101:Infinity":20,"f:105:16:105:Infinity":4,"s:110:8:110:Infinity":21,"s:111:29:111:Infinity":22,"b:111:29:111:92:111:92:111:Infinity":6,"b:113:2:120:Infinity:undefined:undefined:undefined:undefined":7,"s:113:2:120:Infinity":23,"s:114:4:119:Infinity":24,"s:122:2:126:Infinity":25,"f:130:16:130:Infinity":5,"s:134:8:134:Infinity":26,"b:136:2:143:Infinity:undefined:undefined:undefined:undefined":8,"s:136:2:143:Infinity":27,"s:137:4:142:Infinity":28,"b:145:2:152:Infinity:undefined:undefined:undefined:undefined":9,"s:145:2:152:Infinity":29,"s:146:4:151:Infinity":30,"s:154:2:158:Infinity":31,"f:162:16:162:25":6,"s:163:8:163:Infinity":32,"s:164:2:164:Infinity":33,"f:168:16:168:Infinity":7,"s:173:27:173:Infinity":34,"b:175:2:182:Infinity:undefined:undefined:undefined:undefined":10,"s:175:2:182:Infinity":35,"s:176:4:181:Infinity":36,"s:184:2:188:Infinity":37,"f:192:16:192:37":8,"s:194:2:194:Infinity":38}}}
}
