{"C:\\scratchpad\\purple-glow-social-2.0\\drizzle\\schema.ts": {"path":"C:\\scratchpad\\purple-glow-social-2.0\\drizzle\\schema.ts","statementMap":{"0":{"start":{"line":3,"column":13},"end":{"line":3,"column":null}},"1":{"start":{"line":4,"column":13},"end":{"line":4,"column":null}},"2":{"start":{"line":5,"column":13},"end":{"line":5,"column":null}},"3":{"start":{"line":6,"column":13},"end":{"line":6,"column":null}},"4":{"start":{"line":7,"column":13},"end":{"line":7,"column":null}},"5":{"start":{"line":8,"column":13},"end":{"line":8,"column":null}},"6":{"start":{"line":9,"column":13},"end":{"line":9,"column":null}},"7":{"start":{"line":10,"column":13},"end":{"line":10,"column":null}},"8":{"start":{"line":11,"column":13},"end":{"line":11,"column":null}},"9":{"start":{"line":12,"column":13},"end":{"line":12,"column":null}},"10":{"start":{"line":13,"column":13},"end":{"line":13,"column":null}},"11":{"start":{"line":16,"column":13},"end":{"line":30,"column":null}},"12":{"start":{"line":32,"column":13},"end":{"line":41,"column":null}},"13":{"start":{"line":40,"column":53},"end":{"line":40,"column":60}},"14":{"start":{"line":43,"column":13},"end":{"line":57,"column":null}},"15":{"start":{"line":47,"column":53},"end":{"line":47,"column":60}},"16":{"start":{"line":59,"column":13},"end":{"line":66,"column":null}},"17":{"start":{"line":68,"column":13},"end":{"line":84,"column":null}},"18":{"start":{"line":70,"column":53},"end":{"line":70,"column":60}},"19":{"start":{"line":86,"column":13},"end":{"line":93,"column":null}},"20":{"start":{"line":88,"column":53},"end":{"line":88,"column":60}},"21":{"start":{"line":96,"column":13},"end":{"line":112,"column":null}},"22":{"start":{"line":98,"column":53},"end":{"line":98,"column":62}},"23":{"start":{"line":115,"column":13},"end":{"line":128,"column":null}},"24":{"start":{"line":117,"column":53},"end":{"line":117,"column":62}},"25":{"start":{"line":131,"column":13},"end":{"line":145,"column":null}},"26":{"start":{"line":133,"column":53},"end":{"line":133,"column":62}},"27":{"start":{"line":148,"column":13},"end":{"line":158,"column":null}},"28":{"start":{"line":163,"column":13},"end":{"line":171,"column":null}},"29":{"start":{"line":165,"column":53},"end":{"line":165,"column":62}},"30":{"start":{"line":166,"column":43},"end":{"line":166,"column":53}},"31":{"start":{"line":174,"column":13},"end":{"line":184,"column":null}},"32":{"start":{"line":176,"column":53},"end":{"line":176,"column":62}},"33":{"start":{"line":187,"column":13},"end":{"line":196,"column":null}},"34":{"start":{"line":189,"column":53},"end":{"line":189,"column":62}},"35":{"start":{"line":199,"column":13},"end":{"line":208,"column":null}},"36":{"start":{"line":201,"column":53},"end":{"line":201,"column":62}},"37":{"start":{"line":211,"column":13},"end":{"line":222,"column":null}}},"fnMap":{"0":{"name":"(anonymous_0)","decl":{"start":{"line":40,"column":47},"end":{"line":40,"column":53}},"loc":{"start":{"line":40,"column":53},"end":{"line":40,"column":60}},"line":40},"1":{"name":"(anonymous_1)","decl":{"start":{"line":47,"column":47},"end":{"line":47,"column":53}},"loc":{"start":{"line":47,"column":53},"end":{"line":47,"column":60}},"line":47},"2":{"name":"(anonymous_2)","decl":{"start":{"line":70,"column":47},"end":{"line":70,"column":53}},"loc":{"start":{"line":70,"column":53},"end":{"line":70,"column":60}},"line":70},"3":{"name":"(anonymous_3)","decl":{"start":{"line":88,"column":47},"end":{"line":88,"column":53}},"loc":{"start":{"line":88,"column":53},"end":{"line":88,"column":60}},"line":88},"4":{"name":"(anonymous_4)","decl":{"start":{"line":98,"column":47},"end":{"line":98,"column":53}},"loc":{"start":{"line":98,"column":53},"end":{"line":98,"column":62}},"line":98},"5":{"name":"(anonymous_5)","decl":{"start":{"line":117,"column":47},"end":{"line":117,"column":53}},"loc":{"start":{"line":117,"column":53},"end":{"line":117,"column":62}},"line":117},"6":{"name":"(anonymous_6)","decl":{"start":{"line":133,"column":47},"end":{"line":133,"column":53}},"loc":{"start":{"line":133,"column":53},"end":{"line":133,"column":62}},"line":133},"7":{"name":"(anonymous_7)","decl":{"start":{"line":165,"column":47},"end":{"line":165,"column":53}},"loc":{"start":{"line":165,"column":53},"end":{"line":165,"column":62}},"line":165},"8":{"name":"(anonymous_8)","decl":{"start":{"line":166,"column":37},"end":{"line":166,"column":43}},"loc":{"start":{"line":166,"column":43},"end":{"line":166,"column":53}},"line":166},"9":{"name":"(anonymous_9)","decl":{"start":{"line":176,"column":47},"end":{"line":176,"column":53}},"loc":{"start":{"line":176,"column":53},"end":{"line":176,"column":62}},"line":176},"10":{"name":"(anonymous_10)","decl":{"start":{"line":189,"column":47},"end":{"line":189,"column":53}},"loc":{"start":{"line":189,"column":53},"end":{"line":189,"column":62}},"line":189},"11":{"name":"(anonymous_11)","decl":{"start":{"line":201,"column":47},"end":{"line":201,"column":53}},"loc":{"start":{"line":201,"column":53},"end":{"line":201,"column":62}},"line":201}},"branchMap":{},"s":{"0":1,"1":1,"2":1,"3":1,"4":1,"5":1,"6":1,"7":1,"8":1,"9":1,"10":1,"11":1,"12":1,"13":0,"14":1,"15":0,"16":1,"17":1,"18":0,"19":1,"20":0,"21":1,"22":0,"23":1,"24":0,"25":1,"26":0,"27":1,"28":1,"29":0,"30":0,"31":1,"32":0,"33":1,"34":0,"35":1,"36":0,"37":1},"f":{"0":0,"1":0,"2":0,"3":0,"4":0,"5":0,"6":0,"7":0,"8":0,"9":0,"10":0,"11":0},"b":{},"meta":{"lastBranch":0,"lastFunction":12,"lastStatement":38,"seen":{"s:3:13:3:Infinity":0,"s:4:13:4:Infinity":1,"s:5:13:5:Infinity":2,"s:6:13:6:Infinity":3,"s:7:13:7:Infinity":4,"s:8:13:8:Infinity":5,"s:9:13:9:Infinity":6,"s:10:13:10:Infinity":7,"s:11:13:11:Infinity":8,"s:12:13:12:Infinity":9,"s:13:13:13:Infinity":10,"s:16:13:30:Infinity":11,"s:32:13:41:Infinity":12,"f:40:47:40:53":0,"s:40:53:40:60":13,"s:43:13:57:Infinity":14,"f:47:47:47:53":1,"s:47:53:47:60":15,"s:59:13:66:Infinity":16,"s:68:13:84:Infinity":17,"f:70:47:70:53":2,"s:70:53:70:60":18,"s:86:13:93:Infinity":19,"f:88:47:88:53":3,"s:88:53:88:60":20,"s:96:13:112:Infinity":21,"f:98:47:98:53":4,"s:98:53:98:62":22,"s:115:13:128:Infinity":23,"f:117:47:117:53":5,"s:117:53:117:62":24,"s:131:13:145:Infinity":25,"f:133:47:133:53":6,"s:133:53:133:62":26,"s:148:13:158:Infinity":27,"s:163:13:171:Infinity":28,"f:165:47:165:53":7,"s:165:53:165:62":29,"f:166:37:166:43":8,"s:166:43:166:53":30,"s:174:13:184:Infinity":31,"f:176:47:176:53":9,"s:176:53:176:62":32,"s:187:13:196:Infinity":33,"f:189:47:189:53":10,"s:189:53:189:62":34,"s:199:13:208:Infinity":35,"f:201:47:201:53":11,"s:201:53:201:62":36,"s:211:13:222:Infinity":37}}}
,"C:\\scratchpad\\purple-glow-social-2.0\\lib\\auth.ts": {"path":"C:\\scratchpad\\purple-glow-social-2.0\\lib\\auth.ts","statementMap":{"0":{"start":{"line":16,"column":0},"end":{"line":16,"column":null}},"1":{"start":{"line":19,"column":0},"end":{"line":19,"column":null}},"2":{"start":{"line":22,"column":29},"end":{"line":25,"column":null}},"3":{"start":{"line":28,"column":0},"end":{"line":36,"column":null}},"4":{"start":{"line":29,"column":2},"end":{"line":35,"column":null}},"5":{"start":{"line":30,"column":10},"end":{"line":30,"column":null}},"6":{"start":{"line":31,"column":4},"end":{"line":31,"column":null}},"7":{"start":{"line":32,"column":4},"end":{"line":32,"column":null}},"8":{"start":{"line":34,"column":4},"end":{"line":34,"column":null}},"9":{"start":{"line":39,"column":6},"end":{"line":39,"column":null}},"10":{"start":{"line":40,"column":6},"end":{"line":40,"column":null}},"11":{"start":{"line":43,"column":49},"end":{"line":43,"column":null}},"12":{"start":{"line":44,"column":0},"end":{"line":46,"column":null}},"13":{"start":{"line":45,"column":2},"end":{"line":45,"column":null}},"14":{"start":{"line":47,"column":0},"end":{"line":49,"column":null}},"15":{"start":{"line":48,"column":2},"end":{"line":48,"column":null}},"16":{"start":{"line":52,"column":6},"end":{"line":52,"column":null}},"17":{"start":{"line":54,"column":13},"end":{"line":88,"column":null}},"18":{"start":{"line":91,"column":30},"end":{"line":94,"column":null}}},"fnMap":{},"branchMap":{"0":{"loc":{"start":{"line":22,"column":29},"end":{"line":25,"column":null}},"type":"binary-expr","locations":[{"start":{"line":22,"column":29},"end":{"line":22,"column":null}},{"start":{"line":23,"column":2},"end":{"line":23,"column":null}},{"start":{"line":24,"column":3},"end":{"line":24,"column":null}},{"start":{"line":25,"column":3},"end":{"line":25,"column":null}}],"line":22},"1":{"loc":{"start":{"line":28,"column":0},"end":{"line":36,"column":null}},"type":"if","locations":[{"start":{"line":28,"column":0},"end":{"line":36,"column":null}},{"start":{},"end":{}}],"line":28},"2":{"loc":{"start":{"line":44,"column":0},"end":{"line":46,"column":null}},"type":"if","locations":[{"start":{"line":44,"column":0},"end":{"line":46,"column":null}},{"start":{},"end":{}}],"line":44},"3":{"loc":{"start":{"line":47,"column":0},"end":{"line":49,"column":null}},"type":"if","locations":[{"start":{"line":47,"column":0},"end":{"line":49,"column":null}},{"start":{},"end":{}}],"line":47},"4":{"loc":{"start":{"line":55,"column":10},"end":{"line":55,"column":null}},"type":"binary-expr","locations":[{"start":{"line":55,"column":10},"end":{"line":55,"column":44}},{"start":{"line":55,"column":44},"end":{"line":55,"column":null}}],"line":55},"5":{"loc":{"start":{"line":56,"column":11},"end":{"line":56,"column":null}},"type":"binary-expr","locations":[{"start":{"line":56,"column":11},"end":{"line":56,"column":42}},{"start":{"line":56,"column":42},"end":{"line":56,"column":null}}],"line":56},"6":{"loc":{"start":{"line":58,"column":12},"end":{"line":66,"column":null}},"type":"cond-expr","locations":[{"start":{"line":58,"column":36},"end":{"line":66,"column":7}},{"start":{"line":66,"column":7},"end":{"line":66,"column":null}}],"line":58},"7":{"loc":{"start":{"line":58,"column":12},"end":{"line":58,"column":41}},"type":"binary-expr","locations":[{"start":{"line":58,"column":12},"end":{"line":58,"column":36}},{"start":{"line":58,"column":36},"end":{"line":58,"column":41}}],"line":58},"8":{"loc":{"start":{"line":71,"column":19},"end":{"line":71,"column":null}},"type":"cond-expr","locations":[{"start":{"line":71,"column":61},"end":{"line":71,"column":79}},{"start":{"line":71,"column":79},"end":{"line":71,"column":null}}],"line":71}},"s":{"0":1,"1":1,"2":1,"3":1,"4":0,"5":0,"6":0,"7":0,"8":0,"9":1,"10":1,"11":1,"12":1,"13":0,"14":1,"15":0,"16":1,"17":1,"18":1},"f":{},"b":{"0":[1,0,0,0],"1":[0,1],"2":[0,1],"3":[0,1],"4":[1,1],"5":[1,1],"6":[0,1],"7":[1,0],"8":[0,1]},"meta":{"lastBranch":9,"lastFunction":0,"lastStatement":19,"seen":{"s:16:0:16:Infinity":0,"s:19:0:19:Infinity":1,"s:22:29:25:Infinity":2,"b:22:29:22:Infinity:23:2:23:Infinity:24:3:24:Infinity:25:3:25:Infinity":0,"b:28:0:36:Infinity:undefined:undefined:undefined:undefined":1,"s:28:0:36:Infinity":3,"s:29:2:35:Infinity":4,"s:30:10:30:Infinity":5,"s:31:4:31:Infinity":6,"s:32:4:32:Infinity":7,"s:34:4:34:Infinity":8,"s:39:6:39:Infinity":9,"s:40:6:40:Infinity":10,"s:43:49:43:Infinity":11,"b:44:0:46:Infinity:undefined:undefined:undefined:undefined":2,"s:44:0:46:Infinity":12,"s:45:2:45:Infinity":13,"b:47:0:49:Infinity:undefined:undefined:undefined:undefined":3,"s:47:0:49:Infinity":14,"s:48:2:48:Infinity":15,"s:52:6:52:Infinity":16,"s:54:13:88:Infinity":17,"b:55:10:55:44:55:44:55:Infinity":4,"b:56:11:56:42:56:42:56:Infinity":5,"b:58:36:66:7:66:7:66:Infinity":6,"b:58:12:58:36:58:36:58:41":7,"b:71:61:71:79:71:79:71:Infinity":8,"s:91:30:94:Infinity":18}}}
,"C:\\scratchpad\\purple-glow-social-2.0\\lib\\logger.ts": {"path":"C:\\scratchpad\\purple-glow-social-2.0\\lib\\logger.ts","statementMap":{"0":{"start":{"line":14,"column":19},"end":{"line":19,"column":null}},"1":{"start":{"line":24,"column":27},"end":{"line":33,"column":null}},"2":{"start":{"line":36,"column":21},"end":{"line":37,"column":null}},"3":{"start":{"line":39,"column":22},"end":{"line":39,"column":null}},"4":{"start":{"line":43,"column":2},"end":{"line":48,"column":null}},"5":{"start":{"line":44,"column":18},"end":{"line":44,"column":null}},"6":{"start":{"line":45,"column":4},"end":{"line":47,"column":null}},"7":{"start":{"line":46,"column":6},"end":{"line":46,"column":null}},"8":{"start":{"line":49,"column":2},"end":{"line":49,"column":null}},"9":{"start":{"line":52,"column":20},"end":{"line":52,"column":null}},"10":{"start":{"line":58,"column":2},"end":{"line":64,"column":null}},"11":{"start":{"line":59,"column":20},"end":{"line":59,"column":null}},"12":{"start":{"line":60,"column":4},"end":{"line":62,"column":null}},"13":{"start":{"line":61,"column":6},"end":{"line":61,"column":null}},"14":{"start":{"line":63,"column":4},"end":{"line":63,"column":null}},"15":{"start":{"line":66,"column":2},"end":{"line":68,"column":null}},"16":{"start":{"line":67,"column":4},"end":{"line":67,"column":null}},"17":{"start":{"line":70,"column":2},"end":{"line":87,"column":null}},"18":{"start":{"line":71,"column":47},"end":{"line":71,"column":null}},"19":{"start":{"line":72,"column":4},"end":{"line":85,"column":null}},"20":{"start":{"line":73,"column":23},"end":{"line":73,"column":null}},"21":{"start":{"line":74,"column":6},"end":{"line":84,"column":null}},"22":{"start":{"line":81,"column":8},"end":{"line":81,"column":null}},"23":{"start":{"line":83,"column":8},"end":{"line":83,"column":null}},"24":{"start":{"line":86,"column":4},"end":{"line":86,"column":null}},"25":{"start":{"line":89,"column":2},"end":{"line":89,"column":null}},"26":{"start":{"line":96,"column":2},"end":{"line":96,"column":null}},"27":{"start":{"line":103,"column":8},"end":{"line":103,"column":null}},"28":{"start":{"line":104,"column":2},"end":{"line":104,"column":null}},"29":{"start":{"line":116,"column":2},"end":{"line":118,"column":null}},"30":{"start":{"line":117,"column":4},"end":{"line":117,"column":null}},"31":{"start":{"line":120,"column":27},"end":{"line":120,"column":null}},"32":{"start":{"line":121,"column":24},"end":{"line":121,"column":null}},"33":{"start":{"line":123,"column":2},"end":{"line":160,"column":null}},"34":{"start":{"line":125,"column":6},"end":{"line":129,"column":null}},"35":{"start":{"line":126,"column":8},"end":{"line":126,"column":null}},"36":{"start":{"line":128,"column":8},"end":{"line":128,"column":null}},"37":{"start":{"line":130,"column":6},"end":{"line":130,"column":null}},"38":{"start":{"line":132,"column":6},"end":{"line":136,"column":null}},"39":{"start":{"line":133,"column":8},"end":{"line":133,"column":null}},"40":{"start":{"line":135,"column":8},"end":{"line":135,"column":null}},"41":{"start":{"line":137,"column":6},"end":{"line":137,"column":null}},"42":{"start":{"line":139,"column":6},"end":{"line":143,"column":null}},"43":{"start":{"line":140,"column":8},"end":{"line":140,"column":null}},"44":{"start":{"line":142,"column":8},"end":{"line":142,"column":null}},"45":{"start":{"line":144,"column":6},"end":{"line":144,"column":null}},"46":{"start":{"line":146,"column":6},"end":{"line":150,"column":null}},"47":{"start":{"line":147,"column":8},"end":{"line":147,"column":null}},"48":{"start":{"line":149,"column":8},"end":{"line":149,"column":null}},"49":{"start":{"line":152,"column":6},"end":{"line":158,"column":null}},"50":{"start":{"line":153,"column":8},"end":{"line":157,"column":null}},"51":{"start":{"line":159,"column":6},"end":{"line":159,"column":null}},"52":{"start":{"line":167,"column":2},"end":{"line":209,"column":null}},"53":{"start":{"line":169,"column":6},"end":{"line":169,"column":null}},"54":{"start":{"line":172,"column":6},"end":{"line":172,"column":null}},"55":{"start":{"line":175,"column":6},"end":{"line":175,"column":null}},"56":{"start":{"line":178,"column":6},"end":{"line":178,"column":null}},"57":{"start":{"line":185,"column":27},"end":{"line":185,"column":null}},"58":{"start":{"line":186,"column":20},"end":{"line":186,"column":null}},"59":{"start":{"line":188,"column":6},"end":{"line":191,"column":null}},"60":{"start":{"line":194,"column":6},"end":{"line":207,"column":null}},"61":{"start":{"line":195,"column":8},"end":{"line":206,"column":null}},"62":{"start":{"line":196,"column":10},"end":{"line":199,"column":null}},"63":{"start":{"line":201,"column":10},"end":{"line":205,"column":null}},"64":{"start":{"line":213,"column":22},"end":{"line":224,"column":null}}},"fnMap":{"0":{"name":"getMinLogLevel","decl":{"start":{"line":42,"column":9},"end":{"line":42,"column":36}},"loc":{"start":{"line":42,"column":36},"end":{"line":50,"column":null}},"line":42},"1":{"name":"sanitize","decl":{"start":{"line":57,"column":9},"end":{"line":57,"column":18}},"loc":{"start":{"line":57,"column":43},"end":{"line":90,"column":null}},"line":57},"2":{"name":"shouldLog","decl":{"start":{"line":95,"column":9},"end":{"line":95,"column":19}},"loc":{"start":{"line":95,"column":45},"end":{"line":97,"column":null}},"line":95},"3":{"name":"formatLogEntry","decl":{"start":{"line":102,"column":9},"end":{"line":102,"column":24}},"loc":{"start":{"line":102,"column":83},"end":{"line":105,"column":null}},"line":102},"4":{"name":"logMessage","decl":{"start":{"line":110,"column":9},"end":{"line":110,"column":null}},"loc":{"start":{"line":115,"column":8},"end":{"line":161,"column":null}},"line":115},"5":{"name":"createLogger","decl":{"start":{"line":166,"column":16},"end":{"line":166,"column":29}},"loc":{"start":{"line":166,"column":46},"end":{"line":210,"column":null}},"line":166},"6":{"name":"(anonymous_6)","decl":{"start":{"line":168,"column":11},"end":{"line":168,"column":12}},"loc":{"start":{"line":169,"column":6},"end":{"line":169,"column":null}},"line":169},"7":{"name":"(anonymous_7)","decl":{"start":{"line":171,"column":10},"end":{"line":171,"column":11}},"loc":{"start":{"line":172,"column":6},"end":{"line":172,"column":null}},"line":172},"8":{"name":"(anonymous_8)","decl":{"start":{"line":174,"column":10},"end":{"line":174,"column":11}},"loc":{"start":{"line":175,"column":6},"end":{"line":175,"column":null}},"line":175},"9":{"name":"(anonymous_9)","decl":{"start":{"line":177,"column":11},"end":{"line":177,"column":12}},"loc":{"start":{"line":178,"column":6},"end":{"line":178,"column":null}},"line":178},"10":{"name":"(anonymous_10)","decl":{"start":{"line":184,"column":15},"end":{"line":184,"column":16}},"loc":{"start":{"line":184,"column":77},"end":{"line":208,"column":null}},"line":184}},"branchMap":{"0":{"loc":{"start":{"line":36,"column":21},"end":{"line":37,"column":null}},"type":"binary-expr","locations":[{"start":{"line":36,"column":21},"end":{"line":36,"column":null}},{"start":{"line":37,"column":21},"end":{"line":37,"column":null}}],"line":36},"1":{"loc":{"start":{"line":43,"column":2},"end":{"line":48,"column":null}},"type":"if","locations":[{"start":{"line":43,"column":2},"end":{"line":48,"column":null}},{"start":{},"end":{}}],"line":43},"2":{"loc":{"start":{"line":45,"column":4},"end":{"line":47,"column":null}},"type":"if","locations":[{"start":{"line":45,"column":4},"end":{"line":47,"column":null}},{"start":{},"end":{}}],"line":45},"3":{"loc":{"start":{"line":49,"column":9},"end":{"line":49,"column":null}},"type":"cond-expr","locations":[{"start":{"line":49,"column":24},"end":{"line":49,"column":33}},{"start":{"line":49,"column":33},"end":{"line":49,"column":null}}],"line":49},"4":{"loc":{"start":{"line":58,"column":2},"end":{"line":64,"column":null}},"type":"if","locations":[{"start":{"line":58,"column":2},"end":{"line":64,"column":null}},{"start":{},"end":{}}],"line":58},"5":{"loc":{"start":{"line":66,"column":2},"end":{"line":68,"column":null}},"type":"if","locations":[{"start":{"line":66,"column":2},"end":{"line":68,"column":null}},{"start":{},"end":{}}],"line":66},"6":{"loc":{"start":{"line":70,"column":2},"end":{"line":87,"column":null}},"type":"if","locations":[{"start":{"line":70,"column":2},"end":{"line":87,"column":null}},{"start":{},"end":{}}],"line":70},"7":{"loc":{"start":{"line":70,"column":6},"end":{"line":70,"column":42}},"type":"binary-expr","locations":[{"start":{"line":70,"column":6},"end":{"line":70,"column":15}},{"start":{"line":70,"column":15},"end":{"line":70,"column":42}}],"line":70},"8":{"loc":{"start":{"line":74,"column":6},"end":{"line":84,"column":null}},"type":"if","locations":[{"start":{"line":74,"column":6},"end":{"line":84,"column":null}},{"start":{"line":82,"column":13},"end":{"line":84,"column":null}}],"line":74},"9":{"loc":{"start":{"line":75,"column":8},"end":{"line":79,"column":null}},"type":"binary-expr","locations":[{"start":{"line":75,"column":8},"end":{"line":75,"column":null}},{"start":{"line":76,"column":8},"end":{"line":76,"column":null}},{"start":{"line":77,"column":8},"end":{"line":77,"column":null}},{"start":{"line":78,"column":8},"end":{"line":78,"column":null}},{"start":{"line":79,"column":8},"end":{"line":79,"column":null}}],"line":75},"10":{"loc":{"start":{"line":116,"column":2},"end":{"line":118,"column":null}},"type":"if","locations":[{"start":{"line":116,"column":2},"end":{"line":118,"column":null}},{"start":{},"end":{}}],"line":116},"11":{"loc":{"start":{"line":121,"column":24},"end":{"line":121,"column":null}},"type":"cond-expr","locations":[{"start":{"line":121,"column":31},"end":{"line":121,"column":48}},{"start":{"line":121,"column":48},"end":{"line":121,"column":null}}],"line":121},"12":{"loc":{"start":{"line":123,"column":2},"end":{"line":160,"column":null}},"type":"switch","locations":[{"start":{"line":124,"column":4},"end":{"line":130,"column":null}},{"start":{"line":131,"column":4},"end":{"line":137,"column":null}},{"start":{"line":138,"column":4},"end":{"line":144,"column":null}},{"start":{"line":145,"column":4},"end":{"line":159,"column":null}}],"line":123},"13":{"loc":{"start":{"line":125,"column":6},"end":{"line":129,"column":null}},"type":"if","locations":[{"start":{"line":125,"column":6},"end":{"line":129,"column":null}},{"start":{"line":127,"column":13},"end":{"line":129,"column":null}}],"line":125},"14":{"loc":{"start":{"line":132,"column":6},"end":{"line":136,"column":null}},"type":"if","locations":[{"start":{"line":132,"column":6},"end":{"line":136,"column":null}},{"start":{"line":134,"column":13},"end":{"line":136,"column":null}}],"line":132},"15":{"loc":{"start":{"line":139,"column":6},"end":{"line":143,"column":null}},"type":"if","locations":[{"start":{"line":139,"column":6},"end":{"line":143,"column":null}},{"start":{"line":141,"column":13},"end":{"line":143,"column":null}}],"line":139},"16":{"loc":{"start":{"line":146,"column":6},"end":{"line":150,"column":null}},"type":"if","locations":[{"start":{"line":146,"column":6},"end":{"line":150,"column":null}},{"start":{"line":148,"column":13},"end":{"line":150,"column":null}}],"line":146},"17":{"loc":{"start":{"line":152,"column":6},"end":{"line":158,"column":null}},"type":"if","locations":[{"start":{"line":152,"column":6},"end":{"line":158,"column":null}},{"start":{},"end":{}}],"line":152},"18":{"loc":{"start":{"line":152,"column":10},"end":{"line":152,"column":50}},"type":"binary-expr","locations":[{"start":{"line":152,"column":10},"end":{"line":152,"column":26}},{"start":{"line":152,"column":26},"end":{"line":152,"column":50}}],"line":152},"19":{"loc":{"start":{"line":185,"column":27},"end":{"line":185,"column":null}},"type":"cond-expr","locations":[{"start":{"line":185,"column":52},"end":{"line":185,"column":68}},{"start":{"line":185,"column":68},"end":{"line":185,"column":null}}],"line":185},"20":{"loc":{"start":{"line":186,"column":20},"end":{"line":186,"column":null}},"type":"cond-expr","locations":[{"start":{"line":186,"column":45},"end":{"line":186,"column":59}},{"start":{"line":186,"column":59},"end":{"line":186,"column":null}}],"line":186},"21":{"loc":{"start":{"line":190,"column":15},"end":{"line":190,"column":null}},"type":"cond-expr","locations":[{"start":{"line":190,"column":23},"end":{"line":190,"column":51}},{"start":{"line":190,"column":51},"end":{"line":190,"column":null}}],"line":190},"22":{"loc":{"start":{"line":194,"column":6},"end":{"line":207,"column":null}},"type":"if","locations":[{"start":{"line":194,"column":6},"end":{"line":207,"column":null}},{"start":{},"end":{}}],"line":194},"23":{"loc":{"start":{"line":194,"column":10},"end":{"line":194,"column":50}},"type":"binary-expr","locations":[{"start":{"line":194,"column":10},"end":{"line":194,"column":26}},{"start":{"line":194,"column":26},"end":{"line":194,"column":50}}],"line":194},"24":{"loc":{"start":{"line":195,"column":8},"end":{"line":206,"column":null}},"type":"if","locations":[{"start":{"line":195,"column":8},"end":{"line":206,"column":null}},{"start":{"line":200,"column":15},"end":{"line":206,"column":null}}],"line":195}},"s":{"0":3,"1":3,"2":3,"3":3,"4":3,"5":0,"6":0,"7":0,"8":3,"9":3,"10":66,"11":36,"12":36,"13":288,"14":36,"15":30,"16":2,"17":28,"18":17,"19":17,"20":46,"21":46,"22":0,"23":46,"24":17,"25":11,"26":19,"27":19,"28":19,"29":19,"30":0,"31":19,"32":19,"33":19,"34":15,"35":14,"36":1,"37":15,"38":1,"39":0,"40":1,"41":1,"42":2,"43":2,"44":0,"45":2,"46":1,"47":1,"48":0,"49":1,"50":0,"51":1,"52":30,"53":15,"54":1,"55":2,"56":1,"57":0,"58":0,"59":0,"60":0,"61":0,"62":0,"63":0,"64":3},"f":{"0":3,"1":66,"2":19,"3":19,"4":19,"5":30,"6":15,"7":1,"8":2,"9":1,"10":0},"b":{"0":[3,3],"1":[0,3],"2":[0,0],"3":[0,3],"4":[36,30],"5":[2,28],"6":[17,11],"7":[28,25],"8":[0,46],"9":[46,46,46,46,46],"10":[0,19],"11":[17,2],"12":[15,1,2,1],"13":[14,1],"14":[0,1],"15":[2,0],"16":[1,0],"17":[0,1],"18":[1,0],"19":[0,0],"20":[0,0],"21":[0,0],"22":[0,0],"23":[0,0],"24":[0,0]},"meta":{"lastBranch":25,"lastFunction":11,"lastStatement":65,"seen":{"s:14:19:19:Infinity":0,"s:24:27:33:Infinity":1,"s:36:21:37:Infinity":2,"b:36:21:36:Infinity:37:21:37:Infinity":0,"s:39:22:39:Infinity":3,"f:42:9:42:36":0,"b:43:2:48:Infinity:undefined:undefined:undefined:undefined":1,"s:43:2:48:Infinity":4,"s:44:18:44:Infinity":5,"b:45:4:47:Infinity:undefined:undefined:undefined:undefined":2,"s:45:4:47:Infinity":6,"s:46:6:46:Infinity":7,"s:49:2:49:Infinity":8,"b:49:24:49:33:49:33:49:Infinity":3,"s:52:20:52:Infinity":9,"f:57:9:57:18":1,"b:58:2:64:Infinity:undefined:undefined:undefined:undefined":4,"s:58:2:64:Infinity":10,"s:59:20:59:Infinity":11,"s:60:4:62:Infinity":12,"s:61:6:61:Infinity":13,"s:63:4:63:Infinity":14,"b:66:2:68:Infinity:undefined:undefined:undefined:undefined":5,"s:66:2:68:Infinity":15,"s:67:4:67:Infinity":16,"b:70:2:87:Infinity:undefined:undefined:undefined:undefined":6,"s:70:2:87:Infinity":17,"b:70:6:70:15:70:15:70:42":7,"s:71:47:71:Infinity":18,"s:72:4:85:Infinity":19,"s:73:23:73:Infinity":20,"b:74:6:84:Infinity:82:13:84:Infinity":8,"s:74:6:84:Infinity":21,"b:75:8:75:Infinity:76:8:76:Infinity:77:8:77:Infinity:78:8:78:Infinity:79:8:79:Infinity":9,"s:81:8:81:Infinity":22,"s:83:8:83:Infinity":23,"s:86:4:86:Infinity":24,"s:89:2:89:Infinity":25,"f:95:9:95:19":2,"s:96:2:96:Infinity":26,"f:102:9:102:24":3,"s:103:8:103:Infinity":27,"s:104:2:104:Infinity":28,"f:110:9:110:Infinity":4,"b:116:2:118:Infinity:undefined:undefined:undefined:undefined":10,"s:116:2:118:Infinity":29,"s:117:4:117:Infinity":30,"s:120:27:120:Infinity":31,"s:121:24:121:Infinity":32,"b:121:31:121:48:121:48:121:Infinity":11,"b:124:4:130:Infinity:131:4:137:Infinity:138:4:144:Infinity:145:4:159:Infinity":12,"s:123:2:160:Infinity":33,"b:125:6:129:Infinity:127:13:129:Infinity":13,"s:125:6:129:Infinity":34,"s:126:8:126:Infinity":35,"s:128:8:128:Infinity":36,"s:130:6:130:Infinity":37,"b:132:6:136:Infinity:134:13:136:Infinity":14,"s:132:6:136:Infinity":38,"s:133:8:133:Infinity":39,"s:135:8:135:Infinity":40,"s:137:6:137:Infinity":41,"b:139:6:143:Infinity:141:13:143:Infinity":15,"s:139:6:143:Infinity":42,"s:140:8:140:Infinity":43,"s:142:8:142:Infinity":44,"s:144:6:144:Infinity":45,"b:146:6:150:Infinity:148:13:150:Infinity":16,"s:146:6:150:Infinity":46,"s:147:8:147:Infinity":47,"s:149:8:149:Infinity":48,"b:152:6:158:Infinity:undefined:undefined:undefined:undefined":17,"s:152:6:158:Infinity":49,"b:152:10:152:26:152:26:152:50":18,"s:153:8:157:Infinity":50,"s:159:6:159:Infinity":51,"f:166:16:166:29":5,"s:167:2:209:Infinity":52,"f:168:11:168:12":6,"s:169:6:169:Infinity":53,"f:171:10:171:11":7,"s:172:6:172:Infinity":54,"f:174:10:174:11":8,"s:175:6:175:Infinity":55,"f:177:11:177:12":9,"s:178:6:178:Infinity":56,"f:184:15:184:16":10,"s:185:27:185:Infinity":57,"b:185:52:185:68:185:68:185:Infinity":19,"s:186:20:186:Infinity":58,"b:186:45:186:59:186:59:186:Infinity":20,"s:188:6:191:Infinity":59,"b:190:23:190:51:190:51:190:Infinity":21,"b:194:6:207:Infinity:undefined:undefined:undefined:undefined":22,"s:194:6:207:Infinity":60,"b:194:10:194:26:194:26:194:50":23,"b:195:8:206:Infinity:200:15:206:Infinity":24,"s:195:8:206:Infinity":61,"s:196:10:199:Infinity":62,"s:201:10:205:Infinity":63,"s:213:22:224:Infinity":64}}}
,"C:\\scratchpad\\purple-glow-social-2.0\\lib\\config\\env-validation.ts": {"path":"C:\\scratchpad\\purple-glow-social-2.0\\lib\\config\\env-validation.ts","statementMap":{"0":{"start":{"line":11,"column":21},"end":{"line":12,"column":null}},"1":{"start":{"line":25,"column":27},"end":{"line":25,"column":null}},"2":{"start":{"line":26,"column":29},"end":{"line":26,"column":null}},"3":{"start":{"line":29,"column":2},"end":{"line":41,"column":null}},"4":{"start":{"line":30,"column":4},"end":{"line":34,"column":null}},"5":{"start":{"line":31,"column":6},"end":{"line":31,"column":null}},"6":{"start":{"line":33,"column":6},"end":{"line":33,"column":null}},"7":{"start":{"line":35,"column":2},"end":{"line":41,"column":null}},"8":{"start":{"line":36,"column":4},"end":{"line":40,"column":null}},"9":{"start":{"line":37,"column":6},"end":{"line":37,"column":null}},"10":{"start":{"line":39,"column":6},"end":{"line":39,"column":null}},"11":{"start":{"line":44,"column":2},"end":{"line":50,"column":null}},"12":{"start":{"line":45,"column":4},"end":{"line":49,"column":null}},"13":{"start":{"line":46,"column":6},"end":{"line":46,"column":null}},"14":{"start":{"line":48,"column":6},"end":{"line":48,"column":null}},"15":{"start":{"line":53,"column":2},"end":{"line":62,"column":null}},"16":{"start":{"line":54,"column":4},"end":{"line":54,"column":null}},"17":{"start":{"line":55,"column":2},"end":{"line":62,"column":null}},"18":{"start":{"line":57,"column":4},"end":{"line":61,"column":null}},"19":{"start":{"line":58,"column":6},"end":{"line":58,"column":null}},"20":{"start":{"line":60,"column":6},"end":{"line":60,"column":null}},"21":{"start":{"line":65,"column":2},"end":{"line":67,"column":null}},"22":{"start":{"line":66,"column":4},"end":{"line":66,"column":null}},"23":{"start":{"line":70,"column":2},"end":{"line":78,"column":null}},"24":{"start":{"line":71,"column":4},"end":{"line":71,"column":null}},"25":{"start":{"line":73,"column":4},"end":{"line":77,"column":null}},"26":{"start":{"line":74,"column":6},"end":{"line":76,"column":null}},"27":{"start":{"line":80,"column":2},"end":{"line":84,"column":null}},"28":{"start":{"line":94,"column":2},"end":{"line":97,"column":null}},"29":{"start":{"line":104,"column":19},"end":{"line":104,"column":null}},"30":{"start":{"line":105,"column":23},"end":{"line":105,"column":null}},"31":{"start":{"line":107,"column":2},"end":{"line":109,"column":null}},"32":{"start":{"line":108,"column":4},"end":{"line":108,"column":null}},"33":{"start":{"line":111,"column":18},"end":{"line":111,"column":null}},"34":{"start":{"line":113,"column":2},"end":{"line":117,"column":null}},"35":{"start":{"line":124,"column":19},"end":{"line":124,"column":null}},"36":{"start":{"line":125,"column":23},"end":{"line":125,"column":null}},"37":{"start":{"line":127,"column":2},"end":{"line":129,"column":null}},"38":{"start":{"line":128,"column":4},"end":{"line":128,"column":null}},"39":{"start":{"line":131,"column":2},"end":{"line":134,"column":null}},"40":{"start":{"line":141,"column":20},"end":{"line":141,"column":null}},"41":{"start":{"line":142,"column":18},"end":{"line":144,"column":null}},"42":{"start":{"line":143,"column":31},"end":{"line":143,"column":40}},"43":{"start":{"line":144,"column":21},"end":{"line":144,"column":25}},"44":{"start":{"line":146,"column":2},"end":{"line":150,"column":null}},"45":{"start":{"line":147,"column":4},"end":{"line":147,"column":null}},"46":{"start":{"line":149,"column":4},"end":{"line":149,"column":null}}},"fnMap":{"0":{"name":"validateAuthEnvVars","decl":{"start":{"line":24,"column":16},"end":{"line":24,"column":56}},"loc":{"start":{"line":24,"column":56},"end":{"line":85,"column":null}},"line":24},"1":{"name":"getAvailableOAuthProviders","decl":{"start":{"line":90,"column":16},"end":{"line":90,"column":null}},"loc":{"start":{"line":93,"column":2},"end":{"line":98,"column":null}},"line":93},"2":{"name":"getGoogleOAuthConfig","decl":{"start":{"line":103,"column":16},"end":{"line":103,"column":39}},"loc":{"start":{"line":103,"column":39},"end":{"line":118,"column":null}},"line":103},"3":{"name":"getTwitterOAuthConfig","decl":{"start":{"line":123,"column":16},"end":{"line":123,"column":40}},"loc":{"start":{"line":123,"column":40},"end":{"line":135,"column":null}},"line":123},"4":{"name":"logOAuthStatus","decl":{"start":{"line":140,"column":16},"end":{"line":140,"column":39}},"loc":{"start":{"line":140,"column":39},"end":{"line":151,"column":null}},"line":140},"5":{"name":"(anonymous_5)","decl":{"start":{"line":143,"column":12},"end":{"line":143,"column":13}},"loc":{"start":{"line":143,"column":31},"end":{"line":143,"column":40}},"line":143},"6":{"name":"(anonymous_6)","decl":{"start":{"line":144,"column":9},"end":{"line":144,"column":10}},"loc":{"start":{"line":144,"column":21},"end":{"line":144,"column":25}},"line":144}},"branchMap":{"0":{"loc":{"start":{"line":11,"column":21},"end":{"line":12,"column":null}},"type":"binary-expr","locations":[{"start":{"line":11,"column":21},"end":{"line":11,"column":null}},{"start":{"line":12,"column":21},"end":{"line":12,"column":null}}],"line":11},"1":{"loc":{"start":{"line":29,"column":2},"end":{"line":41,"column":null}},"type":"if","locations":[{"start":{"line":29,"column":2},"end":{"line":41,"column":null}},{"start":{"line":35,"column":2},"end":{"line":41,"column":null}}],"line":29},"2":{"loc":{"start":{"line":30,"column":4},"end":{"line":34,"column":null}},"type":"if","locations":[{"start":{"line":30,"column":4},"end":{"line":34,"column":null}},{"start":{"line":32,"column":11},"end":{"line":34,"column":null}}],"line":30},"3":{"loc":{"start":{"line":35,"column":2},"end":{"line":41,"column":null}},"type":"if","locations":[{"start":{"line":35,"column":2},"end":{"line":41,"column":null}},{"start":{},"end":{}}],"line":35},"4":{"loc":{"start":{"line":36,"column":4},"end":{"line":40,"column":null}},"type":"if","locations":[{"start":{"line":36,"column":4},"end":{"line":40,"column":null}},{"start":{"line":38,"column":11},"end":{"line":40,"column":null}}],"line":36},"5":{"loc":{"start":{"line":44,"column":2},"end":{"line":50,"column":null}},"type":"if","locations":[{"start":{"line":44,"column":2},"end":{"line":50,"column":null}},{"start":{},"end":{}}],"line":44},"6":{"loc":{"start":{"line":45,"column":4},"end":{"line":49,"column":null}},"type":"if","locations":[{"start":{"line":45,"column":4},"end":{"line":49,"column":null}},{"start":{"line":47,"column":11},"end":{"line":49,"column":null}}],"line":45},"7":{"loc":{"start":{"line":53,"column":2},"end":{"line":62,"column":null}},"type":"if","locations":[{"start":{"line":53,"column":2},"end":{"line":62,"column":null}},{"start":{"line":55,"column":2},"end":{"line":62,"column":null}}],"line":53},"8":{"loc":{"start":{"line":55,"column":2},"end":{"line":62,"column":null}},"type":"if","locations":[{"start":{"line":55,"column":2},"end":{"line":62,"column":null}},{"start":{},"end":{}}],"line":55},"9":{"loc":{"start":{"line":55,"column":13},"end":{"line":56,"column":66}},"type":"binary-expr","locations":[{"start":{"line":55,"column":13},"end":{"line":55,"column":null}},{"start":{"line":56,"column":13},"end":{"line":56,"column":66}}],"line":55},"10":{"loc":{"start":{"line":57,"column":4},"end":{"line":61,"column":null}},"type":"if","locations":[{"start":{"line":57,"column":4},"end":{"line":61,"column":null}},{"start":{"line":59,"column":11},"end":{"line":61,"column":null}}],"line":57},"11":{"loc":{"start":{"line":65,"column":2},"end":{"line":67,"column":null}},"type":"if","locations":[{"start":{"line":65,"column":2},"end":{"line":67,"column":null}},{"start":{},"end":{}}],"line":65},"12":{"loc":{"start":{"line":70,"column":2},"end":{"line":78,"column":null}},"type":"if","locations":[{"start":{"line":70,"column":2},"end":{"line":78,"column":null}},{"start":{},"end":{}}],"line":70},"13":{"loc":{"start":{"line":73,"column":4},"end":{"line":77,"column":null}},"type":"if","locations":[{"start":{"line":73,"column":4},"end":{"line":77,"column":null}},{"start":{},"end":{}}],"line":73},"14":{"loc":{"start":{"line":95,"column":15},"end":{"line":95,"column":null}},"type":"binary-expr","locations":[{"start":{"line":95,"column":15},"end":{"line":95,"column":47}},{"start":{"line":95,"column":47},"end":{"line":95,"column":null}}],"line":95},"15":{"loc":{"start":{"line":96,"column":16},"end":{"line":96,"column":null}},"type":"binary-expr","locations":[{"start":{"line":96,"column":16},"end":{"line":96,"column":49}},{"start":{"line":96,"column":49},"end":{"line":96,"column":null}}],"line":96},"16":{"loc":{"start":{"line":107,"column":2},"end":{"line":109,"column":null}},"type":"if","locations":[{"start":{"line":107,"column":2},"end":{"line":109,"column":null}},{"start":{},"end":{}}],"line":107},"17":{"loc":{"start":{"line":107,"column":6},"end":{"line":107,"column":34}},"type":"binary-expr","locations":[{"start":{"line":107,"column":6},"end":{"line":107,"column":19}},{"start":{"line":107,"column":19},"end":{"line":107,"column":34}}],"line":107},"18":{"loc":{"start":{"line":111,"column":18},"end":{"line":111,"column":null}},"type":"binary-expr","locations":[{"start":{"line":111,"column":18},"end":{"line":111,"column":49}},{"start":{"line":111,"column":49},"end":{"line":111,"column":null}}],"line":111},"19":{"loc":{"start":{"line":127,"column":2},"end":{"line":129,"column":null}},"type":"if","locations":[{"start":{"line":127,"column":2},"end":{"line":129,"column":null}},{"start":{},"end":{}}],"line":127},"20":{"loc":{"start":{"line":127,"column":6},"end":{"line":127,"column":34}},"type":"binary-expr","locations":[{"start":{"line":127,"column":6},"end":{"line":127,"column":19}},{"start":{"line":127,"column":19},"end":{"line":127,"column":34}}],"line":127},"21":{"loc":{"start":{"line":146,"column":2},"end":{"line":150,"column":null}},"type":"if","locations":[{"start":{"line":146,"column":2},"end":{"line":150,"column":null}},{"start":{"line":148,"column":9},"end":{"line":150,"column":null}}],"line":146}},"s":{"0":1,"1":1,"2":1,"3":1,"4":1,"5":0,"6":1,"7":0,"8":0,"9":0,"10":0,"11":1,"12":1,"13":0,"14":1,"15":1,"16":1,"17":0,"18":0,"19":0,"20":0,"21":1,"22":1,"23":1,"24":1,"25":1,"26":0,"27":1,"28":1,"29":1,"30":1,"31":1,"32":1,"33":0,"34":1,"35":1,"36":1,"37":1,"38":1,"39":0,"40":1,"41":1,"42":2,"43":0,"44":1,"45":0,"46":1},"f":{"0":1,"1":1,"2":1,"3":1,"4":1,"5":2,"6":0},"b":{"0":[1,1],"1":[1,0],"2":[0,1],"3":[0,0],"4":[0,0],"5":[1,0],"6":[0,1],"7":[1,0],"8":[0,0],"9":[0,0],"10":[0,0],"11":[1,0],"12":[1,0],"13":[0,1],"14":[1,0],"15":[1,0],"16":[1,0],"17":[1,0],"18":[0,0],"19":[1,0],"20":[1,0],"21":[0,1]},"meta":{"lastBranch":22,"lastFunction":7,"lastStatement":47,"seen":{"s:11:21:12:Infinity":0,"b:11:21:11:Infinity:12:21:12:Infinity":0,"f:24:16:24:56":0,"s:25:27:25:Infinity":1,"s:26:29:26:Infinity":2,"b:29:2:41:Infinity:35:2:41:Infinity":1,"s:29:2:41:Infinity":3,"b:30:4:34:Infinity:32:11:34:Infinity":2,"s:30:4:34:Infinity":4,"s:31:6:31:Infinity":5,"s:33:6:33:Infinity":6,"b:35:2:41:Infinity:undefined:undefined:undefined:undefined":3,"s:35:2:41:Infinity":7,"b:36:4:40:Infinity:38:11:40:Infinity":4,"s:36:4:40:Infinity":8,"s:37:6:37:Infinity":9,"s:39:6:39:Infinity":10,"b:44:2:50:Infinity:undefined:undefined:undefined:undefined":5,"s:44:2:50:Infinity":11,"b:45:4:49:Infinity:47:11:49:Infinity":6,"s:45:4:49:Infinity":12,"s:46:6:46:Infinity":13,"s:48:6:48:Infinity":14,"b:53:2:62:Infinity:55:2:62:Infinity":7,"s:53:2:62:Infinity":15,"s:54:4:54:Infinity":16,"b:55:2:62:Infinity:undefined:undefined:undefined:undefined":8,"s:55:2:62:Infinity":17,"b:55:13:55:Infinity:56:13:56:66":9,"b:57:4:61:Infinity:59:11:61:Infinity":10,"s:57:4:61:Infinity":18,"s:58:6:58:Infinity":19,"s:60:6:60:Infinity":20,"b:65:2:67:Infinity:undefined:undefined:undefined:undefined":11,"s:65:2:67:Infinity":21,"s:66:4:66:Infinity":22,"b:70:2:78:Infinity:undefined:undefined:undefined:undefined":12,"s:70:2:78:Infinity":23,"s:71:4:71:Infinity":24,"b:73:4:77:Infinity:undefined:undefined:undefined:undefined":13,"s:73:4:77:Infinity":25,"s:74:6:76:Infinity":26,"s:80:2:84:Infinity":27,"f:90:16:90:Infinity":1,"s:94:2:97:Infinity":28,"b:95:15:95:47:95:47:95:Infinity":14,"b:96:16:96:49:96:49:96:Infinity":15,"f:103:16:103:39":2,"s:104:19:104:Infinity":29,"s:105:23:105:Infinity":30,"b:107:2:109:Infinity:undefined:undefined:undefined:undefined":16,"s:107:2:109:Infinity":31,"b:107:6:107:19:107:19:107:34":17,"s:108:4:108:Infinity":32,"s:111:18:111:Infinity":33,"b:111:18:111:49:111:49:111:Infinity":18,"s:113:2:117:Infinity":34,"f:123:16:123:40":3,"s:124:19:124:Infinity":35,"s:125:23:125:Infinity":36,"b:127:2:129:Infinity:undefined:undefined:undefined:undefined":19,"s:127:2:129:Infinity":37,"b:127:6:127:19:127:19:127:34":20,"s:128:4:128:Infinity":38,"s:131:2:134:Infinity":39,"f:140:16:140:39":4,"s:141:20:141:Infinity":40,"s:142:18:144:Infinity":41,"f:143:12:143:13":5,"s:143:31:143:40":42,"f:144:9:144:10":6,"s:144:21:144:25":43,"b:146:2:150:Infinity:148:9:150:Infinity":21,"s:146:2:150:Infinity":44,"s:147:4:147:Infinity":45,"s:149:4:149:Infinity":46}}}
,"C:\\scratchpad\\purple-glow-social-2.0\\lib\\config\\urls.ts": {"path":"C:\\scratchpad\\purple-glow-social-2.0\\lib\\config\\urls.ts","statementMap":{"0":{"start":{"line":20,"column":2},"end":{"line":22,"column":null}},"1":{"start":{"line":21,"column":4},"end":{"line":21,"column":null}},"2":{"start":{"line":25,"column":2},"end":{"line":27,"column":null}},"3":{"start":{"line":26,"column":4},"end":{"line":26,"column":null}},"4":{"start":{"line":30,"column":2},"end":{"line":30,"column":null}},"5":{"start":{"line":37,"column":2},"end":{"line":37,"column":null}},"6":{"start":{"line":47,"column":15},"end":{"line":47,"column":null}},"7":{"start":{"line":48,"column":25},"end":{"line":48,"column":null}},"8":{"start":{"line":49,"column":2},"end":{"line":49,"column":null}},"9":{"start":{"line":59,"column":49},"end":{"line":65,"column":null}},"10":{"start":{"line":68,"column":2},"end":{"line":74,"column":null}},"11":{"start":{"line":69,"column":30},"end":{"line":72,"column":null}},"12":{"start":{"line":71,"column":21},"end":{"line":71,"column":34}},"13":{"start":{"line":73,"column":4},"end":{"line":73,"column":null}},"14":{"start":{"line":77,"column":24},"end":{"line":79,"column":null}},"15":{"start":{"line":78,"column":49},"end":{"line":78,"column":64}},"16":{"start":{"line":81,"column":2},"end":{"line":81,"column":null}}},"fnMap":{"0":{"name":"getBaseUrl","decl":{"start":{"line":18,"column":16},"end":{"line":18,"column":37}},"loc":{"start":{"line":18,"column":37},"end":{"line":31,"column":null}},"line":18},"1":{"name":"getApiBaseUrl","decl":{"start":{"line":36,"column":16},"end":{"line":36,"column":40}},"loc":{"start":{"line":36,"column":40},"end":{"line":38,"column":null}},"line":36},"2":{"name":"buildUrl","decl":{"start":{"line":46,"column":16},"end":{"line":46,"column":25}},"loc":{"start":{"line":46,"column":47},"end":{"line":50,"column":null}},"line":46},"3":{"name":"getTrustedOrigins","decl":{"start":{"line":58,"column":16},"end":{"line":58,"column":46}},"loc":{"start":{"line":58,"column":46},"end":{"line":82,"column":null}},"line":58},"4":{"name":"(anonymous_4)","decl":{"start":{"line":71,"column":11},"end":{"line":71,"column":21}},"loc":{"start":{"line":71,"column":21},"end":{"line":71,"column":34}},"line":71},"5":{"name":"(anonymous_5)","decl":{"start":{"line":78,"column":19},"end":{"line":78,"column":20}},"loc":{"start":{"line":78,"column":49},"end":{"line":78,"column":64}},"line":78}},"branchMap":{"0":{"loc":{"start":{"line":20,"column":2},"end":{"line":22,"column":null}},"type":"if","locations":[{"start":{"line":20,"column":2},"end":{"line":22,"column":null}},{"start":{},"end":{}}],"line":20},"1":{"loc":{"start":{"line":25,"column":2},"end":{"line":27,"column":null}},"type":"if","locations":[{"start":{"line":25,"column":2},"end":{"line":27,"column":null}},{"start":{},"end":{}}],"line":25},"2":{"loc":{"start":{"line":48,"column":25},"end":{"line":48,"column":null}},"type":"cond-expr","locations":[{"start":{"line":48,"column":48},"end":{"line":48,"column":55}},{"start":{"line":48,"column":55},"end":{"line":48,"column":null}}],"line":48},"3":{"loc":{"start":{"line":63,"column":4},"end":{"line":63,"column":null}},"type":"cond-expr","locations":[{"start":{"line":63,"column":29},"end":{"line":63,"column":67}},{"start":{"line":63,"column":67},"end":{"line":63,"column":null}}],"line":63},"4":{"loc":{"start":{"line":68,"column":2},"end":{"line":74,"column":null}},"type":"if","locations":[{"start":{"line":68,"column":2},"end":{"line":74,"column":null}},{"start":{},"end":{}}],"line":68}},"s":{"0":0,"1":0,"2":0,"3":0,"4":0,"5":0,"6":0,"7":0,"8":0,"9":1,"10":1,"11":0,"12":0,"13":0,"14":1,"15":5,"16":1},"f":{"0":0,"1":0,"2":0,"3":1,"4":0,"5":5},"b":{"0":[0,0],"1":[0,0],"2":[0,0],"3":[0,1],"4":[0,1]},"meta":{"lastBranch":5,"lastFunction":6,"lastStatement":17,"seen":{"f:18:16:18:37":0,"b:20:2:22:Infinity:undefined:undefined:undefined:undefined":0,"s:20:2:22:Infinity":0,"s:21:4:21:Infinity":1,"b:25:2:27:Infinity:undefined:undefined:undefined:undefined":1,"s:25:2:27:Infinity":2,"s:26:4:26:Infinity":3,"s:30:2:30:Infinity":4,"f:36:16:36:40":1,"s:37:2:37:Infinity":5,"f:46:16:46:25":2,"s:47:15:47:Infinity":6,"s:48:25:48:Infinity":7,"b:48:48:48:55:48:55:48:Infinity":2,"s:49:2:49:Infinity":8,"f:58:16:58:46":3,"s:59:49:65:Infinity":9,"b:63:29:63:67:63:67:63:Infinity":3,"b:68:2:74:Infinity:undefined:undefined:undefined:undefined":4,"s:68:2:74:Infinity":10,"s:69:30:72:Infinity":11,"f:71:11:71:21":4,"s:71:21:71:34":12,"s:73:4:73:Infinity":13,"s:77:24:79:Infinity":14,"f:78:19:78:20":5,"s:78:49:78:64":15,"s:81:2:81:Infinity":16}}}
,"C:\\scratchpad\\purple-glow-social-2.0\\lib\\monitoring\\performance.ts": {"path":"C:\\scratchpad\\purple-glow-social-2.0\\lib\\monitoring\\performance.ts","statementMap":{"0":{"start":{"line":19,"column":43},"end":{"line":19,"column":null}},"1":{"start":{"line":20,"column":24},"end":{"line":20,"column":null}},"2":{"start":{"line":27,"column":2},"end":{"line":27,"column":null}},"3":{"start":{"line":30,"column":2},"end":{"line":32,"column":null}},"4":{"start":{"line":31,"column":4},"end":{"line":31,"column":null}},"5":{"start":{"line":35,"column":2},"end":{"line":50,"column":null}},"6":{"start":{"line":36,"column":4},"end":{"line":36,"column":null}},"7":{"start":{"line":39,"column":4},"end":{"line":49,"column":null}},"8":{"start":{"line":57,"column":20},"end":{"line":57,"column":null}},"9":{"start":{"line":59,"column":2},"end":{"line":73,"column":null}},"10":{"start":{"line":61,"column":23},"end":{"line":61,"column":null}},"11":{"start":{"line":63,"column":6},"end":{"line":69,"column":null}},"12":{"start":{"line":71,"column":6},"end":{"line":71,"column":null}},"13":{"start":{"line":84,"column":2},"end":{"line":94,"column":null}},"14":{"start":{"line":85,"column":18},"end":{"line":85,"column":null}},"15":{"start":{"line":86,"column":4},"end":{"line":93,"column":null}},"16":{"start":{"line":87,"column":21},"end":{"line":87,"column":null}},"17":{"start":{"line":88,"column":6},"end":{"line":88,"column":null}},"18":{"start":{"line":89,"column":6},"end":{"line":89,"column":null}},"19":{"start":{"line":91,"column":6},"end":{"line":91,"column":null}},"20":{"start":{"line":92,"column":6},"end":{"line":92,"column":null}},"21":{"start":{"line":101,"column":2},"end":{"line":110,"column":null}},"22":{"start":{"line":117,"column":2},"end":{"line":125,"column":null}},"23":{"start":{"line":132,"column":2},"end":{"line":144,"column":null}},"24":{"start":{"line":151,"column":2},"end":{"line":153,"column":null}},"25":{"start":{"line":152,"column":17},"end":{"line":152,"column":59}},"26":{"start":{"line":160,"column":18},"end":{"line":160,"column":null}},"27":{"start":{"line":161,"column":2},"end":{"line":161,"column":null}},"28":{"start":{"line":161,"column":28},"end":{"line":161,"column":null}},"29":{"start":{"line":163,"column":16},"end":{"line":163,"column":null}},"30":{"start":{"line":163,"column":43},"end":{"line":163,"column":61}},"31":{"start":{"line":164,"column":2},"end":{"line":164,"column":null}},"32":{"start":{"line":171,"column":81},"end":{"line":171,"column":null}},"33":{"start":{"line":173,"column":2},"end":{"line":180,"column":null}},"34":{"start":{"line":174,"column":4},"end":{"line":176,"column":null}},"35":{"start":{"line":175,"column":6},"end":{"line":175,"column":null}},"36":{"start":{"line":177,"column":4},"end":{"line":177,"column":null}},"37":{"start":{"line":178,"column":4},"end":{"line":178,"column":null}},"38":{"start":{"line":179,"column":4},"end":{"line":179,"column":null}},"39":{"start":{"line":182,"column":78},"end":{"line":182,"column":null}},"40":{"start":{"line":183,"column":2},"end":{"line":189,"column":null}},"41":{"start":{"line":184,"column":4},"end":{"line":188,"column":null}},"42":{"start":{"line":191,"column":2},"end":{"line":191,"column":null}}},"fnMap":{"0":{"name":"trackMetric","decl":{"start":{"line":25,"column":16},"end":{"line":25,"column":28}},"loc":{"start":{"line":25,"column":55},"end":{"line":51,"column":null}},"line":25},"1":{"name":"createTimer","decl":{"start":{"line":56,"column":16},"end":{"line":56,"column":28}},"loc":{"start":{"line":56,"column":73},"end":{"line":74,"column":null}},"line":56},"2":{"name":"(anonymous_2)","decl":{"start":{"line":60,"column":10},"end":{"line":60,"column":11}},"loc":{"start":{"line":60,"column":46},"end":{"line":72,"column":null}},"line":60},"3":{"name":"withPerformanceTracking","decl":{"start":{"line":79,"column":16},"end":{"line":79,"column":null}},"loc":{"start":{"line":83,"column":5},"end":{"line":95,"column":null}},"line":83},"4":{"name":"(anonymous_4)","decl":{"start":{"line":84,"column":10},"end":{"line":84,"column":20}},"loc":{"start":{"line":84,"column":44},"end":{"line":94,"column":null}},"line":84},"5":{"name":"trackApiEndpoint","decl":{"start":{"line":100,"column":16},"end":{"line":100,"column":33}},"loc":{"start":{"line":100,"column":105},"end":{"line":111,"column":null}},"line":100},"6":{"name":"trackDatabaseQuery","decl":{"start":{"line":116,"column":16},"end":{"line":116,"column":35}},"loc":{"start":{"line":116,"column":83},"end":{"line":126,"column":null}},"line":116},"7":{"name":"trackAIGeneration","decl":{"start":{"line":131,"column":16},"end":{"line":131,"column":34}},"loc":{"start":{"line":131,"column":115},"end":{"line":145,"column":null}},"line":131},"8":{"name":"getRecentMetrics","decl":{"start":{"line":150,"column":16},"end":{"line":150,"column":33}},"loc":{"start":{"line":150,"column":89},"end":{"line":154,"column":null}},"line":150},"9":{"name":"(anonymous_9)","decl":{"start":{"line":152,"column":12},"end":{"line":152,"column":17}},"loc":{"start":{"line":152,"column":17},"end":{"line":152,"column":59}},"line":152},"10":{"name":"getAverageDuration","decl":{"start":{"line":159,"column":16},"end":{"line":159,"column":35}},"loc":{"start":{"line":159,"column":57},"end":{"line":165,"column":null}},"line":159},"11":{"name":"(anonymous_11)","decl":{"start":{"line":163,"column":31},"end":{"line":163,"column":32}},"loc":{"start":{"line":163,"column":43},"end":{"line":163,"column":61}},"line":163},"12":{"name":"getPerformanceSummary","decl":{"start":{"line":170,"column":16},"end":{"line":170,"column":101}},"loc":{"start":{"line":170,"column":101},"end":{"line":192,"column":null}},"line":170}},"branchMap":{"0":{"loc":{"start":{"line":30,"column":2},"end":{"line":32,"column":null}},"type":"if","locations":[{"start":{"line":30,"column":2},"end":{"line":32,"column":null}},{"start":{},"end":{}}],"line":30},"1":{"loc":{"start":{"line":35,"column":2},"end":{"line":50,"column":null}},"type":"if","locations":[{"start":{"line":35,"column":2},"end":{"line":50,"column":null}},{"start":{},"end":{}}],"line":35},"2":{"loc":{"start":{"line":123,"column":17},"end":{"line":123,"column":null}},"type":"binary-expr","locations":[{"start":{"line":123,"column":17},"end":{"line":123,"column":55}},{"start":{"line":123,"column":55},"end":{"line":123,"column":null}}],"line":123},"3":{"loc":{"start":{"line":150,"column":47},"end":{"line":150,"column":89}},"type":"default-arg","locations":[{"start":{"line":150,"column":63},"end":{"line":150,"column":89}}],"line":150},"4":{"loc":{"start":{"line":152,"column":17},"end":{"line":152,"column":59}},"type":"binary-expr","locations":[{"start":{"line":152,"column":17},"end":{"line":152,"column":36}},{"start":{"line":152,"column":36},"end":{"line":152,"column":59}}],"line":152},"5":{"loc":{"start":{"line":161,"column":2},"end":{"line":161,"column":null}},"type":"if","locations":[{"start":{"line":161,"column":2},"end":{"line":161,"column":null}},{"start":{},"end":{}}],"line":161},"6":{"loc":{"start":{"line":174,"column":4},"end":{"line":176,"column":null}},"type":"if","locations":[{"start":{"line":174,"column":4},"end":{"line":176,"column":null}},{"start":{},"end":{}}],"line":174}},"s":{"0":1,"1":1,"2":16,"3":16,"4":0,"5":16,"6":1,"7":1,"8":2,"9":2,"10":2,"11":2,"12":2,"13":0,"14":0,"15":0,"16":0,"17":0,"18":0,"19":0,"20":0,"21":2,"22":2,"23":1,"24":5,"25":40,"26":2,"27":2,"28":1,"29":1,"30":3,"31":1,"32":1,"33":1,"34":16,"35":9,"36":16,"37":16,"38":16,"39":1,"40":1,"41":9,"42":1},"f":{"0":16,"1":2,"2":2,"3":0,"4":0,"5":2,"6":2,"7":1,"8":5,"9":40,"10":2,"11":3,"12":1},"b":{"0":[0,16],"1":[1,15],"2":[2,0],"3":[5],"4":[40,37],"5":[1,1],"6":[9,7]},"meta":{"lastBranch":7,"lastFunction":13,"lastStatement":43,"seen":{"s:19:43:19:Infinity":0,"s:20:24:20:Infinity":1,"f:25:16:25:28":0,"s:27:2:27:Infinity":2,"b:30:2:32:Infinity:undefined:undefined:undefined:undefined":0,"s:30:2:32:Infinity":3,"s:31:4:31:Infinity":4,"b:35:2:50:Infinity:undefined:undefined:undefined:undefined":1,"s:35:2:50:Infinity":5,"s:36:4:36:Infinity":6,"s:39:4:49:Infinity":7,"f:56:16:56:28":1,"s:57:20:57:Infinity":8,"s:59:2:73:Infinity":9,"f:60:10:60:11":2,"s:61:23:61:Infinity":10,"s:63:6:69:Infinity":11,"s:71:6:71:Infinity":12,"f:79:16:79:Infinity":3,"s:84:2:94:Infinity":13,"f:84:10:84:20":4,"s:85:18:85:Infinity":14,"s:86:4:93:Infinity":15,"s:87:21:87:Infinity":16,"s:88:6:88:Infinity":17,"s:89:6:89:Infinity":18,"s:91:6:91:Infinity":19,"s:92:6:92:Infinity":20,"f:100:16:100:33":5,"s:101:2:110:Infinity":21,"f:116:16:116:35":6,"s:117:2:125:Infinity":22,"b:123:17:123:55:123:55:123:Infinity":2,"f:131:16:131:34":7,"s:132:2:144:Infinity":23,"f:150:16:150:33":8,"b:150:63:150:89":3,"s:151:2:153:Infinity":24,"f:152:12:152:17":9,"s:152:17:152:59":25,"b:152:17:152:36:152:36:152:59":4,"f:159:16:159:35":10,"s:160:18:160:Infinity":26,"b:161:2:161:Infinity:undefined:undefined:undefined:undefined":5,"s:161:2:161:Infinity":27,"s:161:28:161:Infinity":28,"s:163:16:163:Infinity":29,"f:163:31:163:32":11,"s:163:43:163:61":30,"s:164:2:164:Infinity":31,"f:170:16:170:101":12,"s:171:81:171:Infinity":32,"s:173:2:180:Infinity":33,"b:174:4:176:Infinity:undefined:undefined:undefined:undefined":6,"s:174:4:176:Infinity":34,"s:175:6:175:Infinity":35,"s:177:4:177:Infinity":36,"s:178:4:178:Infinity":37,"s:179:4:179:Infinity":38,"s:182:78:182:Infinity":39,"s:183:2:189:Infinity":40,"s:184:4:188:Infinity":41,"s:191:2:191:Infinity":42}}}
,"C:\\scratchpad\\purple-glow-social-2.0\\lib\\monitoring\\track-event.ts": {"path":"C:\\scratchpad\\purple-glow-social-2.0\\lib\\monitoring\\track-event.ts","statementMap":{"0":{"start":{"line":22,"column":2},"end":{"line":22,"column":null}},"1":{"start":{"line":25,"column":2},"end":{"line":30,"column":null}},"2":{"start":{"line":39,"column":2},"end":{"line":47,"column":null}},"3":{"start":{"line":60,"column":2},"end":{"line":70,"column":null}},"4":{"start":{"line":81,"column":2},"end":{"line":89,"column":null}},"5":{"start":{"line":101,"column":2},"end":{"line":110,"column":null}},"6":{"start":{"line":123,"column":2},"end":{"line":133,"column":null}},"7":{"start":{"line":145,"column":2},"end":{"line":154,"column":null}},"8":{"start":{"line":166,"column":2},"end":{"line":175,"column":null}},"9":{"start":{"line":188,"column":2},"end":{"line":198,"column":null}},"10":{"start":{"line":201,"column":2},"end":{"line":211,"column":null}}},"fnMap":{"0":{"name":"trackEvent","decl":{"start":{"line":20,"column":16},"end":{"line":20,"column":27}},"loc":{"start":{"line":20,"column":46},"end":{"line":31,"column":null}},"line":20},"1":{"name":"trackAuth","decl":{"start":{"line":38,"column":16},"end":{"line":38,"column":26}},"loc":{"start":{"line":38,"column":101},"end":{"line":48,"column":null}},"line":38},"2":{"name":"trackContentGeneration","decl":{"start":{"line":53,"column":16},"end":{"line":53,"column":null}},"loc":{"start":{"line":59,"column":2},"end":{"line":71,"column":null}},"line":59},"3":{"name":"trackPostScheduled","decl":{"start":{"line":76,"column":16},"end":{"line":76,"column":null}},"loc":{"start":{"line":80,"column":2},"end":{"line":90,"column":null}},"line":80},"4":{"name":"trackPostPublished","decl":{"start":{"line":95,"column":16},"end":{"line":95,"column":null}},"loc":{"start":{"line":100,"column":2},"end":{"line":111,"column":null}},"line":100},"5":{"name":"trackPayment","decl":{"start":{"line":116,"column":16},"end":{"line":116,"column":null}},"loc":{"start":{"line":122,"column":2},"end":{"line":134,"column":null}},"line":122},"6":{"name":"trackOAuthConnection","decl":{"start":{"line":139,"column":16},"end":{"line":139,"column":null}},"loc":{"start":{"line":144,"column":2},"end":{"line":155,"column":null}},"line":144},"7":{"name":"trackFeatureUsage","decl":{"start":{"line":160,"column":16},"end":{"line":160,"column":null}},"loc":{"start":{"line":165,"column":2},"end":{"line":176,"column":null}},"line":165},"8":{"name":"trackApiError","decl":{"start":{"line":181,"column":16},"end":{"line":181,"column":null}},"loc":{"start":{"line":187,"column":2},"end":{"line":212,"column":null}},"line":187}},"branchMap":{"0":{"loc":{"start":{"line":29,"column":11},"end":{"line":29,"column":null}},"type":"cond-expr","locations":[{"start":{"line":29,"column":40},"end":{"line":29,"column":50}},{"start":{"line":29,"column":50},"end":{"line":29,"column":null}}],"line":29},"1":{"loc":{"start":{"line":102,"column":10},"end":{"line":102,"column":null}},"type":"cond-expr","locations":[{"start":{"line":102,"column":20},"end":{"line":102,"column":39}},{"start":{"line":102,"column":39},"end":{"line":102,"column":null}}],"line":102},"2":{"loc":{"start":{"line":103,"column":14},"end":{"line":103,"column":null}},"type":"cond-expr","locations":[{"start":{"line":103,"column":24},"end":{"line":103,"column":37}},{"start":{"line":103,"column":37},"end":{"line":103,"column":null}}],"line":103},"3":{"loc":{"start":{"line":147,"column":14},"end":{"line":147,"column":null}},"type":"cond-expr","locations":[{"start":{"line":147,"column":36},"end":{"line":147,"column":46}},{"start":{"line":147,"column":46},"end":{"line":147,"column":null}}],"line":147},"4":{"loc":{"start":{"line":202,"column":11},"end":{"line":202,"column":null}},"type":"cond-expr","locations":[{"start":{"line":202,"column":31},"end":{"line":202,"column":41}},{"start":{"line":202,"column":41},"end":{"line":202,"column":null}}],"line":202}},"s":{"0":15,"1":15,"2":2,"3":1,"4":1,"5":2,"6":2,"7":2,"8":1,"9":2,"10":2},"f":{"0":15,"1":2,"2":1,"3":1,"4":2,"5":2,"6":2,"7":1,"8":2},"b":{"0":[5,10],"1":[1,1],"2":[1,1],"3":[1,1],"4":[1,1]},"meta":{"lastBranch":5,"lastFunction":9,"lastStatement":11,"seen":{"f:20:16:20:27":0,"s:22:2:22:Infinity":0,"s:25:2:30:Infinity":1,"b:29:40:29:50:29:50:29:Infinity":0,"f:38:16:38:26":1,"s:39:2:47:Infinity":2,"f:53:16:53:Infinity":2,"s:60:2:70:Infinity":3,"f:76:16:76:Infinity":3,"s:81:2:89:Infinity":4,"f:95:16:95:Infinity":4,"s:101:2:110:Infinity":5,"b:102:20:102:39:102:39:102:Infinity":1,"b:103:24:103:37:103:37:103:Infinity":2,"f:116:16:116:Infinity":5,"s:123:2:133:Infinity":6,"f:139:16:139:Infinity":6,"s:145:2:154:Infinity":7,"b:147:36:147:46:147:46:147:Infinity":3,"f:160:16:160:Infinity":7,"s:166:2:175:Infinity":8,"f:181:16:181:Infinity":8,"s:188:2:198:Infinity":9,"s:201:2:211:Infinity":10,"b:202:31:202:41:202:41:202:Infinity":4}}}
,"C:\\scratchpad\\purple-glow-social-2.0\\lib\\security\\auth-utils.ts": {"path":"C:\\scratchpad\\purple-glow-social-2.0\\lib\\security\\auth-utils.ts","statementMap":{"0":{"start":{"line":14,"column":6},"end":{"line":14,"column":null}},"1":{"start":{"line":21,"column":2},"end":{"line":23,"column":null}},"2":{"start":{"line":22,"column":4},"end":{"line":22,"column":null}},"3":{"start":{"line":26,"column":2},"end":{"line":28,"column":null}},"4":{"start":{"line":27,"column":4},"end":{"line":27,"column":null}},"5":{"start":{"line":30,"column":2},"end":{"line":30,"column":null}},"6":{"start":{"line":41,"column":2},"end":{"line":73,"column":null}},"7":{"start":{"line":42,"column":20},"end":{"line":44,"column":null}},"8":{"start":{"line":46,"column":4},"end":{"line":54,"column":null}},"9":{"start":{"line":47,"column":6},"end":{"line":53,"column":null}},"10":{"start":{"line":56,"column":4},"end":{"line":63,"column":null}},"11":{"start":{"line":65,"column":4},"end":{"line":65,"column":null}},"12":{"start":{"line":66,"column":4},"end":{"line":72,"column":null}},"13":{"start":{"line":84,"column":21},"end":{"line":84,"column":null}},"14":{"start":{"line":86,"column":2},"end":{"line":91,"column":null}},"15":{"start":{"line":87,"column":4},"end":{"line":90,"column":null}},"16":{"start":{"line":93,"column":2},"end":{"line":101,"column":null}},"17":{"start":{"line":94,"column":4},"end":{"line":100,"column":null}},"18":{"start":{"line":103,"column":2},"end":{"line":106,"column":null}},"19":{"start":{"line":113,"column":2},"end":{"line":118,"column":null}},"20":{"start":{"line":125,"column":2},"end":{"line":144,"column":null}},"21":{"start":{"line":126,"column":19},"end":{"line":126,"column":null}},"22":{"start":{"line":129,"column":4},"end":{"line":131,"column":null}},"23":{"start":{"line":130,"column":6},"end":{"line":130,"column":null}},"24":{"start":{"line":134,"column":20},"end":{"line":136,"column":null}},"25":{"start":{"line":138,"column":20},"end":{"line":138,"column":null}},"26":{"start":{"line":140,"column":4},"end":{"line":140,"column":null}},"27":{"start":{"line":143,"column":4},"end":{"line":143,"column":null}},"28":{"start":{"line":151,"column":16},"end":{"line":151,"column":null}},"29":{"start":{"line":152,"column":16},"end":{"line":152,"column":null}},"30":{"start":{"line":153,"column":2},"end":{"line":153,"column":null}},"31":{"start":{"line":155,"column":2},"end":{"line":155,"column":null}},"32":{"start":{"line":155,"column":35},"end":{"line":155,"column":61}},"33":{"start":{"line":162,"column":2},"end":{"line":164,"column":null}},"34":{"start":{"line":163,"column":4},"end":{"line":163,"column":null}},"35":{"start":{"line":166,"column":16},"end":{"line":166,"column":null}},"36":{"start":{"line":167,"column":14},"end":{"line":167,"column":null}},"37":{"start":{"line":168,"column":17},"end":{"line":168,"column":null}},"38":{"start":{"line":170,"column":2},"end":{"line":170,"column":null}}},"fnMap":{"0":{"name":"isAdmin","decl":{"start":{"line":19,"column":16},"end":{"line":19,"column":24}},"loc":{"start":{"line":19,"column":48},"end":{"line":31,"column":null}},"line":19},"1":{"name":"requireAuth","decl":{"start":{"line":36,"column":22},"end":{"line":36,"column":34}},"loc":{"start":{"line":40,"column":3},"end":{"line":74,"column":null}},"line":40},"2":{"name":"requireAdmin","decl":{"start":{"line":79,"column":22},"end":{"line":79,"column":35}},"loc":{"start":{"line":83,"column":3},"end":{"line":107,"column":null}},"line":83},"3":{"name":"sanitizeInput","decl":{"start":{"line":112,"column":16},"end":{"line":112,"column":30}},"loc":{"start":{"line":112,"column":53},"end":{"line":119,"column":null}},"line":112},"4":{"name":"isSafeRedirectUrl","decl":{"start":{"line":124,"column":16},"end":{"line":124,"column":34}},"loc":{"start":{"line":124,"column":85},"end":{"line":145,"column":null}},"line":124},"5":{"name":"generateSecureToken","decl":{"start":{"line":150,"column":16},"end":{"line":150,"column":36}},"loc":{"start":{"line":150,"column":65},"end":{"line":156,"column":null}},"line":150},"6":{"name":"(anonymous_6)","decl":{"start":{"line":155,"column":27},"end":{"line":155,"column":35}},"loc":{"start":{"line":155,"column":35},"end":{"line":155,"column":61}},"line":155},"7":{"name":"maskSensitiveData","decl":{"start":{"line":161,"column":16},"end":{"line":161,"column":34}},"loc":{"start":{"line":161,"column":82},"end":{"line":171,"column":null}},"line":161}},"branchMap":{"0":{"loc":{"start":{"line":14,"column":22},"end":{"line":14,"column":54}},"type":"binary-expr","locations":[{"start":{"line":14,"column":22},"end":{"line":14,"column":50}},{"start":{"line":14,"column":50},"end":{"line":14,"column":54}}],"line":14},"1":{"loc":{"start":{"line":21,"column":2},"end":{"line":23,"column":null}},"type":"if","locations":[{"start":{"line":21,"column":2},"end":{"line":23,"column":null}},{"start":{},"end":{}}],"line":21},"2":{"loc":{"start":{"line":26,"column":2},"end":{"line":28,"column":null}},"type":"if","locations":[{"start":{"line":26,"column":2},"end":{"line":28,"column":null}},{"start":{},"end":{}}],"line":26},"3":{"loc":{"start":{"line":46,"column":4},"end":{"line":54,"column":null}},"type":"if","locations":[{"start":{"line":46,"column":4},"end":{"line":54,"column":null}},{"start":{},"end":{}}],"line":46},"4":{"loc":{"start":{"line":61,"column":14},"end":{"line":61,"column":null}},"type":"binary-expr","locations":[{"start":{"line":61,"column":14},"end":{"line":61,"column":35}},{"start":{"line":61,"column":35},"end":{"line":61,"column":null}}],"line":61},"5":{"loc":{"start":{"line":86,"column":2},"end":{"line":91,"column":null}},"type":"if","locations":[{"start":{"line":86,"column":2},"end":{"line":91,"column":null}},{"start":{},"end":{}}],"line":86},"6":{"loc":{"start":{"line":93,"column":2},"end":{"line":101,"column":null}},"type":"if","locations":[{"start":{"line":93,"column":2},"end":{"line":101,"column":null}},{"start":{},"end":{}}],"line":93},"7":{"loc":{"start":{"line":93,"column":6},"end":{"line":93,"column":59}},"type":"binary-expr","locations":[{"start":{"line":93,"column":6},"end":{"line":93,"column":26}},{"start":{"line":93,"column":26},"end":{"line":93,"column":59}}],"line":93},"8":{"loc":{"start":{"line":124,"column":47},"end":{"line":124,"column":85}},"type":"default-arg","locations":[{"start":{"line":124,"column":72},"end":{"line":124,"column":85}}],"line":124},"9":{"loc":{"start":{"line":129,"column":4},"end":{"line":131,"column":null}},"type":"if","locations":[{"start":{"line":129,"column":4},"end":{"line":131,"column":null}},{"start":{},"end":{}}],"line":129},"10":{"loc":{"start":{"line":134,"column":20},"end":{"line":136,"column":null}},"type":"cond-expr","locations":[{"start":{"line":135,"column":8},"end":{"line":135,"column":null}},{"start":{"line":136,"column":8},"end":{"line":136,"column":null}}],"line":134},"11":{"loc":{"start":{"line":143,"column":11},"end":{"line":143,"column":null}},"type":"binary-expr","locations":[{"start":{"line":143,"column":11},"end":{"line":143,"column":34}},{"start":{"line":143,"column":34},"end":{"line":143,"column":null}}],"line":143},"12":{"loc":{"start":{"line":150,"column":36},"end":{"line":150,"column":65}},"type":"default-arg","locations":[{"start":{"line":150,"column":53},"end":{"line":150,"column":65}}],"line":150},"13":{"loc":{"start":{"line":161,"column":48},"end":{"line":161,"column":82}},"type":"default-arg","locations":[{"start":{"line":161,"column":71},"end":{"line":161,"column":82}}],"line":161},"14":{"loc":{"start":{"line":162,"column":2},"end":{"line":164,"column":null}},"type":"if","locations":[{"start":{"line":162,"column":2},"end":{"line":164,"column":null}},{"start":{},"end":{}}],"line":162}},"s":{"0":1,"1":4,"2":0,"3":4,"4":2,"5":2,"6":0,"7":0,"8":0,"9":0,"10":0,"11":0,"12":0,"13":0,"14":0,"15":0,"16":0,"17":0,"18":0,"19":5,"20":4,"21":4,"22":4,"23":0,"24":1,"25":4,"26":4,"27":3,"28":105,"29":105,"30":105,"31":105,"32":3444,"33":5,"34":3,"35":2,"36":2,"37":2,"38":2},"f":{"0":4,"1":0,"2":0,"3":5,"4":4,"5":105,"6":3444,"7":5},"b":{"0":[1,1],"1":[0,4],"2":[2,2],"3":[0,0],"4":[0,0],"5":[0,0],"6":[0,0],"7":[0,0],"8":[4],"9":[0,4],"10":[0,1],"11":[3,3],"12":[105],"13":[5],"14":[3,2]},"meta":{"lastBranch":15,"lastFunction":8,"lastStatement":39,"seen":{"s:14:6:14:Infinity":0,"b:14:22:14:50:14:50:14:54":0,"f:19:16:19:24":0,"b:21:2:23:Infinity:undefined:undefined:undefined:undefined":1,"s:21:2:23:Infinity":1,"s:22:4:22:Infinity":2,"b:26:2:28:Infinity:undefined:undefined:undefined:undefined":2,"s:26:2:28:Infinity":3,"s:27:4:27:Infinity":4,"s:30:2:30:Infinity":5,"f:36:22:36:34":1,"s:41:2:73:Infinity":6,"s:42:20:44:Infinity":7,"b:46:4:54:Infinity:undefined:undefined:undefined:undefined":3,"s:46:4:54:Infinity":8,"s:47:6:53:Infinity":9,"s:56:4:63:Infinity":10,"b:61:14:61:35:61:35:61:Infinity":4,"s:65:4:65:Infinity":11,"s:66:4:72:Infinity":12,"f:79:22:79:35":2,"s:84:21:84:Infinity":13,"b:86:2:91:Infinity:undefined:undefined:undefined:undefined":5,"s:86:2:91:Infinity":14,"s:87:4:90:Infinity":15,"b:93:2:101:Infinity:undefined:undefined:undefined:undefined":6,"s:93:2:101:Infinity":16,"b:93:6:93:26:93:26:93:59":7,"s:94:4:100:Infinity":17,"s:103:2:106:Infinity":18,"f:112:16:112:30":3,"s:113:2:118:Infinity":19,"f:124:16:124:34":4,"b:124:72:124:85":8,"s:125:2:144:Infinity":20,"s:126:19:126:Infinity":21,"b:129:4:131:Infinity:undefined:undefined:undefined:undefined":9,"s:129:4:131:Infinity":22,"s:130:6:130:Infinity":23,"s:134:20:136:Infinity":24,"b:135:8:135:Infinity:136:8:136:Infinity":10,"s:138:20:138:Infinity":25,"s:140:4:140:Infinity":26,"s:143:4:143:Infinity":27,"b:143:11:143:34:143:34:143:Infinity":11,"f:150:16:150:36":5,"b:150:53:150:65":12,"s:151:16:151:Infinity":28,"s:152:16:152:Infinity":29,"s:153:2:153:Infinity":30,"s:155:2:155:Infinity":31,"f:155:27:155:35":6,"s:155:35:155:61":32,"f:161:16:161:34":7,"b:161:71:161:82":13,"b:162:2:164:Infinity:undefined:undefined:undefined:undefined":14,"s:162:2:164:Infinity":33,"s:163:4:163:Infinity":34,"s:166:16:166:Infinity":35,"s:167:14:167:Infinity":36,"s:168:17:168:Infinity":37,"s:170:2:170:Infinity":38}}}
,"C:\\scratchpad\\purple-glow-social-2.0\\lib\\security\\validation.ts": {"path":"C:\\scratchpad\\purple-glow-social-2.0\\lib\\security\\validation.ts","statementMap":{"0":{"start":{"line":10,"column":23},"end":{"line":10,"column":null}},"1":{"start":{"line":11,"column":19},"end":{"line":11,"column":null}},"2":{"start":{"line":12,"column":19},"end":{"line":12,"column":null}},"3":{"start":{"line":15,"column":23},"end":{"line":17,"column":null}},"4":{"start":{"line":22,"column":39},"end":{"line":30,"column":null}},"5":{"start":{"line":37,"column":26},"end":{"line":46,"column":null}},"6":{"start":{"line":53,"column":36},"end":{"line":60,"column":null}},"7":{"start":{"line":67,"column":33},"end":{"line":72,"column":null}},"8":{"start":{"line":79,"column":37},"end":{"line":84,"column":null}},"9":{"start":{"line":91,"column":30},"end":{"line":95,"column":null}},"10":{"start":{"line":102,"column":32},"end":{"line":106,"column":null}},"11":{"start":{"line":117,"column":17},"end":{"line":117,"column":null}},"12":{"start":{"line":119,"column":2},"end":{"line":121,"column":null}},"13":{"start":{"line":120,"column":4},"end":{"line":120,"column":null}},"14":{"start":{"line":123,"column":2},"end":{"line":123,"column":null}},"15":{"start":{"line":133,"column":2},"end":{"line":139,"column":null}},"16":{"start":{"line":135,"column":39},"end":{"line":138,"column":6}}},"fnMap":{"0":{"name":"validateRequest","decl":{"start":{"line":113,"column":16},"end":{"line":113,"column":null}},"loc":{"start":{"line":116,"column":71},"end":{"line":124,"column":null}},"line":116},"1":{"name":"formatValidationErrors","decl":{"start":{"line":129,"column":16},"end":{"line":129,"column":39}},"loc":{"start":{"line":132,"column":2},"end":{"line":140,"column":null}},"line":132},"2":{"name":"(anonymous_2)","decl":{"start":{"line":135,"column":31},"end":{"line":135,"column":39}},"loc":{"start":{"line":135,"column":39},"end":{"line":138,"column":6}},"line":135}},"branchMap":{"0":{"loc":{"start":{"line":119,"column":2},"end":{"line":121,"column":null}},"type":"if","locations":[{"start":{"line":119,"column":2},"end":{"line":121,"column":null}},{"start":{},"end":{}}],"line":119}},"s":{"0":1,"1":1,"2":1,"3":1,"4":1,"5":1,"6":1,"7":1,"8":1,"9":1,"10":1,"11":29,"12":29,"13":20,"14":9,"15":1,"16":3},"f":{"0":29,"1":1,"2":3},"b":{"0":[20,9]},"meta":{"lastBranch":1,"lastFunction":3,"lastStatement":17,"seen":{"s:10:23:10:Infinity":0,"s:11:19:11:Infinity":1,"s:12:19:12:Infinity":2,"s:15:23:17:Infinity":3,"s:22:39:30:Infinity":4,"s:37:26:46:Infinity":5,"s:53:36:60:Infinity":6,"s:67:33:72:Infinity":7,"s:79:37:84:Infinity":8,"s:91:30:95:Infinity":9,"s:102:32:106:Infinity":10,"f:113:16:113:Infinity":0,"s:117:17:117:Infinity":11,"b:119:2:121:Infinity:undefined:undefined:undefined:undefined":0,"s:119:2:121:Infinity":12,"s:120:4:120:Infinity":13,"s:123:2:123:Infinity":14,"f:129:16:129:39":1,"s:133:2:139:Infinity":15,"f:135:31:135:39":2,"s:135:39:138:6":16}}}
,"C:\\scratchpad\\purple-glow-social-2.0\\lib\\tiers\\config.ts": {"path":"C:\\scratchpad\\purple-glow-social-2.0\\lib\\tiers\\config.ts","statementMap":{"0":{"start":{"line":6,"column":57},"end":{"line":43,"column":null}},"1":{"start":{"line":46,"column":53},"end":{"line":77,"column":null}},"2":{"start":{"line":81,"column":2},"end":{"line":81,"column":null}},"3":{"start":{"line":86,"column":2},"end":{"line":86,"column":null}},"4":{"start":{"line":91,"column":2},"end":{"line":91,"column":null}},"5":{"start":{"line":91,"column":26},"end":{"line":91,"column":null}},"6":{"start":{"line":92,"column":22},"end":{"line":92,"column":null}},"7":{"start":{"line":93,"column":2},"end":{"line":93,"column":null}},"8":{"start":{"line":97,"column":38},"end":{"line":102,"column":null}},"9":{"start":{"line":105,"column":25},"end":{"line":105,"column":null}}},"fnMap":{"0":{"name":"getTierLimits","decl":{"start":{"line":80,"column":16},"end":{"line":80,"column":30}},"loc":{"start":{"line":80,"column":58},"end":{"line":82,"column":null}},"line":80},"1":{"name":"getTierInfo","decl":{"start":{"line":85,"column":16},"end":{"line":85,"column":28}},"loc":{"start":{"line":85,"column":54},"end":{"line":87,"column":null}},"line":85},"2":{"name":"formatPrice","decl":{"start":{"line":90,"column":16},"end":{"line":90,"column":28}},"loc":{"start":{"line":90,"column":58},"end":{"line":94,"column":null}},"line":90}},"branchMap":{"0":{"loc":{"start":{"line":91,"column":2},"end":{"line":91,"column":null}},"type":"if","locations":[{"start":{"line":91,"column":2},"end":{"line":91,"column":null}},{"start":{},"end":{}}],"line":91}},"s":{"0":1,"1":1,"2":40,"3":0,"4":5,"5":1,"6":4,"7":4,"8":1,"9":1},"f":{"0":40,"1":0,"2":5},"b":{"0":[1,4]},"meta":{"lastBranch":1,"lastFunction":3,"lastStatement":10,"seen":{"s:6:57:43:Infinity":0,"s:46:53:77:Infinity":1,"f:80:16:80:30":0,"s:81:2:81:Infinity":2,"f:85:16:85:28":1,"s:86:2:86:Infinity":3,"f:90:16:90:28":2,"b:91:2:91:Infinity:undefined:undefined:undefined:undefined":0,"s:91:2:91:Infinity":4,"s:91:26:91:Infinity":5,"s:92:22:92:Infinity":6,"s:93:2:93:Infinity":7,"s:97:38:102:Infinity":8,"s:105:25:105:Infinity":9}}}
,"C:\\scratchpad\\purple-glow-social-2.0\\lib\\tiers\\validation.ts": {"path":"C:\\scratchpad\\purple-glow-social-2.0\\lib\\tiers\\validation.ts","statementMap":{"0":{"start":{"line":12,"column":8},"end":{"line":12,"column":null}},"1":{"start":{"line":13,"column":29},"end":{"line":13,"column":null}},"2":{"start":{"line":14,"column":23},"end":{"line":14,"column":null}},"3":{"start":{"line":14,"column":88},"end":{"line":14,"column":101}},"4":{"start":{"line":17,"column":2},"end":{"line":24,"column":null}},"5":{"start":{"line":18,"column":4},"end":{"line":23,"column":null}},"6":{"start":{"line":27,"column":2},"end":{"line":34,"column":null}},"7":{"start":{"line":28,"column":4},"end":{"line":33,"column":null}},"8":{"start":{"line":36,"column":2},"end":{"line":40,"column":null}},"9":{"start":{"line":49,"column":8},"end":{"line":49,"column":null}},"10":{"start":{"line":52,"column":2},"end":{"line":59,"column":null}},"11":{"start":{"line":53,"column":4},"end":{"line":58,"column":null}},"12":{"start":{"line":62,"column":14},"end":{"line":62,"column":null}},"13":{"start":{"line":63,"column":24},"end":{"line":63,"column":null}},"14":{"start":{"line":65,"column":2},"end":{"line":72,"column":null}},"15":{"start":{"line":66,"column":4},"end":{"line":71,"column":null}},"16":{"start":{"line":74,"column":2},"end":{"line":78,"column":null}},"17":{"start":{"line":86,"column":8},"end":{"line":86,"column":null}},"18":{"start":{"line":88,"column":2},"end":{"line":95,"column":null}},"19":{"start":{"line":89,"column":4},"end":{"line":94,"column":null}},"20":{"start":{"line":97,"column":2},"end":{"line":101,"column":null}},"21":{"start":{"line":110,"column":8},"end":{"line":110,"column":null}},"22":{"start":{"line":111,"column":29},"end":{"line":111,"column":null}},"23":{"start":{"line":113,"column":2},"end":{"line":120,"column":null}},"24":{"start":{"line":114,"column":4},"end":{"line":119,"column":null}},"25":{"start":{"line":122,"column":2},"end":{"line":126,"column":null}},"26":{"start":{"line":134,"column":8},"end":{"line":134,"column":null}},"27":{"start":{"line":136,"column":2},"end":{"line":143,"column":null}},"28":{"start":{"line":137,"column":4},"end":{"line":142,"column":null}},"29":{"start":{"line":145,"column":2},"end":{"line":152,"column":null}},"30":{"start":{"line":146,"column":4},"end":{"line":151,"column":null}},"31":{"start":{"line":154,"column":2},"end":{"line":158,"column":null}},"32":{"start":{"line":163,"column":8},"end":{"line":163,"column":null}},"33":{"start":{"line":164,"column":2},"end":{"line":164,"column":null}},"34":{"start":{"line":173,"column":27},"end":{"line":173,"column":null}},"35":{"start":{"line":175,"column":2},"end":{"line":182,"column":null}},"36":{"start":{"line":176,"column":4},"end":{"line":181,"column":null}},"37":{"start":{"line":184,"column":2},"end":{"line":188,"column":null}},"38":{"start":{"line":194,"column":2},"end":{"line":194,"column":null}}},"fnMap":{"0":{"name":"canConnect","decl":{"start":{"line":7,"column":16},"end":{"line":7,"column":null}},"loc":{"start":{"line":11,"column":20},"end":{"line":41,"column":null}},"line":11},"1":{"name":"(anonymous_1)","decl":{"start":{"line":14,"column":72},"end":{"line":14,"column":73}},"loc":{"start":{"line":14,"column":88},"end":{"line":14,"column":101}},"line":14},"2":{"name":"canSchedule","decl":{"start":{"line":44,"column":16},"end":{"line":44,"column":null}},"loc":{"start":{"line":48,"column":20},"end":{"line":79,"column":null}},"line":48},"3":{"name":"canGenerate","decl":{"start":{"line":82,"column":16},"end":{"line":82,"column":null}},"loc":{"start":{"line":85,"column":20},"end":{"line":102,"column":null}},"line":85},"4":{"name":"canPost","decl":{"start":{"line":105,"column":16},"end":{"line":105,"column":null}},"loc":{"start":{"line":109,"column":20},"end":{"line":127,"column":null}},"line":109},"5":{"name":"canUseAutomation","decl":{"start":{"line":130,"column":16},"end":{"line":130,"column":null}},"loc":{"start":{"line":133,"column":20},"end":{"line":159,"column":null}},"line":133},"6":{"name":"getLimit","decl":{"start":{"line":162,"column":16},"end":{"line":162,"column":25}},"loc":{"start":{"line":162,"column":109},"end":{"line":165,"column":null}},"line":162},"7":{"name":"hasEnoughCredits","decl":{"start":{"line":168,"column":16},"end":{"line":168,"column":null}},"loc":{"start":{"line":172,"column":20},"end":{"line":189,"column":null}},"line":172},"8":{"name":"calculatePostCredits","decl":{"start":{"line":192,"column":16},"end":{"line":192,"column":37}},"loc":{"start":{"line":192,"column":66},"end":{"line":195,"column":null}},"line":192}},"branchMap":{"0":{"loc":{"start":{"line":13,"column":29},"end":{"line":13,"column":null}},"type":"binary-expr","locations":[{"start":{"line":13,"column":29},"end":{"line":13,"column":69}},{"start":{"line":13,"column":69},"end":{"line":13,"column":null}}],"line":13},"1":{"loc":{"start":{"line":17,"column":2},"end":{"line":24,"column":null}},"type":"if","locations":[{"start":{"line":17,"column":2},"end":{"line":24,"column":null}},{"start":{},"end":{}}],"line":17},"2":{"loc":{"start":{"line":27,"column":2},"end":{"line":34,"column":null}},"type":"if","locations":[{"start":{"line":27,"column":2},"end":{"line":34,"column":null}},{"start":{},"end":{}}],"line":27},"3":{"loc":{"start":{"line":52,"column":2},"end":{"line":59,"column":null}},"type":"if","locations":[{"start":{"line":52,"column":2},"end":{"line":59,"column":null}},{"start":{},"end":{}}],"line":52},"4":{"loc":{"start":{"line":65,"column":2},"end":{"line":72,"column":null}},"type":"if","locations":[{"start":{"line":65,"column":2},"end":{"line":72,"column":null}},{"start":{},"end":{}}],"line":65},"5":{"loc":{"start":{"line":88,"column":2},"end":{"line":95,"column":null}},"type":"if","locations":[{"start":{"line":88,"column":2},"end":{"line":95,"column":null}},{"start":{},"end":{}}],"line":88},"6":{"loc":{"start":{"line":111,"column":29},"end":{"line":111,"column":null}},"type":"binary-expr","locations":[{"start":{"line":111,"column":29},"end":{"line":111,"column":92}},{"start":{"line":111,"column":92},"end":{"line":111,"column":null}}],"line":111},"7":{"loc":{"start":{"line":113,"column":2},"end":{"line":120,"column":null}},"type":"if","locations":[{"start":{"line":113,"column":2},"end":{"line":120,"column":null}},{"start":{},"end":{}}],"line":113},"8":{"loc":{"start":{"line":136,"column":2},"end":{"line":143,"column":null}},"type":"if","locations":[{"start":{"line":136,"column":2},"end":{"line":143,"column":null}},{"start":{},"end":{}}],"line":136},"9":{"loc":{"start":{"line":145,"column":2},"end":{"line":152,"column":null}},"type":"if","locations":[{"start":{"line":145,"column":2},"end":{"line":152,"column":null}},{"start":{},"end":{}}],"line":145},"10":{"loc":{"start":{"line":175,"column":2},"end":{"line":182,"column":null}},"type":"if","locations":[{"start":{"line":175,"column":2},"end":{"line":182,"column":null}},{"start":{},"end":{}}],"line":175}},"s":{"0":6,"1":6,"2":6,"3":8,"4":6,"5":3,"6":3,"7":0,"8":3,"9":10,"10":10,"11":2,"12":8,"13":8,"14":8,"15":1,"16":7,"17":9,"18":9,"19":2,"20":7,"21":5,"22":5,"23":5,"24":2,"25":3,"26":7,"27":7,"28":2,"29":5,"30":1,"31":4,"32":0,"33":0,"34":10,"35":10,"36":5,"37":5,"38":5},"f":{"0":6,"1":8,"2":10,"3":9,"4":5,"5":7,"6":0,"7":10,"8":5},"b":{"0":[6,1],"1":[3,3],"2":[0,3],"3":[2,8],"4":[1,7],"5":[2,7],"6":[5,0],"7":[2,3],"8":[2,5],"9":[1,4],"10":[5,5]},"meta":{"lastBranch":11,"lastFunction":9,"lastStatement":39,"seen":{"f:7:16:7:Infinity":0,"s:12:8:12:Infinity":0,"s:13:29:13:Infinity":1,"b:13:29:13:69:13:69:13:Infinity":0,"s:14:23:14:Infinity":2,"f:14:72:14:73":1,"s:14:88:14:101":3,"b:17:2:24:Infinity:undefined:undefined:undefined:undefined":1,"s:17:2:24:Infinity":4,"s:18:4:23:Infinity":5,"b:27:2:34:Infinity:undefined:undefined:undefined:undefined":2,"s:27:2:34:Infinity":6,"s:28:4:33:Infinity":7,"s:36:2:40:Infinity":8,"f:44:16:44:Infinity":2,"s:49:8:49:Infinity":9,"b:52:2:59:Infinity:undefined:undefined:undefined:undefined":3,"s:52:2:59:Infinity":10,"s:53:4:58:Infinity":11,"s:62:14:62:Infinity":12,"s:63:24:63:Infinity":13,"b:65:2:72:Infinity:undefined:undefined:undefined:undefined":4,"s:65:2:72:Infinity":14,"s:66:4:71:Infinity":15,"s:74:2:78:Infinity":16,"f:82:16:82:Infinity":3,"s:86:8:86:Infinity":17,"b:88:2:95:Infinity:undefined:undefined:undefined:undefined":5,"s:88:2:95:Infinity":18,"s:89:4:94:Infinity":19,"s:97:2:101:Infinity":20,"f:105:16:105:Infinity":4,"s:110:8:110:Infinity":21,"s:111:29:111:Infinity":22,"b:111:29:111:92:111:92:111:Infinity":6,"b:113:2:120:Infinity:undefined:undefined:undefined:undefined":7,"s:113:2:120:Infinity":23,"s:114:4:119:Infinity":24,"s:122:2:126:Infinity":25,"f:130:16:130:Infinity":5,"s:134:8:134:Infinity":26,"b:136:2:143:Infinity:undefined:undefined:undefined:undefined":8,"s:136:2:143:Infinity":27,"s:137:4:142:Infinity":28,"b:145:2:152:Infinity:undefined:undefined:undefined:undefined":9,"s:145:2:152:Infinity":29,"s:146:4:151:Infinity":30,"s:154:2:158:Infinity":31,"f:162:16:162:25":6,"s:163:8:163:Infinity":32,"s:164:2:164:Infinity":33,"f:168:16:168:Infinity":7,"s:173:27:173:Infinity":34,"b:175:2:182:Infinity:undefined:undefined:undefined:undefined":10,"s:175:2:182:Infinity":35,"s:176:4:181:Infinity":36,"s:184:2:188:Infinity":37,"f:192:16:192:37":8,"s:194:2:194:Infinity":38}}}
}
